0 verbose cli /data/data/com.termux/files/usr/bin/node /data/data/com.termux/files/usr/bin/npm
1 info using npm@10.9.2
2 info using node@v23.6.1
3 silly config load:file:/data/data/com.termux/files/usr/lib/node_modules/npm/npmrc
4 silly config load:file:/data/data/com.termux/files/home/bot/.npmrc
5 silly config load:file:/data/data/com.termux/files/home/.npmrc
6 silly config load:file:/data/data/com.termux/files/usr/etc/npmrc
7 verbose title npm install instagram-private-api lodash
8 verbose argv "install" "instagram-private-api" "lodash"
9 verbose logfile logs-max:10 dir:/data/data/com.termux/files/home/.npm/_logs/2025-02-23T08_40_48_401Z-
10 verbose logfile /data/data/com.termux/files/home/.npm/_logs/2025-02-23T08_40_48_401Z-debug-0.log
11 silly logfile start cleaning logs, removing 1 files
12 silly logfile done cleaning log files
13 silly packumentCache heap:1005322240 maxSize:251330560 maxEntrySize:125665280
14 silly idealTree buildDeps
15 silly fetch manifest instagram-private-api@*
16 silly packumentCache full:https://registry.npmjs.org/instagram-private-api cache-miss
17 http fetch GET 200 https://registry.npmjs.org/instagram-private-api 878ms (cache updated)
18 silly packumentCache full:https://registry.npmjs.org/instagram-private-api set size:undefined disposed:false
19 silly fetch manifest re2@^1.17.2
20 silly packumentCache full:https://registry.npmjs.org/re2 cache-miss
21 http fetch GET 200 https://registry.npmjs.org/re2 152ms (cache updated)
22 silly packumentCache full:https://registry.npmjs.org/re2 set size:undefined disposed:false
23 silly fetch manifest lodash@*
24 silly packumentCache full:https://registry.npmjs.org/lodash cache-miss
25 http fetch GET 200 https://registry.npmjs.org/lodash 156ms (cache updated)
26 silly packumentCache full:https://registry.npmjs.org/lodash set size:undefined disposed:false
27 silly placeDep ROOT instagram-private-api@1.46.1 OK for: bot@1.0.0 want: *
28 silly placeDep ROOT lodash@4.17.21 REPLACE for: bot@1.0.0 want: *
29 silly fetch manifest @lifeomic/attempt@^3.0.0
30 silly packumentCache full:https://registry.npmjs.org/@lifeomic%2fattempt cache-miss
31 silly fetch manifest @types/chance@^1.0.2
32 silly packumentCache full:https://registry.npmjs.org/@types%2fchance cache-miss
33 silly fetch manifest @types/request-promise@^4.1.43
34 silly packumentCache full:https://registry.npmjs.org/@types%2frequest-promise cache-miss
35 silly fetch manifest chance@^1.0.18
36 silly packumentCache full:https://registry.npmjs.org/chance cache-miss
37 silly fetch manifest class-transformer@^0.3.1
38 silly packumentCache full:https://registry.npmjs.org/class-transformer cache-miss
39 silly fetch manifest debug@^4.1.1
40 silly packumentCache full:https://registry.npmjs.org/debug cache-miss
41 silly fetch manifest image-size@^0.7.3
42 silly packumentCache full:https://registry.npmjs.org/image-size cache-miss
43 http fetch GET 200 https://registry.npmjs.org/@types%2frequest-promise 259ms (cache updated)
44 silly packumentCache full:https://registry.npmjs.org/@types%2frequest-promise set size:undefined disposed:false
45 silly fetch manifest json-bigint@^1.0.0
46 silly packumentCache full:https://registry.npmjs.org/json-bigint cache-miss
47 http fetch GET 200 https://registry.npmjs.org/json-bigint 208ms (cache updated)
48 silly packumentCache full:https://registry.npmjs.org/json-bigint set size:undefined disposed:false
49 silly fetch manifest luxon@^1.12.1
50 silly packumentCache full:https://registry.npmjs.org/luxon cache-miss
51 http fetch GET 200 https://registry.npmjs.org/@types%2fchance 496ms (cache updated)
52 silly packumentCache full:https://registry.npmjs.org/@types%2fchance set size:undefined disposed:false
53 silly fetch manifest reflect-metadata@^0.1.13
54 silly packumentCache full:https://registry.npmjs.org/reflect-metadata cache-miss
55 http fetch GET 200 https://registry.npmjs.org/class-transformer 506ms (cache updated)
56 silly packumentCache full:https://registry.npmjs.org/class-transformer set size:undefined disposed:false
57 silly fetch manifest request-promise@^4.2.4
58 silly packumentCache full:https://registry.npmjs.org/request-promise cache-miss
59 http fetch GET 200 https://registry.npmjs.org/chance 531ms (cache updated)
60 silly packumentCache full:https://registry.npmjs.org/chance set size:undefined disposed:false
61 silly fetch manifest rxjs@^6.5.2
62 silly packumentCache full:https://registry.npmjs.org/rxjs cache-miss
63 http fetch GET 200 https://registry.npmjs.org/image-size 540ms (cache updated)
64 silly packumentCache full:https://registry.npmjs.org/image-size set size:undefined disposed:false
65 silly fetch manifest snakecase-keys@^3.1.0
66 silly packumentCache full:https://registry.npmjs.org/snakecase-keys cache-miss
67 http fetch GET 200 https://registry.npmjs.org/debug 570ms (cache updated)
68 silly packumentCache full:https://registry.npmjs.org/debug set size:undefined disposed:false
69 silly fetch manifest tough-cookie@^2.5.0
70 silly packumentCache full:https://registry.npmjs.org/tough-cookie cache-miss
71 http fetch GET 200 https://registry.npmjs.org/reflect-metadata 178ms (cache updated)
72 silly packumentCache full:https://registry.npmjs.org/reflect-metadata set size:undefined disposed:false
73 silly fetch manifest ts-custom-error@^2.2.2
74 silly packumentCache full:https://registry.npmjs.org/ts-custom-error cache-miss
75 http fetch GET 200 https://registry.npmjs.org/tough-cookie 242ms (cache updated)
76 silly packumentCache full:https://registry.npmjs.org/tough-cookie set size:undefined disposed:false
77 silly fetch manifest ts-xor@^1.0.6
78 silly packumentCache full:https://registry.npmjs.org/ts-xor cache-miss
79 http fetch GET 200 https://registry.npmjs.org/luxon 366ms (cache updated)
80 silly packumentCache full:https://registry.npmjs.org/luxon set size:undefined disposed:false
81 silly fetch manifest url-regex-safe@^3.0.0
82 silly packumentCache full:https://registry.npmjs.org/url-regex-safe cache-miss
83 http fetch GET 200 https://registry.npmjs.org/snakecase-keys 318ms (cache updated)
84 silly packumentCache full:https://registry.npmjs.org/snakecase-keys set size:undefined disposed:false
85 silly fetch manifest utility-types@^3.10.0
86 silly packumentCache full:https://registry.npmjs.org/utility-types cache-miss
87 http fetch GET 200 https://registry.npmjs.org/@lifeomic%2fattempt 900ms (cache updated)
88 silly packumentCache full:https://registry.npmjs.org/@lifeomic%2fattempt set size:undefined disposed:false
89 http fetch GET 200 https://registry.npmjs.org/ts-custom-error 251ms (cache updated)
90 silly packumentCache full:https://registry.npmjs.org/ts-custom-error set size:undefined disposed:false
91 http fetch GET 200 https://registry.npmjs.org/rxjs 402ms (cache updated)
92 silly packumentCache full:https://registry.npmjs.org/rxjs set size:undefined disposed:false
93 http fetch GET 200 https://registry.npmjs.org/url-regex-safe 177ms (cache updated)
94 silly packumentCache full:https://registry.npmjs.org/url-regex-safe set size:undefined disposed:false
95 http fetch GET 200 https://registry.npmjs.org/ts-xor 288ms (cache updated)
96 silly packumentCache full:https://registry.npmjs.org/ts-xor set size:undefined disposed:false
97 http fetch GET 200 https://registry.npmjs.org/utility-types 280ms (cache updated)
98 silly packumentCache full:https://registry.npmjs.org/utility-types set size:undefined disposed:false
99 http fetch GET 200 https://registry.npmjs.org/request-promise 875ms (cache updated)
100 silly packumentCache full:https://registry.npmjs.org/request-promise set size:undefined disposed:false
101 silly fetch manifest request@^2.88.0
102 silly packumentCache full:https://registry.npmjs.org/request cache-miss
103 http fetch GET 200 https://registry.npmjs.org/request 175ms (cache updated)
104 silly packumentCache full:https://registry.npmjs.org/request set size:undefined disposed:false
105 silly placeDep ROOT @lifeomic/attempt@3.1.0 OK for: instagram-private-api@1.46.1 want: ^3.0.0
106 silly placeDep ROOT @types/chance@1.1.6 OK for: instagram-private-api@1.46.1 want: ^1.0.2
107 silly placeDep ROOT @types/request-promise@4.1.51 OK for: instagram-private-api@1.46.1 want: ^4.1.43
108 silly placeDep ROOT chance@1.1.12 OK for: instagram-private-api@1.46.1 want: ^1.0.18
109 silly placeDep ROOT class-transformer@0.3.1 OK for: instagram-private-api@1.46.1 want: ^0.3.1
110 silly placeDep node_modules/instagram-private-api debug@4.4.0 OK for: instagram-private-api@1.46.1 want: ^4.1.1
111 silly placeDep ROOT image-size@0.7.5 OK for: instagram-private-api@1.46.1 want: ^0.7.3
112 silly placeDep ROOT json-bigint@1.0.0 OK for: instagram-private-api@1.46.1 want: ^1.0.0
113 silly placeDep node_modules/instagram-private-api luxon@1.28.1 OK for: instagram-private-api@1.46.1 want: ^1.12.1
114 silly placeDep ROOT reflect-metadata@0.1.14 OK for: instagram-private-api@1.46.1 want: ^0.1.13
115 silly placeDep ROOT request-promise@4.2.6 OK for: instagram-private-api@1.46.1 want: ^4.2.4
116 silly placeDep ROOT rxjs@6.6.7 OK for: instagram-private-api@1.46.1 want: ^6.5.2
117 silly placeDep ROOT snakecase-keys@3.2.1 OK for: instagram-private-api@1.46.1 want: ^3.1.0
118 silly placeDep node_modules/instagram-private-api tough-cookie@2.5.0 OK for: instagram-private-api@1.46.1 want: ^2.5.0
119 silly placeDep ROOT ts-custom-error@2.2.2 OK for: instagram-private-api@1.46.1 want: ^2.2.2
120 silly placeDep ROOT ts-xor@1.3.0 OK for: instagram-private-api@1.46.1 want: ^1.0.6
121 silly placeDep ROOT url-regex-safe@3.0.0 OK for: instagram-private-api@1.46.1 want: ^3.0.0
122 silly placeDep ROOT utility-types@3.11.0 OK for: instagram-private-api@1.46.1 want: ^3.10.0
123 silly fetch manifest @types/request@*
124 silly packumentCache full:https://registry.npmjs.org/@types%2frequest cache-miss
125 silly fetch manifest @types/bluebird@*
126 silly packumentCache full:https://registry.npmjs.org/@types%2fbluebird cache-miss
127 silly fetch manifest bignumber.js@^9.0.0
128 silly packumentCache full:https://registry.npmjs.org/bignumber.js cache-miss
129 silly fetch manifest tough-cookie@^2.3.3
130 silly packumentCache full:https://registry.npmjs.org/tough-cookie cache-miss
131 silly fetch manifest request-promise-core@1.1.4
132 silly packumentCache full:https://registry.npmjs.org/request-promise-core cache-miss
133 silly fetch manifest tslib@^1.9.0
134 silly packumentCache full:https://registry.npmjs.org/tslib cache-miss
135 silly fetch manifest map-obj@^4.1.0
136 silly packumentCache full:https://registry.npmjs.org/map-obj cache-miss
137 http cache https://registry.npmjs.org/tough-cookie 61ms (cache hit)
138 silly packumentCache full:https://registry.npmjs.org/tough-cookie set size:124737 disposed:false
139 silly fetch manifest to-snake-case@^1.0.0
140 silly packumentCache full:https://registry.npmjs.org/to-snake-case cache-miss
141 http fetch GET 200 https://registry.npmjs.org/request-promise-core 163ms (cache updated)
142 silly packumentCache full:https://registry.npmjs.org/request-promise-core set size:undefined disposed:false
143 silly fetch manifest ip-regex@4.3.0
144 silly packumentCache full:https://registry.npmjs.org/ip-regex cache-miss
145 http fetch GET 200 https://registry.npmjs.org/bignumber.js 214ms (cache updated)
146 silly packumentCache full:https://registry.npmjs.org/bignumber.js set size:undefined disposed:false
147 silly fetch manifest tlds@^1.228.0
148 silly packumentCache full:https://registry.npmjs.org/tlds cache-miss
149 http fetch GET 200 https://registry.npmjs.org/tslib 243ms (cache updated)
150 silly packumentCache full:https://registry.npmjs.org/tslib set size:undefined disposed:false
151 http fetch GET 200 https://registry.npmjs.org/to-snake-case 181ms (cache updated)
152 silly packumentCache full:https://registry.npmjs.org/to-snake-case set size:undefined disposed:false
153 http fetch GET 200 https://registry.npmjs.org/map-obj 250ms (cache updated)
154 silly packumentCache full:https://registry.npmjs.org/map-obj set size:undefined disposed:false
155 http fetch GET 200 https://registry.npmjs.org/@types%2fbluebird 265ms (cache updated)
156 silly packumentCache full:https://registry.npmjs.org/@types%2fbluebird set size:undefined disposed:false
157 http fetch GET 200 https://registry.npmjs.org/@types%2frequest 272ms (cache updated)
158 silly packumentCache full:https://registry.npmjs.org/@types%2frequest set size:undefined disposed:false
159 http fetch GET 200 https://registry.npmjs.org/ip-regex 185ms (cache updated)
160 silly packumentCache full:https://registry.npmjs.org/ip-regex set size:undefined disposed:false
161 http fetch GET 200 https://registry.npmjs.org/tlds 233ms (cache updated)
162 silly packumentCache full:https://registry.npmjs.org/tlds set size:undefined disposed:false
163 silly placeDep ROOT @types/bluebird@3.5.42 OK for: @types/request-promise@4.1.51 want: *
164 silly placeDep ROOT @types/request@2.48.12 OK for: @types/request-promise@4.1.51 want: *
165 silly fetch manifest form-data@^2.5.0
166 silly packumentCache full:https://registry.npmjs.org/form-data cache-miss
167 silly fetch manifest @types/node@*
168 silly packumentCache full:https://registry.npmjs.org/@types%2fnode cache-miss
169 silly fetch manifest @types/caseless@*
170 silly packumentCache full:https://registry.npmjs.org/@types%2fcaseless cache-miss
171 silly fetch manifest @types/tough-cookie@*
172 silly packumentCache full:https://registry.npmjs.org/@types%2ftough-cookie cache-miss
173 http fetch GET 200 https://registry.npmjs.org/form-data 159ms (cache updated)
174 silly packumentCache full:https://registry.npmjs.org/form-data set size:undefined disposed:false
175 http fetch GET 200 https://registry.npmjs.org/@types%2fcaseless 223ms (cache updated)
176 silly packumentCache full:https://registry.npmjs.org/@types%2fcaseless set size:undefined disposed:false
177 http fetch GET 200 https://registry.npmjs.org/@types%2ftough-cookie 226ms (cache updated)
178 silly packumentCache full:https://registry.npmjs.org/@types%2ftough-cookie set size:undefined disposed:false
179 http fetch GET 200 https://registry.npmjs.org/@types%2fnode 2043ms (cache updated)
180 silly packumentCache full:https://registry.npmjs.org/@types%2fnode set size:undefined disposed:false
181 silly placeDep ROOT @types/caseless@0.12.5 OK for: @types/request@2.48.12 want: *
182 silly placeDep ROOT @types/node@22.13.5 OK for: @types/request@2.48.12 want: *
183 silly placeDep ROOT @types/tough-cookie@4.0.5 OK for: @types/request@2.48.12 want: *
184 silly placeDep node_modules/@types/request form-data@2.5.3 OK for: @types/request@2.48.12 want: ^2.5.0
185 silly fetch manifest undici-types@~6.20.0
186 silly packumentCache full:https://registry.npmjs.org/undici-types cache-miss
187 http fetch GET 200 https://registry.npmjs.org/undici-types 218ms (cache updated)
188 silly packumentCache full:https://registry.npmjs.org/undici-types set size:undefined disposed:false
189 silly placeDep ROOT undici-types@6.20.0 OK for: @types/node@22.13.5 want: ~6.20.0
190 silly placeDep ROOT bignumber.js@9.1.2 OK for: json-bigint@1.0.0 want: ^9.0.0
191 silly fetch manifest request@^2.34
192 silly packumentCache full:https://registry.npmjs.org/request cache-miss
193 http cache https://registry.npmjs.org/request 29ms (cache hit)
194 silly packumentCache full:https://registry.npmjs.org/request set size:307300 disposed:false
195 silly placeDep node_modules/request-promise request-promise-core@1.1.4 OK for: request-promise@4.2.6 want: 1.1.4
196 silly placeDep node_modules/request-promise tough-cookie@2.5.0 OK for: request-promise@4.2.6 want: ^2.3.3
197 silly placeDep ROOT tslib@1.14.1 OK for: rxjs@6.6.7 want: ^1.9.0
198 silly placeDep ROOT map-obj@4.3.0 OK for: snakecase-keys@3.2.1 want: ^4.1.0
199 silly placeDep ROOT to-snake-case@1.0.0 OK for: snakecase-keys@3.2.1 want: ^1.0.0
200 silly fetch manifest to-space-case@^1.0.0
201 silly packumentCache full:https://registry.npmjs.org/to-space-case cache-miss
202 http fetch GET 200 https://registry.npmjs.org/to-space-case 147ms (cache updated)
203 silly packumentCache full:https://registry.npmjs.org/to-space-case set size:undefined disposed:false
204 silly placeDep ROOT to-space-case@1.0.0 OK for: to-snake-case@1.0.0 want: ^1.0.0
205 silly fetch manifest to-no-case@^1.0.0
206 silly packumentCache full:https://registry.npmjs.org/to-no-case cache-miss
207 http fetch GET 200 https://registry.npmjs.org/to-no-case 276ms (cache updated)
208 silly packumentCache full:https://registry.npmjs.org/to-no-case set size:undefined disposed:false
209 silly placeDep ROOT to-no-case@1.0.2 OK for: to-space-case@1.0.0 want: ^1.0.0
210 silly placeDep ROOT ip-regex@4.3.0 OK for: url-regex-safe@3.0.0 want: 4.3.0
211 silly placeDep ROOT tlds@1.255.0 OK for: url-regex-safe@3.0.0 want: ^1.228.0
212 silly reify moves {}
213 silly audit bulk request {
213 silly audit   '@asamuzakjp/css-color': [ '2.8.3' ],
213 silly audit   '@csstools/color-helpers': [ '5.0.1' ],
213 silly audit   '@csstools/css-calc': [ '2.1.1' ],
213 silly audit   '@csstools/css-color-parser': [ '3.0.7' ],
213 silly audit   '@csstools/css-parser-algorithms': [ '3.0.4' ],
213 silly audit   '@csstools/css-tokenizer': [ '3.0.3' ],
213 silly audit   '@cypress/request': [ '3.0.7' ],
213 silly audit   '@cypress/request-promise': [ '5.0.0' ],
213 silly audit   'tough-cookie': [ '4.1.4', '2.5.0', '5.1.1' ],
213 silly audit   'agent-base': [ '7.1.3' ],
213 silly audit   ajv: [ '6.12.6' ],
213 silly audit   'array-buffer-byte-length': [ '1.0.2' ],
213 silly audit   'array.prototype.findindex': [ '2.2.4' ],
213 silly audit   'arraybuffer.prototype.slice': [ '1.0.4' ],
213 silly audit   asn1: [ '0.2.6' ],
213 silly audit   'assert-plus': [ '1.0.0' ],
213 silly audit   'async-function': [ '1.0.0' ],
213 silly audit   asynckit: [ '0.4.0' ],
213 silly audit   'available-typed-arrays': [ '1.0.7' ],
213 silly audit   'aws-sign2': [ '0.7.0' ],
213 silly audit   aws4: [ '1.13.2' ],
213 silly audit   axios: [ '1.7.9' ],
213 silly audit   'bcrypt-pbkdf': [ '1.0.2' ],
213 silly audit   bl: [ '1.2.3' ],
213 silly audit   bluebird: [ '3.7.2' ],
213 silly audit   boolbase: [ '1.0.0' ],
213 silly audit   'call-bind': [ '1.0.8' ],
213 silly audit   'call-bind-apply-helpers': [ '1.0.2' ],
213 silly audit   'call-bound': [ '1.0.3' ],
213 silly audit   caseless: [ '0.12.0' ],
213 silly audit   cheerio: [ '1.0.0' ],
213 silly audit   'cheerio-select': [ '2.1.0' ],
213 silly audit   child_process: [ '1.0.2' ],
213 silly audit   'combined-stream': [ '1.0.8' ],
213 silly audit   'core-util-is': [ '1.0.3', '1.0.2' ],
213 silly audit   'cron-parser': [ '4.9.0' ],
213 silly audit   'css-select': [ '5.1.0' ],
213 silly audit   'css-what': [ '6.1.0' ],
213 silly audit   cssstyle: [ '4.2.1' ],
213 silly audit   dashdash: [ '1.14.1' ],
213 silly audit   'data-uri-to-buffer': [ '4.0.1' ],
213 silly audit   'data-urls': [ '5.0.0' ],
213 silly audit   'data-view-buffer': [ '1.0.2' ],
213 silly audit   'data-view-byte-length': [ '1.0.2' ],
213 silly audit   'data-view-byte-offset': [ '1.0.1' ],
213 silly audit   debug: [ '3.2.7', '4.4.0' ],
213 silly audit   'decimal.js': [ '10.5.0' ],
213 silly audit   'define-data-property': [ '1.1.4' ],
213 silly audit   'define-properties': [ '1.2.1' ],
213 silly audit   'delayed-stream': [ '1.0.0' ],
213 silly audit   'dom-serializer': [ '2.0.0' ],
213 silly audit   domelementtype: [ '2.3.0' ],
213 silly audit   domhandler: [ '5.0.3' ],
213 silly audit   domutils: [ '3.2.2' ],
213 silly audit   'dunder-proto': [ '1.0.1' ],
213 silly audit   'ecc-jsbn': [ '0.1.2' ],
213 silly audit   'encoding-sniffer': [ '0.2.0' ],
213 silly audit   'end-of-stream': [ '1.4.4' ],
213 silly audit   entities: [ '4.5.0' ],
213 silly audit   'es-abstract': [ '1.23.9' ],
213 silly audit   'es-define-property': [ '1.0.1' ],
213 silly audit   'es-errors': [ '1.3.0' ],
213 silly audit   'es-object-atoms': [ '1.1.1' ],
213 silly audit   'es-set-tostringtag': [ '2.1.0' ],
213 silly audit   'es-shim-unscopables': [ '1.1.0' ],
213 silly audit   'es-to-primitive': [ '1.3.0' ],
213 silly audit   eventemitter3: [ '3.1.2' ],
213 silly audit   extend: [ '3.0.2' ],
213 silly audit   extsprintf: [ '1.3.0' ],
213 silly audit   'fast-deep-equal': [ '3.1.3' ],
213 silly audit   'fast-json-stable-stringify': [ '2.1.0' ],
213 silly audit   'fetch-blob': [ '3.2.0' ],
213 silly audit   'file-type': [ '3.9.0' ],
213 silly audit   'follow-redirects': [ '1.15.9' ],
213 silly audit   'for-each': [ '0.3.5' ],
213 silly audit   'forever-agent': [ '0.6.1' ],
213 silly audit   'form-data': [ '4.0.2', '2.3.3', '2.5.3' ],
213 silly audit   'formdata-polyfill': [ '4.0.10' ],
213 silly audit   fs: [ '0.0.1-security' ],
213 silly audit   'function-bind': [ '1.1.2' ],
213 silly audit   'function.prototype.name': [ '1.1.8' ],
213 silly audit   'functions-have-names': [ '1.2.3' ],
213 silly audit   'get-intrinsic': [ '1.2.7' ],
213 silly audit   'get-proto': [ '1.0.1' ],
213 silly audit   'get-symbol-description': [ '1.1.0' ],
213 silly audit   getpass: [ '0.1.7' ],
213 silly audit   globalthis: [ '1.0.4' ],
213 silly audit   gopd: [ '1.2.0' ],
213 silly audit   'har-schema': [ '2.0.0' ],
213 silly audit   'har-validator': [ '5.1.5' ],
213 silly audit   'has-bigints': [ '1.1.0' ],
213 silly audit   'has-property-descriptors': [ '1.0.2' ],
213 silly audit   'has-proto': [ '1.2.0' ],
213 silly audit   'has-symbols': [ '1.1.0' ],
213 silly audit   'has-tostringtag': [ '1.0.2' ],
213 silly audit   hasown: [ '2.0.2' ],
213 silly audit   'html-encoding-sniffer': [ '4.0.0' ],
213 silly audit   htmlparser2: [ '9.1.0' ],
213 silly audit   'http-proxy-agent': [ '7.0.2' ],
213 silly audit   'http-signature': [ '1.4.0', '1.2.0' ],
213 silly audit   'https-proxy-agent': [ '7.0.6' ],
213 silly audit   'iconv-lite': [ '0.6.3' ],
213 silly audit   inherits: [ '2.0.4' ],
213 silly audit   'internal-slot': [ '1.1.0' ],
213 silly audit   'is-array-buffer': [ '3.0.5' ],
213 silly audit   'is-async-function': [ '2.1.1' ],
213 silly audit   'is-bigint': [ '1.1.0' ],
213 silly audit   'is-boolean-object': [ '1.2.2' ],
213 silly audit   'is-callable': [ '1.2.7' ],
213 silly audit   'is-data-view': [ '1.0.2' ],
213 silly audit   'is-date-object': [ '1.1.0' ],
213 silly audit   'is-finalizationregistry': [ '1.1.1' ],
213 silly audit   'is-generator-function': [ '1.1.0' ],
213 silly audit   'is-map': [ '2.0.3' ],
213 silly audit   'is-number-object': [ '1.1.1' ],
213 silly audit   'is-potential-custom-element-name': [ '1.0.1' ],
213 silly audit   'is-regex': [ '1.2.1' ],
213 silly audit   'is-set': [ '2.0.3' ],
213 silly audit   'is-shared-array-buffer': [ '1.0.4' ],
213 silly audit   'is-string': [ '1.1.1' ],
213 silly audit   'is-symbol': [ '1.1.1' ],
213 silly audit   'is-typed-array': [ '1.1.15' ],
213 silly audit   'is-typedarray': [ '1.0.0' ],
213 silly audit   'is-weakmap': [ '2.0.2' ],
213 silly audit   'is-weakref': [ '1.1.1' ],
213 silly audit   'is-weakset': [ '2.0.4' ],
213 silly audit   isarray: [ '1.0.0', '2.0.5' ],
213 silly audit   isstream: [ '0.1.2' ],
213 silly audit   jsbn: [ '0.1.1' ],
213 silly audit   jsdom: [ '26.0.0' ],
213 silly audit   'json-schema': [ '0.4.0' ],
213 silly audit   'json-schema-traverse': [ '0.4.1' ],
213 silly audit   'json-stringify-safe': [ '5.0.1' ],
213 silly audit   jsprim: [ '2.0.2', '1.4.2' ],
213 silly audit   'long-timeout': [ '0.1.1' ],
213 silly audit   lowdb: [ '7.0.1' ],
213 silly audit   'lru-cache': [ '10.4.3' ],
213 silly audit   luxon: [ '3.5.0', '1.28.1' ],
213 silly audit   'math-intrinsics': [ '1.1.0' ],
213 silly audit   mime: [ '1.6.0' ],
213 silly audit   'mime-db': [ '1.52.0' ],
213 silly audit   'mime-types': [ '2.1.35' ],
213 silly audit   ms: [ '2.1.3' ],
213 silly audit   'node-domexception': [ '1.0.0' ],
213 silly audit   'node-fetch': [ '3.3.2' ],
213 silly audit   'node-schedule': [ '2.1.1' ],
213 silly audit   'node-telegram-bot-api': [ '0.66.0' ],
213 silly audit   'nth-check': [ '2.1.1' ],
213 silly audit   nwsapi: [ '2.2.16' ],
213 silly audit   'oauth-sign': [ '0.9.0' ],
213 silly audit   'object-inspect': [ '1.13.4' ],
213 silly audit   'object-keys': [ '1.1.1' ],
213 silly audit   'object.assign': [ '4.1.7' ],
213 silly audit   once: [ '1.4.0' ],
213 silly audit   'own-keys': [ '1.0.1' ],
213 silly audit   parse5: [ '7.2.1' ],
213 silly audit   'parse5-htmlparser2-tree-adapter': [ '7.1.0' ],
213 silly audit   'parse5-parser-stream': [ '7.1.2' ],
213 silly audit   'performance-now': [ '2.1.0' ],
213 silly audit   'possible-typed-array-names': [ '1.1.0' ],
213 silly audit   'process-nextick-args': [ '2.0.1' ],
213 silly audit   'proxy-from-env': [ '1.1.0' ],
213 silly audit   psl: [ '1.15.0' ],
213 silly audit   pump: [ '2.0.1' ],
213 silly audit   punycode: [ '2.3.1' ],
213 silly audit   qs: [ '6.13.1', '6.5.3' ],
213 silly audit   querystringify: [ '2.2.0' ],
213 silly audit   'readable-stream': [ '2.3.8' ],
213 silly audit   'safe-buffer': [ '5.1.2', '5.2.1' ],
213 silly audit   'reflect.getprototypeof': [ '1.0.10' ],
213 silly audit   'regexp.prototype.flags': [ '1.5.4' ],
213 silly audit   request: [ '2.88.2' ],
213 silly audit   'request-promise-core': [ '1.1.3', '1.1.4' ],
213 silly audit   uuid: [ '3.4.0', '8.3.2' ],
213 silly audit   'requires-port': [ '1.0.0' ],
213 silly audit   'rrweb-cssom': [ '0.8.0' ],
213 silly audit   'safe-array-concat': [ '1.1.3' ],
213 silly audit   'safe-push-apply': [ '1.0.0' ],
213 silly audit   'safe-regex-test': [ '1.1.0' ],
213 silly audit   'safer-buffer': [ '2.1.2' ],
213 silly audit   saxes: [ '6.0.0' ],
213 silly audit   'set-function-length': [ '1.2.2' ],
213 silly audit   'set-function-name': [ '2.0.2' ],
213 silly audit   'set-proto': [ '1.0.0' ],
213 silly audit   'side-channel': [ '1.1.0' ],
213 silly audit   'side-channel-list': [ '1.0.0' ],
213 silly audit   'side-channel-map': [ '1.0.1' ],
213 silly audit   'side-channel-weakmap': [ '1.0.2' ],
213 silly audit   'sorted-array-functions': [ '1.3.0' ],
213 silly audit   sshpk: [ '1.18.0' ],
213 silly audit   'stealthy-require': [ '1.1.1' ],
213 silly audit   steno: [ '4.0.2' ],
213 silly audit   string_decoder: [ '1.1.1' ],
213 silly audit   'string.prototype.trim': [ '1.2.10' ],
213 silly audit   'string.prototype.trimend': [ '1.0.9' ],
213 silly audit   'string.prototype.trimstart': [ '1.0.8' ],
213 silly audit   'symbol-tree': [ '3.2.4' ],
213 silly audit   tldts: [ '6.1.77' ],
213 silly audit   'tldts-core': [ '6.1.77' ],
213 silly audit   tr46: [ '5.0.0' ],
213 silly audit   'tunnel-agent': [ '0.6.0' ],
213 silly audit   tweetnacl: [ '0.14.5' ],
213 silly audit   'typed-array-buffer': [ '1.0.3' ],
213 silly audit   'typed-array-byte-length': [ '1.0.3' ],
213 silly audit   'typed-array-byte-offset': [ '1.0.4' ],
213 silly audit   'typed-array-length': [ '1.0.7' ],
213 silly audit   'unbox-primitive': [ '1.1.0' ],
213 silly audit   undici: [ '6.21.1' ],
213 silly audit   universalify: [ '0.2.0' ],
213 silly audit   'uri-js': [ '4.4.1' ],
213 silly audit   'url-parse': [ '1.5.10' ],
213 silly audit   'util-deprecate': [ '1.0.2' ],
213 silly audit   verror: [ '1.10.0' ],
213 silly audit   'w3c-xmlserializer': [ '5.0.0' ],
213 silly audit   'web-streams-polyfill': [ '3.3.3' ],
213 silly audit   'webidl-conversions': [ '7.0.0' ],
213 silly audit   'whatwg-encoding': [ '3.1.1' ],
213 silly audit   'whatwg-mimetype': [ '4.0.0' ],
213 silly audit   'whatwg-url': [ '14.1.1' ],
213 silly audit   'which-boxed-primitive': [ '1.1.1' ],
213 silly audit   'which-builtin-type': [ '1.2.1' ],
213 silly audit   'which-collection': [ '1.0.2' ],
213 silly audit   'which-typed-array': [ '1.1.18' ],
213 silly audit   wrappy: [ '1.0.2' ],
213 silly audit   ws: [ '8.18.1' ],
213 silly audit   'xml-name-validator': [ '5.0.0' ],
213 silly audit   xmlchars: [ '2.2.0' ],
213 silly audit   'instagram-private-api': [ '1.46.1' ],
213 silly audit   lodash: [ '4.17.21' ],
213 silly audit   '@lifeomic/attempt': [ '3.1.0' ],
213 silly audit   '@types/chance': [ '1.1.6' ],
213 silly audit   '@types/request-promise': [ '4.1.51' ],
213 silly audit   chance: [ '1.1.12' ],
213 silly audit   'class-transformer': [ '0.3.1' ],
213 silly audit   'image-size': [ '0.7.5' ],
213 silly audit   'json-bigint': [ '1.0.0' ],
213 silly audit   'reflect-metadata': [ '0.1.14' ],
213 silly audit   'request-promise': [ '4.2.6' ],
213 silly audit   rxjs: [ '6.6.7' ],
213 silly audit   'snakecase-keys': [ '3.2.1' ],
213 silly audit   'ts-custom-error': [ '2.2.2' ],
213 silly audit   'ts-xor': [ '1.3.0' ],
213 silly audit   'url-regex-safe': [ '3.0.0' ],
213 silly audit   'utility-types': [ '3.11.0' ],
213 silly audit   '@types/bluebird': [ '3.5.42' ],
213 silly audit   '@types/request': [ '2.48.12' ],
213 silly audit   '@types/caseless': [ '0.12.5' ],
213 silly audit   '@types/node': [ '22.13.5' ],
213 silly audit   '@types/tough-cookie': [ '4.0.5' ],
213 silly audit   'undici-types': [ '6.20.0' ],
213 silly audit   'bignumber.js': [ '9.1.2' ],
213 silly audit   tslib: [ '1.14.1' ],
213 silly audit   'map-obj': [ '4.3.0' ],
213 silly audit   'to-snake-case': [ '1.0.0' ],
213 silly audit   'to-space-case': [ '1.0.0' ],
213 silly audit   'to-no-case': [ '1.0.2' ],
213 silly audit   'ip-regex': [ '4.3.0' ],
213 silly audit   tlds: [ '1.255.0' ]
213 silly audit }
214 http cache tlds@https://registry.npmjs.org/tlds/-/tlds-1.255.0.tgz 0ms (cache hit)
215 http cache to-no-case@https://registry.npmjs.org/to-no-case/-/to-no-case-1.0.2.tgz 0ms (cache hit)
216 http cache ip-regex@https://registry.npmjs.org/ip-regex/-/ip-regex-4.3.0.tgz 1ms (cache hit)
217 http cache to-space-case@https://registry.npmjs.org/to-space-case/-/to-space-case-1.0.0.tgz 0ms (cache hit)
218 http cache to-snake-case@https://registry.npmjs.org/to-snake-case/-/to-snake-case-1.0.0.tgz 0ms (cache hit)
219 http cache tslib@https://registry.npmjs.org/tslib/-/tslib-1.14.1.tgz 0ms (cache hit)
220 http cache bignumber.js@https://registry.npmjs.org/bignumber.js/-/bignumber.js-9.1.2.tgz 0ms (cache hit)
221 http cache map-obj@https://registry.npmjs.org/map-obj/-/map-obj-4.3.0.tgz 0ms (cache hit)
222 http cache undici-types@https://registry.npmjs.org/undici-types/-/undici-types-6.20.0.tgz 0ms (cache hit)
223 http cache @types/tough-cookie@https://registry.npmjs.org/@types/tough-cookie/-/tough-cookie-4.0.5.tgz 0ms (cache hit)
224 http cache @types/node@https://registry.npmjs.org/@types/node/-/node-22.13.5.tgz 0ms (cache hit)
225 http cache @types/caseless@https://registry.npmjs.org/@types/caseless/-/caseless-0.12.5.tgz 0ms (cache hit)
226 http cache @types/request@https://registry.npmjs.org/@types/request/-/request-2.48.12.tgz 0ms (cache hit)
227 http cache @types/bluebird@https://registry.npmjs.org/@types/bluebird/-/bluebird-3.5.42.tgz 0ms (cache hit)
228 http cache utility-types@https://registry.npmjs.org/utility-types/-/utility-types-3.11.0.tgz 0ms (cache hit)
229 http cache url-regex-safe@https://registry.npmjs.org/url-regex-safe/-/url-regex-safe-3.0.0.tgz 0ms (cache hit)
230 http cache ts-xor@https://registry.npmjs.org/ts-xor/-/ts-xor-1.3.0.tgz 0ms (cache hit)
231 http cache ts-custom-error@https://registry.npmjs.org/ts-custom-error/-/ts-custom-error-2.2.2.tgz 0ms (cache hit)
232 http cache snakecase-keys@https://registry.npmjs.org/snakecase-keys/-/snakecase-keys-3.2.1.tgz 0ms (cache hit)
233 http cache rxjs@https://registry.npmjs.org/rxjs/-/rxjs-6.6.7.tgz 0ms (cache hit)
234 http cache request-promise@https://registry.npmjs.org/request-promise/-/request-promise-4.2.6.tgz 0ms (cache hit)
235 http cache json-bigint@https://registry.npmjs.org/json-bigint/-/json-bigint-1.0.0.tgz 0ms (cache hit)
236 http cache reflect-metadata@https://registry.npmjs.org/reflect-metadata/-/reflect-metadata-0.1.14.tgz 0ms (cache hit)
237 http cache image-size@https://registry.npmjs.org/image-size/-/image-size-0.7.5.tgz 0ms (cache hit)
238 http cache class-transformer@https://registry.npmjs.org/class-transformer/-/class-transformer-0.3.1.tgz 0ms (cache hit)
239 http cache chance@https://registry.npmjs.org/chance/-/chance-1.1.12.tgz 0ms (cache hit)
240 http cache @types/request-promise@https://registry.npmjs.org/@types/request-promise/-/request-promise-4.1.51.tgz 0ms (cache hit)
241 http cache @types/chance@https://registry.npmjs.org/@types/chance/-/chance-1.1.6.tgz 0ms (cache hit)
242 http cache @lifeomic/attempt@https://registry.npmjs.org/@lifeomic/attempt/-/attempt-3.1.0.tgz 0ms (cache hit)
243 http cache form-data@https://registry.npmjs.org/form-data/-/form-data-2.5.3.tgz 0ms (cache hit)
244 http cache request-promise-core@https://registry.npmjs.org/request-promise-core/-/request-promise-core-1.1.4.tgz 0ms (cache hit)
245 http cache tough-cookie@https://registry.npmjs.org/tough-cookie/-/tough-cookie-2.5.0.tgz 0ms (cache hit)
246 http cache tough-cookie@https://registry.npmjs.org/tough-cookie/-/tough-cookie-2.5.0.tgz 0ms (cache hit)
247 http cache luxon@https://registry.npmjs.org/luxon/-/luxon-1.28.1.tgz 0ms (cache hit)
248 http cache debug@https://registry.npmjs.org/debug/-/debug-4.4.0.tgz 0ms (cache hit)
249 http cache instagram-private-api@https://registry.npmjs.org/instagram-private-api/-/instagram-private-api-1.46.1.tgz 0ms (cache hit)
250 http fetch POST 200 https://registry.npmjs.org/-/npm/v1/security/advisories/bulk 963ms
251 silly audit report {
251 silly audit report   'tough-cookie': [
251 silly audit report     {
251 silly audit report       id: 1097682,
251 silly audit report       url: 'https://github.com/advisories/GHSA-72xf-g2v4-qvf3',
251 silly audit report       title: 'tough-cookie Prototype Pollution vulnerability',
251 silly audit report       severity: 'moderate',
251 silly audit report       vulnerable_versions: '<4.1.3',
251 silly audit report       cwe: [Array],
251 silly audit report       cvss: [Object]
251 silly audit report     }
251 silly audit report   ],
251 silly audit report   request: [
251 silly audit report     {
251 silly audit report       id: 1096727,
251 silly audit report       url: 'https://github.com/advisories/GHSA-p8p7-x288-28g6',
251 silly audit report       title: 'Server-Side Request Forgery in Request',
251 silly audit report       severity: 'moderate',
251 silly audit report       vulnerable_versions: '<=2.88.2',
251 silly audit report       cwe: [Array],
251 silly audit report       cvss: [Object]
251 silly audit report     }
251 silly audit report   ]
251 silly audit report }
252 silly packumentCache corgi:https://registry.npmjs.org/tough-cookie cache-miss
253 silly packumentCache corgi:https://registry.npmjs.org/request cache-miss
254 warn deprecated request-promise@4.2.6: request-promise has been deprecated because it extends the now deprecated request package, see https://github.com/request/request/issues/3142
255 http fetch GET 200 https://registry.npmjs.org/tough-cookie 374ms (cache updated)
256 silly packumentCache corgi:https://registry.npmjs.org/tough-cookie set size:undefined disposed:false
257 http fetch GET 200 https://registry.npmjs.org/request 380ms (cache updated)
258 silly packumentCache corgi:https://registry.npmjs.org/request set size:undefined disposed:false
259 silly packumentCache corgi:https://registry.npmjs.org/instagram-private-api cache-miss
260 silly packumentCache corgi:https://registry.npmjs.org/request-promise cache-miss
261 http fetch GET 200 https://registry.npmjs.org/request-promise 219ms (cache updated)
262 silly packumentCache corgi:https://registry.npmjs.org/request-promise set size:undefined disposed:false
263 http fetch GET 200 https://registry.npmjs.org/instagram-private-api 987ms (cache updated)
264 silly packumentCache corgi:https://registry.npmjs.org/instagram-private-api set size:undefined disposed:false
265 silly packumentCache corgi:https://registry.npmjs.org/request-promise-core cache-miss
266 http fetch GET 200 https://registry.npmjs.org/request-promise-core 218ms (cache updated)
267 silly packumentCache corgi:https://registry.npmjs.org/request-promise-core set size:undefined disposed:false
268 silly packumentCache corgi:https://registry.npmjs.org/@cypress%2frequest-promise cache-miss
269 http fetch GET 200 https://registry.npmjs.org/@cypress%2frequest-promise 234ms (cache updated)
270 silly packumentCache corgi:https://registry.npmjs.org/@cypress%2frequest-promise set size:undefined disposed:false
271 silly packumentCache corgi:https://registry.npmjs.org/node-telegram-bot-api cache-miss
272 warn deprecated ts-custom-error@2.2.2: npm package tarball contains useless codeclimate-reporter binary, please update to version 3.1.1. See https://github.com/adriengibrat/ts-custom-error/issues/32
273 http fetch GET 200 https://registry.npmjs.org/node-telegram-bot-api 172ms (cache updated)
274 silly packumentCache corgi:https://registry.npmjs.org/node-telegram-bot-api set size:undefined disposed:false
275 silly ADD node_modules/tlds
276 silly ADD node_modules/ip-regex
277 silly ADD node_modules/to-no-case
278 silly ADD node_modules/to-space-case
279 silly ADD node_modules/to-snake-case
280 silly ADD node_modules/map-obj
281 silly ADD node_modules/tslib
282 silly ADD node_modules/bignumber.js
283 silly ADD node_modules/undici-types
284 silly ADD node_modules/@types/tough-cookie
285 silly ADD node_modules/@types/node
286 silly ADD node_modules/@types/caseless
287 silly ADD node_modules/@types/request
288 silly ADD node_modules/@types/request/node_modules/form-data
289 silly ADD node_modules/@types/bluebird
290 silly ADD node_modules/utility-types
291 silly ADD node_modules/url-regex-safe
292 silly ADD node_modules/ts-xor
293 silly ADD node_modules/ts-custom-error
294 silly ADD node_modules/snakecase-keys
295 silly ADD node_modules/rxjs
296 silly ADD node_modules/request-promise
297 silly ADD node_modules/request-promise/node_modules/tough-cookie
298 silly ADD node_modules/request-promise/node_modules/request-promise-core
299 silly ADD node_modules/reflect-metadata
300 silly ADD node_modules/json-bigint
301 silly ADD node_modules/image-size
302 silly ADD node_modules/class-transformer
303 silly ADD node_modules/chance
304 silly ADD node_modules/@types/request-promise
305 silly ADD node_modules/@types/chance
306 silly ADD node_modules/@lifeomic/attempt
307 silly ADD node_modules/instagram-private-api
308 silly ADD node_modules/instagram-private-api/node_modules/tough-cookie
309 silly ADD node_modules/instagram-private-api/node_modules/luxon
310 silly ADD node_modules/instagram-private-api/node_modules/debug
311 verbose cwd /data/data/com.termux/files/home/bot
312 verbose os Linux 5.10.218-android12-9-00025-g7e8d2909ab18-ab12292143
313 verbose node v23.6.1
314 verbose npm  v10.9.2
315 verbose exit 0
316 info ok
