0 verbose cli /data/data/com.termux/files/usr/bin/node /data/data/com.termux/files/usr/bin/npm
1 info using npm@10.9.2
2 info using node@v23.6.1
3 silly config load:file:/data/data/com.termux/files/usr/lib/node_modules/npm/npmrc
4 silly config load:file:/data/data/com.termux/files/home/bot/.npmrc
5 silly config load:file:/data/data/com.termux/files/home/.npmrc
6 silly config load:file:/data/data/com.termux/files/usr/etc/npmrc
7 verbose title npm install node-fetch
8 verbose argv "install" "node-fetch"
9 verbose logfile logs-max:10 dir:/data/data/com.termux/files/home/.npm/_logs/2025-02-21T23_27_43_351Z-
10 verbose logfile /data/data/com.termux/files/home/.npm/_logs/2025-02-21T23_27_43_351Z-debug-0.log
11 silly logfile start cleaning logs, removing 1 files
12 silly logfile done cleaning log files
13 silly packumentCache heap:1005322240 maxSize:251330560 maxEntrySize:125665280
14 silly idealTree buildDeps
15 silly fetch manifest node-fetch@*
16 silly packumentCache full:https://registry.npmjs.org/node-fetch cache-miss
17 http fetch GET 200 https://registry.npmjs.org/node-fetch 679ms (cache miss)
18 silly packumentCache full:https://registry.npmjs.org/node-fetch set size:undefined disposed:false
19 silly placeDep ROOT node-fetch@3.3.2 OK for: bot@1.0.0 want: *
20 silly fetch manifest data-uri-to-buffer@^4.0.0
21 silly packumentCache full:https://registry.npmjs.org/data-uri-to-buffer cache-miss
22 silly fetch manifest fetch-blob@^3.1.4
23 silly packumentCache full:https://registry.npmjs.org/fetch-blob cache-miss
24 silly fetch manifest formdata-polyfill@^4.0.10
25 silly packumentCache full:https://registry.npmjs.org/formdata-polyfill cache-miss
26 http fetch GET 200 https://registry.npmjs.org/fetch-blob 141ms (cache miss)
27 silly packumentCache full:https://registry.npmjs.org/fetch-blob set size:undefined disposed:false
28 http fetch GET 200 https://registry.npmjs.org/data-uri-to-buffer 301ms (cache miss)
29 silly packumentCache full:https://registry.npmjs.org/data-uri-to-buffer set size:undefined disposed:false
30 http fetch GET 200 https://registry.npmjs.org/formdata-polyfill 308ms (cache miss)
31 silly packumentCache full:https://registry.npmjs.org/formdata-polyfill set size:undefined disposed:false
32 silly placeDep ROOT data-uri-to-buffer@4.0.1 OK for: node-fetch@3.3.2 want: ^4.0.0
33 silly placeDep ROOT fetch-blob@3.2.0 OK for: node-fetch@3.3.2 want: ^3.1.4
34 silly placeDep ROOT formdata-polyfill@4.0.10 OK for: node-fetch@3.3.2 want: ^4.0.10
35 silly fetch manifest node-domexception@^1.0.0
36 silly packumentCache full:https://registry.npmjs.org/node-domexception cache-miss
37 silly fetch manifest web-streams-polyfill@^3.0.3
38 silly packumentCache full:https://registry.npmjs.org/web-streams-polyfill cache-miss
39 http fetch GET 200 https://registry.npmjs.org/node-domexception 137ms (cache miss)
40 silly packumentCache full:https://registry.npmjs.org/node-domexception set size:undefined disposed:false
41 http fetch GET 200 https://registry.npmjs.org/web-streams-polyfill 138ms (cache miss)
42 silly packumentCache full:https://registry.npmjs.org/web-streams-polyfill set size:undefined disposed:false
43 silly placeDep ROOT node-domexception@1.0.0 OK for: fetch-blob@3.2.0 want: ^1.0.0
44 silly placeDep ROOT web-streams-polyfill@3.3.3 OK for: fetch-blob@3.2.0 want: ^3.0.3
45 silly reify moves {}
46 silly audit bulk request {
46 silly audit   '@cypress/request': [ '3.0.7' ],
46 silly audit   '@cypress/request-promise': [ '5.0.0' ],
46 silly audit   'tough-cookie': [ '4.1.4', '2.5.0', '5.1.1' ],
46 silly audit   ajv: [ '6.12.6' ],
46 silly audit   'array-buffer-byte-length': [ '1.0.2' ],
46 silly audit   'array.prototype.findindex': [ '2.2.4' ],
46 silly audit   'arraybuffer.prototype.slice': [ '1.0.4' ],
46 silly audit   asn1: [ '0.2.6' ],
46 silly audit   'assert-plus': [ '1.0.0' ],
46 silly audit   'async-function': [ '1.0.0' ],
46 silly audit   asynckit: [ '0.4.0' ],
46 silly audit   'available-typed-arrays': [ '1.0.7' ],
46 silly audit   'aws-sign2': [ '0.7.0' ],
46 silly audit   aws4: [ '1.13.2' ],
46 silly audit   axios: [ '1.7.9' ],
46 silly audit   'bcrypt-pbkdf': [ '1.0.2' ],
46 silly audit   bl: [ '1.2.3' ],
46 silly audit   bluebird: [ '3.7.2' ],
46 silly audit   boolbase: [ '1.0.0' ],
46 silly audit   'call-bind': [ '1.0.8' ],
46 silly audit   'call-bind-apply-helpers': [ '1.0.2' ],
46 silly audit   'call-bound': [ '1.0.3' ],
46 silly audit   caseless: [ '0.12.0' ],
46 silly audit   cheerio: [ '1.0.0' ],
46 silly audit   'cheerio-select': [ '2.1.0' ],
46 silly audit   child_process: [ '1.0.2' ],
46 silly audit   'combined-stream': [ '1.0.8' ],
46 silly audit   'core-util-is': [ '1.0.3', '1.0.2' ],
46 silly audit   'cron-parser': [ '4.9.0' ],
46 silly audit   'css-select': [ '5.1.0' ],
46 silly audit   'css-what': [ '6.1.0' ],
46 silly audit   dashdash: [ '1.14.1' ],
46 silly audit   'data-view-buffer': [ '1.0.2' ],
46 silly audit   'data-view-byte-length': [ '1.0.2' ],
46 silly audit   'data-view-byte-offset': [ '1.0.1' ],
46 silly audit   debug: [ '3.2.7' ],
46 silly audit   'define-data-property': [ '1.1.4' ],
46 silly audit   'define-properties': [ '1.2.1' ],
46 silly audit   'delayed-stream': [ '1.0.0' ],
46 silly audit   'dom-serializer': [ '2.0.0' ],
46 silly audit   domelementtype: [ '2.3.0' ],
46 silly audit   domhandler: [ '5.0.3' ],
46 silly audit   domutils: [ '3.2.2' ],
46 silly audit   'dunder-proto': [ '1.0.1' ],
46 silly audit   'ecc-jsbn': [ '0.1.2' ],
46 silly audit   'encoding-sniffer': [ '0.2.0' ],
46 silly audit   'end-of-stream': [ '1.4.4' ],
46 silly audit   entities: [ '4.5.0' ],
46 silly audit   'es-abstract': [ '1.23.9' ],
46 silly audit   'es-define-property': [ '1.0.1' ],
46 silly audit   'es-errors': [ '1.3.0' ],
46 silly audit   'es-object-atoms': [ '1.1.1' ],
46 silly audit   'es-set-tostringtag': [ '2.1.0' ],
46 silly audit   'es-shim-unscopables': [ '1.1.0' ],
46 silly audit   'es-to-primitive': [ '1.3.0' ],
46 silly audit   eventemitter3: [ '3.1.2' ],
46 silly audit   extend: [ '3.0.2' ],
46 silly audit   extsprintf: [ '1.3.0' ],
46 silly audit   'fast-deep-equal': [ '3.1.3' ],
46 silly audit   'fast-json-stable-stringify': [ '2.1.0' ],
46 silly audit   'file-type': [ '3.9.0' ],
46 silly audit   'follow-redirects': [ '1.15.9' ],
46 silly audit   'for-each': [ '0.3.5' ],
46 silly audit   'forever-agent': [ '0.6.1' ],
46 silly audit   'form-data': [ '4.0.2', '2.3.3' ],
46 silly audit   fs: [ '0.0.1-security' ],
46 silly audit   'function-bind': [ '1.1.2' ],
46 silly audit   'function.prototype.name': [ '1.1.8' ],
46 silly audit   'functions-have-names': [ '1.2.3' ],
46 silly audit   'get-intrinsic': [ '1.2.7' ],
46 silly audit   'get-proto': [ '1.0.1' ],
46 silly audit   'get-symbol-description': [ '1.1.0' ],
46 silly audit   getpass: [ '0.1.7' ],
46 silly audit   globalthis: [ '1.0.4' ],
46 silly audit   gopd: [ '1.2.0' ],
46 silly audit   'har-schema': [ '2.0.0' ],
46 silly audit   'har-validator': [ '5.1.5' ],
46 silly audit   'has-bigints': [ '1.1.0' ],
46 silly audit   'has-property-descriptors': [ '1.0.2' ],
46 silly audit   'has-proto': [ '1.2.0' ],
46 silly audit   'has-symbols': [ '1.1.0' ],
46 silly audit   'has-tostringtag': [ '1.0.2' ],
46 silly audit   hasown: [ '2.0.2' ],
46 silly audit   htmlparser2: [ '9.1.0' ],
46 silly audit   'http-signature': [ '1.4.0', '1.2.0' ],
46 silly audit   'iconv-lite': [ '0.6.3' ],
46 silly audit   inherits: [ '2.0.4' ],
46 silly audit   'internal-slot': [ '1.1.0' ],
46 silly audit   'is-array-buffer': [ '3.0.5' ],
46 silly audit   'is-async-function': [ '2.1.1' ],
46 silly audit   'is-bigint': [ '1.1.0' ],
46 silly audit   'is-boolean-object': [ '1.2.2' ],
46 silly audit   'is-callable': [ '1.2.7' ],
46 silly audit   'is-data-view': [ '1.0.2' ],
46 silly audit   'is-date-object': [ '1.1.0' ],
46 silly audit   'is-finalizationregistry': [ '1.1.1' ],
46 silly audit   'is-generator-function': [ '1.1.0' ],
46 silly audit   'is-map': [ '2.0.3' ],
46 silly audit   'is-number-object': [ '1.1.1' ],
46 silly audit   'is-regex': [ '1.2.1' ],
46 silly audit   'is-set': [ '2.0.3' ],
46 silly audit   'is-shared-array-buffer': [ '1.0.4' ],
46 silly audit   'is-string': [ '1.1.1' ],
46 silly audit   'is-symbol': [ '1.1.1' ],
46 silly audit   'is-typed-array': [ '1.1.15' ],
46 silly audit   'is-typedarray': [ '1.0.0' ],
46 silly audit   'is-weakmap': [ '2.0.2' ],
46 silly audit   'is-weakref': [ '1.1.1' ],
46 silly audit   'is-weakset': [ '2.0.4' ],
46 silly audit   isarray: [ '1.0.0', '2.0.5' ],
46 silly audit   isstream: [ '0.1.2' ],
46 silly audit   jsbn: [ '0.1.1' ],
46 silly audit   'json-schema': [ '0.4.0' ],
46 silly audit   'json-schema-traverse': [ '0.4.1' ],
46 silly audit   'json-stringify-safe': [ '5.0.1' ],
46 silly audit   jsprim: [ '2.0.2', '1.4.2' ],
46 silly audit   lodash: [ '4.17.21' ],
46 silly audit   'long-timeout': [ '0.1.1' ],
46 silly audit   lowdb: [ '7.0.1' ],
46 silly audit   luxon: [ '3.5.0' ],
46 silly audit   'math-intrinsics': [ '1.1.0' ],
46 silly audit   mime: [ '1.6.0' ],
46 silly audit   'mime-db': [ '1.52.0' ],
46 silly audit   'mime-types': [ '2.1.35' ],
46 silly audit   ms: [ '2.1.3' ],
46 silly audit   'node-schedule': [ '2.1.1' ],
46 silly audit   'node-telegram-bot-api': [ '0.66.0' ],
46 silly audit   'nth-check': [ '2.1.1' ],
46 silly audit   'oauth-sign': [ '0.9.0' ],
46 silly audit   'object-inspect': [ '1.13.4' ],
46 silly audit   'object-keys': [ '1.1.1' ],
46 silly audit   'object.assign': [ '4.1.7' ],
46 silly audit   once: [ '1.4.0' ],
46 silly audit   'own-keys': [ '1.0.1' ],
46 silly audit   parse5: [ '7.2.1' ],
46 silly audit   'parse5-htmlparser2-tree-adapter': [ '7.1.0' ],
46 silly audit   'parse5-parser-stream': [ '7.1.2' ],
46 silly audit   'performance-now': [ '2.1.0' ],
46 silly audit   'possible-typed-array-names': [ '1.1.0' ],
46 silly audit   'process-nextick-args': [ '2.0.1' ],
46 silly audit   'proxy-from-env': [ '1.1.0' ],
46 silly audit   psl: [ '1.15.0' ],
46 silly audit   pump: [ '2.0.1' ],
46 silly audit   punycode: [ '2.3.1' ],
46 silly audit   qs: [ '6.13.1', '6.5.3' ],
46 silly audit   querystringify: [ '2.2.0' ],
46 silly audit   'readable-stream': [ '2.3.8' ],
46 silly audit   'safe-buffer': [ '5.1.2', '5.2.1' ],
46 silly audit   'reflect.getprototypeof': [ '1.0.10' ],
46 silly audit   'regexp.prototype.flags': [ '1.5.4' ],
46 silly audit   request: [ '2.88.2' ],
46 silly audit   'request-promise-core': [ '1.1.3' ],
46 silly audit   uuid: [ '3.4.0', '8.3.2' ],
46 silly audit   'requires-port': [ '1.0.0' ],
46 silly audit   'safe-array-concat': [ '1.1.3' ],
46 silly audit   'safe-push-apply': [ '1.0.0' ],
46 silly audit   'safe-regex-test': [ '1.1.0' ],
46 silly audit   'safer-buffer': [ '2.1.2' ],
46 silly audit   'set-function-length': [ '1.2.2' ],
46 silly audit   'set-function-name': [ '2.0.2' ],
46 silly audit   'set-proto': [ '1.0.0' ],
46 silly audit   'side-channel': [ '1.1.0' ],
46 silly audit   'side-channel-list': [ '1.0.0' ],
46 silly audit   'side-channel-map': [ '1.0.1' ],
46 silly audit   'side-channel-weakmap': [ '1.0.2' ],
46 silly audit   'sorted-array-functions': [ '1.3.0' ],
46 silly audit   sshpk: [ '1.18.0' ],
46 silly audit   'stealthy-require': [ '1.1.1' ],
46 silly audit   steno: [ '4.0.2' ],
46 silly audit   string_decoder: [ '1.1.1' ],
46 silly audit   'string.prototype.trim': [ '1.2.10' ],
46 silly audit   'string.prototype.trimend': [ '1.0.9' ],
46 silly audit   'string.prototype.trimstart': [ '1.0.8' ],
46 silly audit   tldts: [ '6.1.77' ],
46 silly audit   'tldts-core': [ '6.1.77' ],
46 silly audit   'tunnel-agent': [ '0.6.0' ],
46 silly audit   tweetnacl: [ '0.14.5' ],
46 silly audit   'typed-array-buffer': [ '1.0.3' ],
46 silly audit   'typed-array-byte-length': [ '1.0.3' ],
46 silly audit   'typed-array-byte-offset': [ '1.0.4' ],
46 silly audit   'typed-array-length': [ '1.0.7' ],
46 silly audit   'unbox-primitive': [ '1.1.0' ],
46 silly audit   undici: [ '6.21.1' ],
46 silly audit   universalify: [ '0.2.0' ],
46 silly audit   'uri-js': [ '4.4.1' ],
46 silly audit   'url-parse': [ '1.5.10' ],
46 silly audit   'util-deprecate': [ '1.0.2' ],
46 silly audit   verror: [ '1.10.0' ],
46 silly audit   'whatwg-encoding': [ '3.1.1' ],
46 silly audit   'whatwg-mimetype': [ '4.0.0' ],
46 silly audit   'which-boxed-primitive': [ '1.1.1' ],
46 silly audit   'which-builtin-type': [ '1.2.1' ],
46 silly audit   'which-collection': [ '1.0.2' ],
46 silly audit   'which-typed-array': [ '1.1.18' ],
46 silly audit   wrappy: [ '1.0.2' ],
46 silly audit   'node-fetch': [ '3.3.2' ],
46 silly audit   'data-uri-to-buffer': [ '4.0.1' ],
46 silly audit   'fetch-blob': [ '3.2.0' ],
46 silly audit   'formdata-polyfill': [ '4.0.10' ],
46 silly audit   'node-domexception': [ '1.0.0' ],
46 silly audit   'web-streams-polyfill': [ '3.3.3' ]
46 silly audit }
47 http cache formdata-polyfill@https://registry.npmjs.org/formdata-polyfill/-/formdata-polyfill-4.0.10.tgz 0ms (cache hit)
48 http cache node-domexception@https://registry.npmjs.org/node-domexception/-/node-domexception-1.0.0.tgz 0ms (cache hit)
49 http cache web-streams-polyfill@https://registry.npmjs.org/web-streams-polyfill/-/web-streams-polyfill-3.3.3.tgz 0ms (cache hit)
50 http cache fetch-blob@https://registry.npmjs.org/fetch-blob/-/fetch-blob-3.2.0.tgz 0ms (cache hit)
51 http cache node-fetch@https://registry.npmjs.org/node-fetch/-/node-fetch-3.3.2.tgz 0ms (cache hit)
52 http cache data-uri-to-buffer@https://registry.npmjs.org/data-uri-to-buffer/-/data-uri-to-buffer-4.0.1.tgz 0ms (cache hit)
53 silly tarball no local data for formdata-polyfill@https://registry.npmjs.org/formdata-polyfill/-/formdata-polyfill-4.0.10.tgz. Extracting by manifest.
54 silly tarball no local data for node-domexception@https://registry.npmjs.org/node-domexception/-/node-domexception-1.0.0.tgz. Extracting by manifest.
55 silly tarball no local data for web-streams-polyfill@https://registry.npmjs.org/web-streams-polyfill/-/web-streams-polyfill-3.3.3.tgz. Extracting by manifest.
56 silly tarball no local data for fetch-blob@https://registry.npmjs.org/fetch-blob/-/fetch-blob-3.2.0.tgz. Extracting by manifest.
57 silly tarball no local data for node-fetch@https://registry.npmjs.org/node-fetch/-/node-fetch-3.3.2.tgz. Extracting by manifest.
58 silly tarball no local data for data-uri-to-buffer@https://registry.npmjs.org/data-uri-to-buffer/-/data-uri-to-buffer-4.0.1.tgz. Extracting by manifest.
59 http fetch GET 200 https://registry.npmjs.org/formdata-polyfill/-/formdata-polyfill-4.0.10.tgz 275ms (cache miss)
60 http fetch POST 200 https://registry.npmjs.org/-/npm/v1/security/advisories/bulk 358ms
61 silly audit report {
61 silly audit report   'tough-cookie': [
61 silly audit report     {
61 silly audit report       id: 1097682,
61 silly audit report       url: 'https://github.com/advisories/GHSA-72xf-g2v4-qvf3',
61 silly audit report       title: 'tough-cookie Prototype Pollution vulnerability',
61 silly audit report       severity: 'moderate',
61 silly audit report       vulnerable_versions: '<4.1.3',
61 silly audit report       cwe: [Array],
61 silly audit report       cvss: [Object]
61 silly audit report     }
61 silly audit report   ],
61 silly audit report   request: [
61 silly audit report     {
61 silly audit report       id: 1096727,
61 silly audit report       url: 'https://github.com/advisories/GHSA-p8p7-x288-28g6',
61 silly audit report       title: 'Server-Side Request Forgery in Request',
61 silly audit report       severity: 'moderate',
61 silly audit report       vulnerable_versions: '<=2.88.2',
61 silly audit report       cwe: [Array],
61 silly audit report       cvss: [Object]
61 silly audit report     }
61 silly audit report   ]
61 silly audit report }
62 silly packumentCache corgi:https://registry.npmjs.org/tough-cookie cache-miss
63 silly packumentCache corgi:https://registry.npmjs.org/request cache-miss
64 http fetch GET 200 https://registry.npmjs.org/data-uri-to-buffer/-/data-uri-to-buffer-4.0.1.tgz 492ms (cache miss)
65 http fetch GET 200 https://registry.npmjs.org/node-domexception/-/node-domexception-1.0.0.tgz 518ms (cache miss)
66 http fetch GET 200 https://registry.npmjs.org/fetch-blob/-/fetch-blob-3.2.0.tgz 504ms (cache miss)
67 http fetch GET 200 https://registry.npmjs.org/tough-cookie 284ms (cache updated)
68 silly packumentCache corgi:https://registry.npmjs.org/tough-cookie set size:undefined disposed:false
69 http fetch GET 200 https://registry.npmjs.org/node-fetch/-/node-fetch-3.3.2.tgz 608ms (cache miss)
70 http fetch GET 200 https://registry.npmjs.org/request 312ms (cache updated)
71 silly packumentCache corgi:https://registry.npmjs.org/request set size:undefined disposed:false
72 silly packumentCache corgi:https://registry.npmjs.org/request-promise-core cache-miss
73 http fetch GET 200 https://registry.npmjs.org/request-promise-core 117ms (cache updated)
74 silly packumentCache corgi:https://registry.npmjs.org/request-promise-core set size:undefined disposed:false
75 silly packumentCache corgi:https://registry.npmjs.org/@cypress%2frequest-promise cache-miss
76 http fetch GET 200 https://registry.npmjs.org/@cypress%2frequest-promise 511ms (cache updated)
77 silly packumentCache corgi:https://registry.npmjs.org/@cypress%2frequest-promise set size:undefined disposed:false
78 silly packumentCache corgi:https://registry.npmjs.org/node-telegram-bot-api cache-miss
79 http fetch GET 200 https://registry.npmjs.org/node-telegram-bot-api 185ms (cache updated)
80 silly packumentCache corgi:https://registry.npmjs.org/node-telegram-bot-api set size:undefined disposed:false
81 http fetch GET 200 https://registry.npmjs.org/web-streams-polyfill/-/web-streams-polyfill-3.3.3.tgz 1547ms (cache miss)
82 silly ADD node_modules/web-streams-polyfill
83 silly ADD node_modules/node-domexception
84 silly ADD node_modules/formdata-polyfill
85 silly ADD node_modules/fetch-blob
86 silly ADD node_modules/data-uri-to-buffer
87 silly ADD node_modules/node-fetch
88 verbose cwd /data/data/com.termux/files/home/bot
89 verbose os Linux 5.10.218-android12-9-00025-g7e8d2909ab18-ab12292143
90 verbose node v23.6.1
91 verbose npm  v10.9.2
92 verbose exit 0
93 info ok
