0 verbose cli /data/data/com.termux/files/usr/bin/node /data/data/com.termux/files/usr/bin/npm
1 info using npm@10.9.2
2 info using node@v23.6.1
3 silly config load:file:/data/data/com.termux/files/usr/lib/node_modules/npm/npmrc
4 silly config load:file:/data/data/com.termux/files/home/bot/.npmrc
5 silly config load:file:/data/data/com.termux/files/home/.npmrc
6 silly config load:file:/data/data/com.termux/files/usr/etc/npmrc
7 verbose title npm install jsdom
8 verbose argv "install" "jsdom"
9 verbose logfile logs-max:10 dir:/data/data/com.termux/files/home/.npm/_logs/2025-02-21T23_28_13_841Z-
10 verbose logfile /data/data/com.termux/files/home/.npm/_logs/2025-02-21T23_28_13_841Z-debug-0.log
11 silly logfile start cleaning logs, removing 1 files
12 silly logfile done cleaning log files
13 silly packumentCache heap:1005322240 maxSize:251330560 maxEntrySize:125665280
14 silly idealTree buildDeps
15 silly fetch manifest jsdom@*
16 silly packumentCache full:https://registry.npmjs.org/jsdom cache-miss
17 http fetch GET 200 https://registry.npmjs.org/jsdom 735ms (cache miss)
18 silly packumentCache full:https://registry.npmjs.org/jsdom set size:undefined disposed:false
19 silly fetch manifest canvas@^3.0.0
20 silly packumentCache full:https://registry.npmjs.org/canvas cache-miss
21 http fetch GET 200 https://registry.npmjs.org/canvas 158ms (cache miss)
22 silly packumentCache full:https://registry.npmjs.org/canvas set size:undefined disposed:false
23 silly placeDep ROOT jsdom@26.0.0 OK for: bot@1.0.0 want: *
24 silly fetch manifest cssstyle@^4.2.1
25 silly packumentCache full:https://registry.npmjs.org/cssstyle cache-miss
26 silly fetch manifest data-urls@^5.0.0
27 silly packumentCache full:https://registry.npmjs.org/data-urls cache-miss
28 silly fetch manifest decimal.js@^10.4.3
29 silly packumentCache full:https://registry.npmjs.org/decimal.js cache-miss
30 silly fetch manifest html-encoding-sniffer@^4.0.0
31 silly packumentCache full:https://registry.npmjs.org/html-encoding-sniffer cache-miss
32 silly fetch manifest http-proxy-agent@^7.0.2
33 silly packumentCache full:https://registry.npmjs.org/http-proxy-agent cache-miss
34 silly fetch manifest https-proxy-agent@^7.0.6
35 silly packumentCache full:https://registry.npmjs.org/https-proxy-agent cache-miss
36 silly fetch manifest is-potential-custom-element-name@^1.0.1
37 silly packumentCache full:https://registry.npmjs.org/is-potential-custom-element-name cache-miss
38 http fetch GET 200 https://registry.npmjs.org/is-potential-custom-element-name 374ms (cache miss)
39 silly packumentCache full:https://registry.npmjs.org/is-potential-custom-element-name set size:undefined disposed:false
40 silly fetch manifest nwsapi@^2.2.16
41 silly packumentCache full:https://registry.npmjs.org/nwsapi cache-miss
42 http fetch GET 200 https://registry.npmjs.org/html-encoding-sniffer 388ms (cache miss)
43 silly packumentCache full:https://registry.npmjs.org/html-encoding-sniffer set size:undefined disposed:false
44 silly fetch manifest rrweb-cssom@^0.8.0
45 silly packumentCache full:https://registry.npmjs.org/rrweb-cssom cache-miss
46 http fetch GET 200 https://registry.npmjs.org/http-proxy-agent 404ms (cache miss)
47 silly packumentCache full:https://registry.npmjs.org/http-proxy-agent set size:undefined disposed:false
48 silly fetch manifest saxes@^6.0.0
49 silly packumentCache full:https://registry.npmjs.org/saxes cache-miss
50 http fetch GET 200 https://registry.npmjs.org/https-proxy-agent 414ms (cache miss)
51 silly packumentCache full:https://registry.npmjs.org/https-proxy-agent set size:undefined disposed:false
52 silly fetch manifest symbol-tree@^3.2.4
53 silly packumentCache full:https://registry.npmjs.org/symbol-tree cache-miss
54 http fetch GET 200 https://registry.npmjs.org/cssstyle 455ms (cache miss)
55 silly packumentCache full:https://registry.npmjs.org/cssstyle set size:undefined disposed:false
56 silly fetch manifest w3c-xmlserializer@^5.0.0
57 silly packumentCache full:https://registry.npmjs.org/w3c-xmlserializer cache-miss
58 http fetch GET 200 https://registry.npmjs.org/decimal.js 462ms (cache miss)
59 silly packumentCache full:https://registry.npmjs.org/decimal.js set size:undefined disposed:false
60 silly fetch manifest webidl-conversions@^7.0.0
61 silly packumentCache full:https://registry.npmjs.org/webidl-conversions cache-miss
62 http fetch GET 200 https://registry.npmjs.org/nwsapi 194ms (cache miss)
63 silly packumentCache full:https://registry.npmjs.org/nwsapi set size:undefined disposed:false
64 silly fetch manifest whatwg-url@^14.1.0
65 silly packumentCache full:https://registry.npmjs.org/whatwg-url cache-miss
66 http fetch GET 200 https://registry.npmjs.org/webidl-conversions 147ms (cache miss)
67 silly packumentCache full:https://registry.npmjs.org/webidl-conversions set size:undefined disposed:false
68 silly fetch manifest ws@^8.18.0
69 silly packumentCache full:https://registry.npmjs.org/ws cache-miss
70 http fetch GET 200 https://registry.npmjs.org/symbol-tree 195ms (cache miss)
71 silly packumentCache full:https://registry.npmjs.org/symbol-tree set size:undefined disposed:false
72 silly fetch manifest xml-name-validator@^5.0.0
73 silly packumentCache full:https://registry.npmjs.org/xml-name-validator cache-miss
74 http fetch GET 200 https://registry.npmjs.org/w3c-xmlserializer 175ms (cache miss)
75 silly packumentCache full:https://registry.npmjs.org/w3c-xmlserializer set size:undefined disposed:false
76 http fetch GET 200 https://registry.npmjs.org/saxes 238ms (cache miss)
77 silly packumentCache full:https://registry.npmjs.org/saxes set size:undefined disposed:false
78 http fetch GET 200 https://registry.npmjs.org/whatwg-url 105ms (cache miss)
79 silly packumentCache full:https://registry.npmjs.org/whatwg-url set size:undefined disposed:false
80 http fetch GET 200 https://registry.npmjs.org/xml-name-validator 156ms (cache miss)
81 silly packumentCache full:https://registry.npmjs.org/xml-name-validator set size:undefined disposed:false
82 http fetch GET 200 https://registry.npmjs.org/data-urls 791ms (cache miss)
83 silly packumentCache full:https://registry.npmjs.org/data-urls set size:undefined disposed:false
84 http fetch GET 200 https://registry.npmjs.org/ws 173ms (cache miss)
85 silly packumentCache full:https://registry.npmjs.org/ws set size:undefined disposed:false
86 http fetch GET 200 https://registry.npmjs.org/rrweb-cssom 775ms (cache miss)
87 silly packumentCache full:https://registry.npmjs.org/rrweb-cssom set size:undefined disposed:false
88 silly fetch manifest bufferutil@^4.0.1
89 silly packumentCache full:https://registry.npmjs.org/bufferutil cache-miss
90 http fetch GET 200 https://registry.npmjs.org/bufferutil 139ms (cache miss)
91 silly packumentCache full:https://registry.npmjs.org/bufferutil set size:undefined disposed:false
92 silly fetch manifest utf-8-validate@>=5.0.2
93 silly packumentCache full:https://registry.npmjs.org/utf-8-validate cache-miss
94 http fetch GET 200 https://registry.npmjs.org/utf-8-validate 136ms (cache miss)
95 silly packumentCache full:https://registry.npmjs.org/utf-8-validate set size:undefined disposed:false
96 silly placeDep ROOT cssstyle@4.2.1 OK for: jsdom@26.0.0 want: ^4.2.1
97 silly placeDep ROOT data-urls@5.0.0 OK for: jsdom@26.0.0 want: ^5.0.0
98 silly placeDep ROOT decimal.js@10.5.0 OK for: jsdom@26.0.0 want: ^10.4.3
99 silly placeDep ROOT html-encoding-sniffer@4.0.0 OK for: jsdom@26.0.0 want: ^4.0.0
100 silly placeDep ROOT http-proxy-agent@7.0.2 OK for: jsdom@26.0.0 want: ^7.0.2
101 silly placeDep ROOT https-proxy-agent@7.0.6 OK for: jsdom@26.0.0 want: ^7.0.6
102 silly placeDep ROOT is-potential-custom-element-name@1.0.1 OK for: jsdom@26.0.0 want: ^1.0.1
103 silly placeDep ROOT nwsapi@2.2.16 OK for: jsdom@26.0.0 want: ^2.2.16
104 silly placeDep ROOT rrweb-cssom@0.8.0 OK for: jsdom@26.0.0 want: ^0.8.0
105 silly placeDep ROOT saxes@6.0.0 OK for: jsdom@26.0.0 want: ^6.0.0
106 silly placeDep ROOT symbol-tree@3.2.4 OK for: jsdom@26.0.0 want: ^3.2.4
107 silly placeDep ROOT w3c-xmlserializer@5.0.0 OK for: jsdom@26.0.0 want: ^5.0.0
108 silly placeDep ROOT webidl-conversions@7.0.0 OK for: jsdom@26.0.0 want: ^7.0.0
109 silly placeDep ROOT whatwg-url@14.1.1 OK for: jsdom@26.0.0 want: ^14.1.0
110 silly placeDep ROOT ws@8.18.1 OK for: jsdom@26.0.0 want: ^8.18.0
111 silly placeDep ROOT xml-name-validator@5.0.0 OK for: jsdom@26.0.0 want: ^5.0.0
112 silly fetch manifest @asamuzakjp/css-color@^2.8.2
113 silly packumentCache full:https://registry.npmjs.org/@asamuzakjp%2fcss-color cache-miss
114 silly fetch manifest whatwg-url@^14.0.0
115 silly packumentCache full:https://registry.npmjs.org/whatwg-url cache-miss
116 silly fetch manifest agent-base@^7.1.0
117 silly packumentCache full:https://registry.npmjs.org/agent-base cache-miss
118 silly fetch manifest debug@^4.3.4
119 silly packumentCache full:https://registry.npmjs.org/debug cache-miss
120 silly fetch manifest agent-base@^7.1.2
121 silly packumentCache full:https://registry.npmjs.org/agent-base cache-miss
122 silly fetch manifest debug@4
123 silly packumentCache full:https://registry.npmjs.org/debug cache-miss
124 silly fetch manifest xmlchars@^2.2.0
125 silly packumentCache full:https://registry.npmjs.org/xmlchars cache-miss
126 http cache https://registry.npmjs.org/whatwg-url 74ms (cache hit)
127 silly packumentCache full:https://registry.npmjs.org/whatwg-url set size:158204 disposed:false
128 silly fetch manifest tr46@^5.0.0
129 silly packumentCache full:https://registry.npmjs.org/tr46 cache-miss
130 http fetch GET 200 https://registry.npmjs.org/agent-base 220ms (cache miss)
131 silly packumentCache full:https://registry.npmjs.org/agent-base set size:undefined disposed:false
132 http fetch GET 200 https://registry.npmjs.org/agent-base 230ms (cache miss)
133 silly packumentCache full:https://registry.npmjs.org/agent-base set size:undefined disposed:false
134 http fetch GET 200 https://registry.npmjs.org/xmlchars 223ms (cache miss)
135 silly packumentCache full:https://registry.npmjs.org/xmlchars set size:undefined disposed:false
136 http fetch GET 200 https://registry.npmjs.org/tr46 163ms (cache miss)
137 silly packumentCache full:https://registry.npmjs.org/tr46 set size:undefined disposed:false
138 http fetch GET 200 https://registry.npmjs.org/debug 240ms (cache updated)
139 silly packumentCache full:https://registry.npmjs.org/debug set size:undefined disposed:false
140 http fetch GET 200 https://registry.npmjs.org/debug 261ms (cache updated)
141 silly packumentCache full:https://registry.npmjs.org/debug set size:undefined disposed:false
142 http fetch GET 200 https://registry.npmjs.org/@asamuzakjp%2fcss-color 1683ms (cache miss)
143 silly packumentCache full:https://registry.npmjs.org/@asamuzakjp%2fcss-color set size:undefined disposed:false
144 silly placeDep ROOT @asamuzakjp/css-color@2.8.3 OK for: cssstyle@4.2.1 want: ^2.8.2
145 silly fetch manifest lru-cache@^10.4.3
146 silly packumentCache full:https://registry.npmjs.org/lru-cache cache-miss
147 silly fetch manifest @csstools/css-calc@^2.1.1
148 silly packumentCache full:https://registry.npmjs.org/@csstools%2fcss-calc cache-miss
149 silly fetch manifest @csstools/css-tokenizer@^3.0.3
150 silly packumentCache full:https://registry.npmjs.org/@csstools%2fcss-tokenizer cache-miss
151 silly fetch manifest @csstools/css-color-parser@^3.0.7
152 silly packumentCache full:https://registry.npmjs.org/@csstools%2fcss-color-parser cache-miss
153 silly fetch manifest @csstools/css-parser-algorithms@^3.0.4
154 silly packumentCache full:https://registry.npmjs.org/@csstools%2fcss-parser-algorithms cache-miss
155 http fetch GET 200 https://registry.npmjs.org/lru-cache 185ms (cache miss)
156 silly packumentCache full:https://registry.npmjs.org/lru-cache set size:undefined disposed:false
157 http fetch GET 200 https://registry.npmjs.org/@csstools%2fcss-calc 366ms (cache miss)
158 silly packumentCache full:https://registry.npmjs.org/@csstools%2fcss-calc set size:undefined disposed:false
159 http fetch GET 200 https://registry.npmjs.org/@csstools%2fcss-tokenizer 368ms (cache miss)
160 silly packumentCache full:https://registry.npmjs.org/@csstools%2fcss-tokenizer set size:undefined disposed:false
161 http fetch GET 200 https://registry.npmjs.org/@csstools%2fcss-parser-algorithms 371ms (cache miss)
162 silly packumentCache full:https://registry.npmjs.org/@csstools%2fcss-parser-algorithms set size:undefined disposed:false
163 http fetch GET 200 https://registry.npmjs.org/@csstools%2fcss-color-parser 1644ms (cache miss)
164 silly packumentCache full:https://registry.npmjs.org/@csstools%2fcss-color-parser set size:undefined disposed:false
165 silly placeDep ROOT @csstools/css-calc@2.1.1 OK for: @asamuzakjp/css-color@2.8.3 want: ^2.1.1
166 silly placeDep ROOT @csstools/css-parser-algorithms@3.0.4 OK for: @csstools/css-calc@2.1.1 want: ^3.0.4
167 silly placeDep ROOT @csstools/css-tokenizer@3.0.3 OK for: @csstools/css-parser-algorithms@3.0.4 want: ^3.0.3
168 silly placeDep ROOT @csstools/css-color-parser@3.0.7 OK for: @asamuzakjp/css-color@2.8.3 want: ^3.0.7
169 silly placeDep ROOT lru-cache@10.4.3 OK for: @asamuzakjp/css-color@2.8.3 want: ^10.4.3
170 silly fetch manifest @csstools/color-helpers@^5.0.1
171 silly packumentCache full:https://registry.npmjs.org/@csstools%2fcolor-helpers cache-miss
172 http fetch GET 200 https://registry.npmjs.org/@csstools%2fcolor-helpers 325ms (cache miss)
173 silly packumentCache full:https://registry.npmjs.org/@csstools%2fcolor-helpers set size:undefined disposed:false
174 silly placeDep ROOT @csstools/color-helpers@5.0.1 OK for: @csstools/css-color-parser@3.0.7 want: ^5.0.1
175 silly placeDep ROOT agent-base@7.1.3 OK for: http-proxy-agent@7.0.2 want: ^7.1.0
176 silly placeDep node_modules/http-proxy-agent debug@4.4.0 OK for: http-proxy-agent@7.0.2 want: ^4.3.4
177 silly placeDep node_modules/https-proxy-agent debug@4.4.0 OK for: https-proxy-agent@7.0.6 want: 4
178 silly placeDep ROOT xmlchars@2.2.0 OK for: saxes@6.0.0 want: ^2.2.0
179 silly placeDep ROOT tr46@5.0.0 OK for: whatwg-url@14.1.1 want: ^5.0.0
180 silly reify moves {}
181 silly audit bulk request {
181 silly audit   '@cypress/request': [ '3.0.7' ],
181 silly audit   '@cypress/request-promise': [ '5.0.0' ],
181 silly audit   'tough-cookie': [ '4.1.4', '2.5.0', '5.1.1' ],
181 silly audit   ajv: [ '6.12.6' ],
181 silly audit   'array-buffer-byte-length': [ '1.0.2' ],
181 silly audit   'array.prototype.findindex': [ '2.2.4' ],
181 silly audit   'arraybuffer.prototype.slice': [ '1.0.4' ],
181 silly audit   asn1: [ '0.2.6' ],
181 silly audit   'assert-plus': [ '1.0.0' ],
181 silly audit   'async-function': [ '1.0.0' ],
181 silly audit   asynckit: [ '0.4.0' ],
181 silly audit   'available-typed-arrays': [ '1.0.7' ],
181 silly audit   'aws-sign2': [ '0.7.0' ],
181 silly audit   aws4: [ '1.13.2' ],
181 silly audit   axios: [ '1.7.9' ],
181 silly audit   'bcrypt-pbkdf': [ '1.0.2' ],
181 silly audit   bl: [ '1.2.3' ],
181 silly audit   bluebird: [ '3.7.2' ],
181 silly audit   boolbase: [ '1.0.0' ],
181 silly audit   'call-bind': [ '1.0.8' ],
181 silly audit   'call-bind-apply-helpers': [ '1.0.2' ],
181 silly audit   'call-bound': [ '1.0.3' ],
181 silly audit   caseless: [ '0.12.0' ],
181 silly audit   cheerio: [ '1.0.0' ],
181 silly audit   'cheerio-select': [ '2.1.0' ],
181 silly audit   child_process: [ '1.0.2' ],
181 silly audit   'combined-stream': [ '1.0.8' ],
181 silly audit   'core-util-is': [ '1.0.3', '1.0.2' ],
181 silly audit   'cron-parser': [ '4.9.0' ],
181 silly audit   'css-select': [ '5.1.0' ],
181 silly audit   'css-what': [ '6.1.0' ],
181 silly audit   dashdash: [ '1.14.1' ],
181 silly audit   'data-uri-to-buffer': [ '4.0.1' ],
181 silly audit   'data-view-buffer': [ '1.0.2' ],
181 silly audit   'data-view-byte-length': [ '1.0.2' ],
181 silly audit   'data-view-byte-offset': [ '1.0.1' ],
181 silly audit   debug: [ '3.2.7', '4.4.0' ],
181 silly audit   'define-data-property': [ '1.1.4' ],
181 silly audit   'define-properties': [ '1.2.1' ],
181 silly audit   'delayed-stream': [ '1.0.0' ],
181 silly audit   'dom-serializer': [ '2.0.0' ],
181 silly audit   domelementtype: [ '2.3.0' ],
181 silly audit   domhandler: [ '5.0.3' ],
181 silly audit   domutils: [ '3.2.2' ],
181 silly audit   'dunder-proto': [ '1.0.1' ],
181 silly audit   'ecc-jsbn': [ '0.1.2' ],
181 silly audit   'encoding-sniffer': [ '0.2.0' ],
181 silly audit   'end-of-stream': [ '1.4.4' ],
181 silly audit   entities: [ '4.5.0' ],
181 silly audit   'es-abstract': [ '1.23.9' ],
181 silly audit   'es-define-property': [ '1.0.1' ],
181 silly audit   'es-errors': [ '1.3.0' ],
181 silly audit   'es-object-atoms': [ '1.1.1' ],
181 silly audit   'es-set-tostringtag': [ '2.1.0' ],
181 silly audit   'es-shim-unscopables': [ '1.1.0' ],
181 silly audit   'es-to-primitive': [ '1.3.0' ],
181 silly audit   eventemitter3: [ '3.1.2' ],
181 silly audit   extend: [ '3.0.2' ],
181 silly audit   extsprintf: [ '1.3.0' ],
181 silly audit   'fast-deep-equal': [ '3.1.3' ],
181 silly audit   'fast-json-stable-stringify': [ '2.1.0' ],
181 silly audit   'fetch-blob': [ '3.2.0' ],
181 silly audit   'file-type': [ '3.9.0' ],
181 silly audit   'follow-redirects': [ '1.15.9' ],
181 silly audit   'for-each': [ '0.3.5' ],
181 silly audit   'forever-agent': [ '0.6.1' ],
181 silly audit   'form-data': [ '4.0.2', '2.3.3' ],
181 silly audit   'formdata-polyfill': [ '4.0.10' ],
181 silly audit   fs: [ '0.0.1-security' ],
181 silly audit   'function-bind': [ '1.1.2' ],
181 silly audit   'function.prototype.name': [ '1.1.8' ],
181 silly audit   'functions-have-names': [ '1.2.3' ],
181 silly audit   'get-intrinsic': [ '1.2.7' ],
181 silly audit   'get-proto': [ '1.0.1' ],
181 silly audit   'get-symbol-description': [ '1.1.0' ],
181 silly audit   getpass: [ '0.1.7' ],
181 silly audit   globalthis: [ '1.0.4' ],
181 silly audit   gopd: [ '1.2.0' ],
181 silly audit   'har-schema': [ '2.0.0' ],
181 silly audit   'har-validator': [ '5.1.5' ],
181 silly audit   'has-bigints': [ '1.1.0' ],
181 silly audit   'has-property-descriptors': [ '1.0.2' ],
181 silly audit   'has-proto': [ '1.2.0' ],
181 silly audit   'has-symbols': [ '1.1.0' ],
181 silly audit   'has-tostringtag': [ '1.0.2' ],
181 silly audit   hasown: [ '2.0.2' ],
181 silly audit   htmlparser2: [ '9.1.0' ],
181 silly audit   'http-signature': [ '1.4.0', '1.2.0' ],
181 silly audit   'iconv-lite': [ '0.6.3' ],
181 silly audit   inherits: [ '2.0.4' ],
181 silly audit   'internal-slot': [ '1.1.0' ],
181 silly audit   'is-array-buffer': [ '3.0.5' ],
181 silly audit   'is-async-function': [ '2.1.1' ],
181 silly audit   'is-bigint': [ '1.1.0' ],
181 silly audit   'is-boolean-object': [ '1.2.2' ],
181 silly audit   'is-callable': [ '1.2.7' ],
181 silly audit   'is-data-view': [ '1.0.2' ],
181 silly audit   'is-date-object': [ '1.1.0' ],
181 silly audit   'is-finalizationregistry': [ '1.1.1' ],
181 silly audit   'is-generator-function': [ '1.1.0' ],
181 silly audit   'is-map': [ '2.0.3' ],
181 silly audit   'is-number-object': [ '1.1.1' ],
181 silly audit   'is-regex': [ '1.2.1' ],
181 silly audit   'is-set': [ '2.0.3' ],
181 silly audit   'is-shared-array-buffer': [ '1.0.4' ],
181 silly audit   'is-string': [ '1.1.1' ],
181 silly audit   'is-symbol': [ '1.1.1' ],
181 silly audit   'is-typed-array': [ '1.1.15' ],
181 silly audit   'is-typedarray': [ '1.0.0' ],
181 silly audit   'is-weakmap': [ '2.0.2' ],
181 silly audit   'is-weakref': [ '1.1.1' ],
181 silly audit   'is-weakset': [ '2.0.4' ],
181 silly audit   isarray: [ '1.0.0', '2.0.5' ],
181 silly audit   isstream: [ '0.1.2' ],
181 silly audit   jsbn: [ '0.1.1' ],
181 silly audit   'json-schema': [ '0.4.0' ],
181 silly audit   'json-schema-traverse': [ '0.4.1' ],
181 silly audit   'json-stringify-safe': [ '5.0.1' ],
181 silly audit   jsprim: [ '2.0.2', '1.4.2' ],
181 silly audit   lodash: [ '4.17.21' ],
181 silly audit   'long-timeout': [ '0.1.1' ],
181 silly audit   lowdb: [ '7.0.1' ],
181 silly audit   luxon: [ '3.5.0' ],
181 silly audit   'math-intrinsics': [ '1.1.0' ],
181 silly audit   mime: [ '1.6.0' ],
181 silly audit   'mime-db': [ '1.52.0' ],
181 silly audit   'mime-types': [ '2.1.35' ],
181 silly audit   ms: [ '2.1.3' ],
181 silly audit   'node-domexception': [ '1.0.0' ],
181 silly audit   'node-fetch': [ '3.3.2' ],
181 silly audit   'node-schedule': [ '2.1.1' ],
181 silly audit   'node-telegram-bot-api': [ '0.66.0' ],
181 silly audit   'nth-check': [ '2.1.1' ],
181 silly audit   'oauth-sign': [ '0.9.0' ],
181 silly audit   'object-inspect': [ '1.13.4' ],
181 silly audit   'object-keys': [ '1.1.1' ],
181 silly audit   'object.assign': [ '4.1.7' ],
181 silly audit   once: [ '1.4.0' ],
181 silly audit   'own-keys': [ '1.0.1' ],
181 silly audit   parse5: [ '7.2.1' ],
181 silly audit   'parse5-htmlparser2-tree-adapter': [ '7.1.0' ],
181 silly audit   'parse5-parser-stream': [ '7.1.2' ],
181 silly audit   'performance-now': [ '2.1.0' ],
181 silly audit   'possible-typed-array-names': [ '1.1.0' ],
181 silly audit   'process-nextick-args': [ '2.0.1' ],
181 silly audit   'proxy-from-env': [ '1.1.0' ],
181 silly audit   psl: [ '1.15.0' ],
181 silly audit   pump: [ '2.0.1' ],
181 silly audit   punycode: [ '2.3.1' ],
181 silly audit   qs: [ '6.13.1', '6.5.3' ],
181 silly audit   querystringify: [ '2.2.0' ],
181 silly audit   'readable-stream': [ '2.3.8' ],
181 silly audit   'safe-buffer': [ '5.1.2', '5.2.1' ],
181 silly audit   'reflect.getprototypeof': [ '1.0.10' ],
181 silly audit   'regexp.prototype.flags': [ '1.5.4' ],
181 silly audit   request: [ '2.88.2' ],
181 silly audit   'request-promise-core': [ '1.1.3' ],
181 silly audit   uuid: [ '3.4.0', '8.3.2' ],
181 silly audit   'requires-port': [ '1.0.0' ],
181 silly audit   'safe-array-concat': [ '1.1.3' ],
181 silly audit   'safe-push-apply': [ '1.0.0' ],
181 silly audit   'safe-regex-test': [ '1.1.0' ],
181 silly audit   'safer-buffer': [ '2.1.2' ],
181 silly audit   'set-function-length': [ '1.2.2' ],
181 silly audit   'set-function-name': [ '2.0.2' ],
181 silly audit   'set-proto': [ '1.0.0' ],
181 silly audit   'side-channel': [ '1.1.0' ],
181 silly audit   'side-channel-list': [ '1.0.0' ],
181 silly audit   'side-channel-map': [ '1.0.1' ],
181 silly audit   'side-channel-weakmap': [ '1.0.2' ],
181 silly audit   'sorted-array-functions': [ '1.3.0' ],
181 silly audit   sshpk: [ '1.18.0' ],
181 silly audit   'stealthy-require': [ '1.1.1' ],
181 silly audit   steno: [ '4.0.2' ],
181 silly audit   string_decoder: [ '1.1.1' ],
181 silly audit   'string.prototype.trim': [ '1.2.10' ],
181 silly audit   'string.prototype.trimend': [ '1.0.9' ],
181 silly audit   'string.prototype.trimstart': [ '1.0.8' ],
181 silly audit   tldts: [ '6.1.77' ],
181 silly audit   'tldts-core': [ '6.1.77' ],
181 silly audit   'tunnel-agent': [ '0.6.0' ],
181 silly audit   tweetnacl: [ '0.14.5' ],
181 silly audit   'typed-array-buffer': [ '1.0.3' ],
181 silly audit   'typed-array-byte-length': [ '1.0.3' ],
181 silly audit   'typed-array-byte-offset': [ '1.0.4' ],
181 silly audit   'typed-array-length': [ '1.0.7' ],
181 silly audit   'unbox-primitive': [ '1.1.0' ],
181 silly audit   undici: [ '6.21.1' ],
181 silly audit   universalify: [ '0.2.0' ],
181 silly audit   'uri-js': [ '4.4.1' ],
181 silly audit   'url-parse': [ '1.5.10' ],
181 silly audit   'util-deprecate': [ '1.0.2' ],
181 silly audit   verror: [ '1.10.0' ],
181 silly audit   'web-streams-polyfill': [ '3.3.3' ],
181 silly audit   'whatwg-encoding': [ '3.1.1' ],
181 silly audit   'whatwg-mimetype': [ '4.0.0' ],
181 silly audit   'which-boxed-primitive': [ '1.1.1' ],
181 silly audit   'which-builtin-type': [ '1.2.1' ],
181 silly audit   'which-collection': [ '1.0.2' ],
181 silly audit   'which-typed-array': [ '1.1.18' ],
181 silly audit   wrappy: [ '1.0.2' ],
181 silly audit   jsdom: [ '26.0.0' ],
181 silly audit   cssstyle: [ '4.2.1' ],
181 silly audit   'data-urls': [ '5.0.0' ],
181 silly audit   'decimal.js': [ '10.5.0' ],
181 silly audit   'html-encoding-sniffer': [ '4.0.0' ],
181 silly audit   'http-proxy-agent': [ '7.0.2' ],
181 silly audit   'https-proxy-agent': [ '7.0.6' ],
181 silly audit   'is-potential-custom-element-name': [ '1.0.1' ],
181 silly audit   nwsapi: [ '2.2.16' ],
181 silly audit   'rrweb-cssom': [ '0.8.0' ],
181 silly audit   saxes: [ '6.0.0' ],
181 silly audit   'symbol-tree': [ '3.2.4' ],
181 silly audit   'w3c-xmlserializer': [ '5.0.0' ],
181 silly audit   'webidl-conversions': [ '7.0.0' ],
181 silly audit   'whatwg-url': [ '14.1.1' ],
181 silly audit   ws: [ '8.18.1' ],
181 silly audit   'xml-name-validator': [ '5.0.0' ],
181 silly audit   '@asamuzakjp/css-color': [ '2.8.3' ],
181 silly audit   '@csstools/css-calc': [ '2.1.1' ],
181 silly audit   '@csstools/css-parser-algorithms': [ '3.0.4' ],
181 silly audit   '@csstools/css-tokenizer': [ '3.0.3' ],
181 silly audit   '@csstools/css-color-parser': [ '3.0.7' ],
181 silly audit   'lru-cache': [ '10.4.3' ],
181 silly audit   '@csstools/color-helpers': [ '5.0.1' ],
181 silly audit   'agent-base': [ '7.1.3' ],
181 silly audit   xmlchars: [ '2.2.0' ],
181 silly audit   tr46: [ '5.0.0' ]
181 silly audit }
182 http cache xmlchars@https://registry.npmjs.org/xmlchars/-/xmlchars-2.2.0.tgz 0ms (cache hit)
183 http cache agent-base@https://registry.npmjs.org/agent-base/-/agent-base-7.1.3.tgz 0ms (cache hit)
184 http cache @csstools/color-helpers@https://registry.npmjs.org/@csstools/color-helpers/-/color-helpers-5.0.1.tgz 0ms (cache hit)
185 http cache tr46@https://registry.npmjs.org/tr46/-/tr46-5.0.0.tgz 0ms (cache hit)
186 http cache @csstools/css-tokenizer@https://registry.npmjs.org/@csstools/css-tokenizer/-/css-tokenizer-3.0.3.tgz 0ms (cache hit)
187 http cache @csstools/css-color-parser@https://registry.npmjs.org/@csstools/css-color-parser/-/css-color-parser-3.0.7.tgz 0ms (cache hit)
188 http cache @csstools/css-parser-algorithms@https://registry.npmjs.org/@csstools/css-parser-algorithms/-/css-parser-algorithms-3.0.4.tgz 0ms (cache hit)
189 http cache @csstools/css-calc@https://registry.npmjs.org/@csstools/css-calc/-/css-calc-2.1.1.tgz 0ms (cache hit)
190 http cache ws@https://registry.npmjs.org/ws/-/ws-8.18.1.tgz 0ms (cache hit)
191 http cache xml-name-validator@https://registry.npmjs.org/xml-name-validator/-/xml-name-validator-5.0.0.tgz 0ms (cache hit)
192 http cache whatwg-url@https://registry.npmjs.org/whatwg-url/-/whatwg-url-14.1.1.tgz 1ms (cache hit)
193 http cache webidl-conversions@https://registry.npmjs.org/webidl-conversions/-/webidl-conversions-7.0.0.tgz 0ms (cache hit)
194 http cache lru-cache@https://registry.npmjs.org/lru-cache/-/lru-cache-10.4.3.tgz 0ms (cache hit)
195 http cache w3c-xmlserializer@https://registry.npmjs.org/w3c-xmlserializer/-/w3c-xmlserializer-5.0.0.tgz 0ms (cache hit)
196 http cache symbol-tree@https://registry.npmjs.org/symbol-tree/-/symbol-tree-3.2.4.tgz 0ms (cache hit)
197 http cache rrweb-cssom@https://registry.npmjs.org/rrweb-cssom/-/rrweb-cssom-0.8.0.tgz 0ms (cache hit)
198 http cache saxes@https://registry.npmjs.org/saxes/-/saxes-6.0.0.tgz 0ms (cache hit)
199 http cache @asamuzakjp/css-color@https://registry.npmjs.org/@asamuzakjp/css-color/-/css-color-2.8.3.tgz 0ms (cache hit)
200 http cache nwsapi@https://registry.npmjs.org/nwsapi/-/nwsapi-2.2.16.tgz 0ms (cache hit)
201 http cache https-proxy-agent@https://registry.npmjs.org/https-proxy-agent/-/https-proxy-agent-7.0.6.tgz 0ms (cache hit)
202 http cache is-potential-custom-element-name@https://registry.npmjs.org/is-potential-custom-element-name/-/is-potential-custom-element-name-1.0.1.tgz 0ms (cache hit)
203 http cache decimal.js@https://registry.npmjs.org/decimal.js/-/decimal.js-10.5.0.tgz 0ms (cache hit)
204 http cache http-proxy-agent@https://registry.npmjs.org/http-proxy-agent/-/http-proxy-agent-7.0.2.tgz 0ms (cache hit)
205 http cache data-urls@https://registry.npmjs.org/data-urls/-/data-urls-5.0.0.tgz 0ms (cache hit)
206 http cache html-encoding-sniffer@https://registry.npmjs.org/html-encoding-sniffer/-/html-encoding-sniffer-4.0.0.tgz 0ms (cache hit)
207 http cache cssstyle@https://registry.npmjs.org/cssstyle/-/cssstyle-4.2.1.tgz 0ms (cache hit)
208 http cache jsdom@https://registry.npmjs.org/jsdom/-/jsdom-26.0.0.tgz 0ms (cache hit)
209 http cache debug@https://registry.npmjs.org/debug/-/debug-4.4.0.tgz 0ms (cache hit)
210 http cache debug@https://registry.npmjs.org/debug/-/debug-4.4.0.tgz 0ms (cache hit)
211 silly tarball no local data for xmlchars@https://registry.npmjs.org/xmlchars/-/xmlchars-2.2.0.tgz. Extracting by manifest.
212 silly tarball no local data for agent-base@https://registry.npmjs.org/agent-base/-/agent-base-7.1.3.tgz. Extracting by manifest.
213 silly tarball no local data for @csstools/color-helpers@https://registry.npmjs.org/@csstools/color-helpers/-/color-helpers-5.0.1.tgz. Extracting by manifest.
214 silly tarball no local data for tr46@https://registry.npmjs.org/tr46/-/tr46-5.0.0.tgz. Extracting by manifest.
215 silly tarball no local data for @csstools/css-tokenizer@https://registry.npmjs.org/@csstools/css-tokenizer/-/css-tokenizer-3.0.3.tgz. Extracting by manifest.
216 silly tarball no local data for @csstools/css-color-parser@https://registry.npmjs.org/@csstools/css-color-parser/-/css-color-parser-3.0.7.tgz. Extracting by manifest.
217 silly tarball no local data for @csstools/css-parser-algorithms@https://registry.npmjs.org/@csstools/css-parser-algorithms/-/css-parser-algorithms-3.0.4.tgz. Extracting by manifest.
218 silly tarball no local data for @csstools/css-calc@https://registry.npmjs.org/@csstools/css-calc/-/css-calc-2.1.1.tgz. Extracting by manifest.
219 silly tarball no local data for ws@https://registry.npmjs.org/ws/-/ws-8.18.1.tgz. Extracting by manifest.
220 silly tarball no local data for xml-name-validator@https://registry.npmjs.org/xml-name-validator/-/xml-name-validator-5.0.0.tgz. Extracting by manifest.
221 silly tarball no local data for whatwg-url@https://registry.npmjs.org/whatwg-url/-/whatwg-url-14.1.1.tgz. Extracting by manifest.
222 silly tarball no local data for webidl-conversions@https://registry.npmjs.org/webidl-conversions/-/webidl-conversions-7.0.0.tgz. Extracting by manifest.
223 silly tarball no local data for lru-cache@https://registry.npmjs.org/lru-cache/-/lru-cache-10.4.3.tgz. Extracting by manifest.
224 silly tarball no local data for w3c-xmlserializer@https://registry.npmjs.org/w3c-xmlserializer/-/w3c-xmlserializer-5.0.0.tgz. Extracting by manifest.
225 silly tarball no local data for symbol-tree@https://registry.npmjs.org/symbol-tree/-/symbol-tree-3.2.4.tgz. Extracting by manifest.
226 silly tarball no local data for rrweb-cssom@https://registry.npmjs.org/rrweb-cssom/-/rrweb-cssom-0.8.0.tgz. Extracting by manifest.
227 silly tarball no local data for saxes@https://registry.npmjs.org/saxes/-/saxes-6.0.0.tgz. Extracting by manifest.
228 silly tarball no local data for @asamuzakjp/css-color@https://registry.npmjs.org/@asamuzakjp/css-color/-/css-color-2.8.3.tgz. Extracting by manifest.
229 silly tarball no local data for nwsapi@https://registry.npmjs.org/nwsapi/-/nwsapi-2.2.16.tgz. Extracting by manifest.
230 silly tarball no local data for https-proxy-agent@https://registry.npmjs.org/https-proxy-agent/-/https-proxy-agent-7.0.6.tgz. Extracting by manifest.
231 silly tarball no local data for http-proxy-agent@https://registry.npmjs.org/http-proxy-agent/-/http-proxy-agent-7.0.2.tgz. Extracting by manifest.
232 silly tarball no local data for decimal.js@https://registry.npmjs.org/decimal.js/-/decimal.js-10.5.0.tgz. Extracting by manifest.
233 silly tarball no local data for is-potential-custom-element-name@https://registry.npmjs.org/is-potential-custom-element-name/-/is-potential-custom-element-name-1.0.1.tgz. Extracting by manifest.
234 silly tarball no local data for data-urls@https://registry.npmjs.org/data-urls/-/data-urls-5.0.0.tgz. Extracting by manifest.
235 silly tarball no local data for html-encoding-sniffer@https://registry.npmjs.org/html-encoding-sniffer/-/html-encoding-sniffer-4.0.0.tgz. Extracting by manifest.
236 silly tarball no local data for cssstyle@https://registry.npmjs.org/cssstyle/-/cssstyle-4.2.1.tgz. Extracting by manifest.
237 silly tarball no local data for jsdom@https://registry.npmjs.org/jsdom/-/jsdom-26.0.0.tgz. Extracting by manifest.
238 http fetch POST 200 https://registry.npmjs.org/-/npm/v1/security/advisories/bulk 386ms
239 silly audit report {
239 silly audit report   'tough-cookie': [
239 silly audit report     {
239 silly audit report       id: 1097682,
239 silly audit report       url: 'https://github.com/advisories/GHSA-72xf-g2v4-qvf3',
239 silly audit report       title: 'tough-cookie Prototype Pollution vulnerability',
239 silly audit report       severity: 'moderate',
239 silly audit report       vulnerable_versions: '<4.1.3',
239 silly audit report       cwe: [Array],
239 silly audit report       cvss: [Object]
239 silly audit report     }
239 silly audit report   ],
239 silly audit report   request: [
239 silly audit report     {
239 silly audit report       id: 1096727,
239 silly audit report       url: 'https://github.com/advisories/GHSA-p8p7-x288-28g6',
239 silly audit report       title: 'Server-Side Request Forgery in Request',
239 silly audit report       severity: 'moderate',
239 silly audit report       vulnerable_versions: '<=2.88.2',
239 silly audit report       cwe: [Array],
239 silly audit report       cvss: [Object]
239 silly audit report     }
239 silly audit report   ]
239 silly audit report }
240 silly packumentCache corgi:https://registry.npmjs.org/tough-cookie cache-miss
241 silly packumentCache corgi:https://registry.npmjs.org/request cache-miss
242 http fetch GET 200 https://registry.npmjs.org/agent-base/-/agent-base-7.1.3.tgz 581ms (cache miss)
243 http fetch GET 200 https://registry.npmjs.org/xmlchars/-/xmlchars-2.2.0.tgz 585ms (cache miss)
244 http fetch GET 200 https://registry.npmjs.org/symbol-tree/-/symbol-tree-3.2.4.tgz 609ms (cache miss)
245 http fetch GET 200 https://registry.npmjs.org/https-proxy-agent/-/https-proxy-agent-7.0.6.tgz 674ms (cache miss)
246 http cache https://registry.npmjs.org/tough-cookie 406ms (cache hit)
247 silly packumentCache corgi:https://registry.npmjs.org/tough-cookie set size:49265 disposed:false
248 http cache https://registry.npmjs.org/request 421ms (cache hit)
249 silly packumentCache corgi:https://registry.npmjs.org/request set size:129997 disposed:false
250 http fetch GET 200 https://registry.npmjs.org/http-proxy-agent/-/http-proxy-agent-7.0.2.tgz 727ms (cache miss)
251 http fetch GET 200 https://registry.npmjs.org/nwsapi/-/nwsapi-2.2.16.tgz 761ms (cache miss)
252 http fetch GET 200 https://registry.npmjs.org/is-potential-custom-element-name/-/is-potential-custom-element-name-1.0.1.tgz 781ms (cache miss)
253 http fetch GET 200 https://registry.npmjs.org/saxes/-/saxes-6.0.0.tgz 800ms (cache miss)
254 silly packumentCache corgi:https://registry.npmjs.org/request-promise-core cache-miss
255 http fetch GET 200 https://registry.npmjs.org/xml-name-validator/-/xml-name-validator-5.0.0.tgz 853ms (cache miss)
256 http fetch GET 200 https://registry.npmjs.org/data-urls/-/data-urls-5.0.0.tgz 843ms (cache miss)
257 http fetch GET 200 https://registry.npmjs.org/tr46/-/tr46-5.0.0.tgz 888ms (cache miss)
258 http fetch GET 200 https://registry.npmjs.org/w3c-xmlserializer/-/w3c-xmlserializer-5.0.0.tgz 875ms (cache miss)
259 http fetch GET 200 https://registry.npmjs.org/webidl-conversions/-/webidl-conversions-7.0.0.tgz 902ms (cache miss)
260 http fetch GET 200 https://registry.npmjs.org/decimal.js/-/decimal.js-10.5.0.tgz 892ms (cache miss)
261 http fetch GET 200 https://registry.npmjs.org/rrweb-cssom/-/rrweb-cssom-0.8.0.tgz 931ms (cache miss)
262 http cache https://registry.npmjs.org/request-promise-core 145ms (cache hit)
263 silly packumentCache corgi:https://registry.npmjs.org/request-promise-core set size:6997 disposed:false
264 silly packumentCache corgi:https://registry.npmjs.org/@cypress%2frequest-promise cache-miss
265 http fetch GET 200 https://registry.npmjs.org/whatwg-url/-/whatwg-url-14.1.1.tgz 1008ms (cache miss)
266 http fetch GET 200 https://registry.npmjs.org/ws/-/ws-8.18.1.tgz 1091ms (cache miss)
267 http fetch GET 200 https://registry.npmjs.org/html-encoding-sniffer/-/html-encoding-sniffer-4.0.0.tgz 1078ms (cache miss)
268 http cache https://registry.npmjs.org/@cypress%2frequest-promise 154ms (cache hit)
269 silly packumentCache corgi:https://registry.npmjs.org/@cypress%2frequest-promise set size:4166 disposed:false
270 silly packumentCache corgi:https://registry.npmjs.org/node-telegram-bot-api cache-miss
271 http fetch GET 200 https://registry.npmjs.org/@csstools/css-tokenizer/-/css-tokenizer-3.0.3.tgz 1157ms (cache miss)
272 http fetch GET 200 https://registry.npmjs.org/@csstools/css-color-parser/-/css-color-parser-3.0.7.tgz 1180ms (cache miss)
273 http fetch GET 200 https://registry.npmjs.org/@csstools/color-helpers/-/color-helpers-5.0.1.tgz 1198ms (cache miss)
274 http cache https://registry.npmjs.org/node-telegram-bot-api 209ms (cache hit)
275 silly packumentCache corgi:https://registry.npmjs.org/node-telegram-bot-api set size:89051 disposed:false
276 http fetch GET 200 https://registry.npmjs.org/@csstools/css-parser-algorithms/-/css-parser-algorithms-3.0.4.tgz 1472ms (cache miss)
277 http fetch GET 200 https://registry.npmjs.org/@csstools/css-calc/-/css-calc-2.1.1.tgz 1502ms (cache miss)
278 http fetch GET 200 https://registry.npmjs.org/cssstyle/-/cssstyle-4.2.1.tgz 1518ms (cache miss)
279 http fetch GET 200 https://registry.npmjs.org/lru-cache/-/lru-cache-10.4.3.tgz 1558ms (cache miss)
280 http fetch GET 200 https://registry.npmjs.org/@asamuzakjp/css-color/-/css-color-2.8.3.tgz 1953ms (cache miss)
281 http fetch GET 200 https://registry.npmjs.org/jsdom/-/jsdom-26.0.0.tgz 2317ms (cache miss)
282 silly ADD node_modules/tr46
283 silly ADD node_modules/xmlchars
284 silly ADD node_modules/agent-base
285 silly ADD node_modules/@csstools/color-helpers
286 silly ADD node_modules/lru-cache
287 silly ADD node_modules/@csstools/css-color-parser
288 silly ADD node_modules/@csstools/css-tokenizer
289 silly ADD node_modules/@csstools/css-parser-algorithms
290 silly ADD node_modules/@csstools/css-calc
291 silly ADD node_modules/@asamuzakjp/css-color
292 silly ADD node_modules/xml-name-validator
293 silly ADD node_modules/ws
294 silly ADD node_modules/whatwg-url
295 silly ADD node_modules/webidl-conversions
296 silly ADD node_modules/w3c-xmlserializer
297 silly ADD node_modules/symbol-tree
298 silly ADD node_modules/saxes
299 silly ADD node_modules/rrweb-cssom
300 silly ADD node_modules/nwsapi
301 silly ADD node_modules/is-potential-custom-element-name
302 silly ADD node_modules/https-proxy-agent
303 silly ADD node_modules/https-proxy-agent/node_modules/debug
304 silly ADD node_modules/http-proxy-agent
305 silly ADD node_modules/http-proxy-agent/node_modules/debug
306 silly ADD node_modules/html-encoding-sniffer
307 silly ADD node_modules/decimal.js
308 silly ADD node_modules/data-urls
309 silly ADD node_modules/cssstyle
310 silly ADD node_modules/jsdom
311 verbose cwd /data/data/com.termux/files/home/bot
312 verbose os Linux 5.10.218-android12-9-00025-g7e8d2909ab18-ab12292143
313 verbose node v23.6.1
314 verbose npm  v10.9.2
315 verbose exit 0
316 info ok
