0 verbose cli /data/data/com.termux/files/usr/bin/node /data/data/com.termux/files/usr/bin/npm
1 info using npm@10.9.2
2 info using node@v23.6.1
3 silly config load:file:/data/data/com.termux/files/usr/lib/node_modules/npm/npmrc
4 silly config load:file:/data/data/com.termux/files/home/bot/.npmrc
5 silly config load:file:/data/data/com.termux/files/home/.npmrc
6 silly config load:file:/data/data/com.termux/files/usr/etc/npmrc
7 verbose title npm uninstall punycode
8 verbose argv "uninstall" "punycode"
9 verbose logfile logs-max:10 dir:/data/data/com.termux/files/home/.npm/_logs/2025-02-23T09_08_07_151Z-
10 verbose logfile /data/data/com.termux/files/home/.npm/_logs/2025-02-23T09_08_07_151Z-debug-0.log
11 silly logfile start cleaning logs, removing 1 files
12 silly logfile done cleaning log files
13 silly packumentCache heap:1005322240 maxSize:251330560 maxEntrySize:125665280
14 silly idealTree buildDeps
15 silly reify moves {}
16 silly audit bulk request {
16 silly audit   '@asamuzakjp/css-color': [ '2.8.3' ],
16 silly audit   '@csstools/color-helpers': [ '5.0.1' ],
16 silly audit   '@csstools/css-calc': [ '2.1.1' ],
16 silly audit   '@csstools/css-color-parser': [ '3.0.7' ],
16 silly audit   '@csstools/css-parser-algorithms': [ '3.0.4' ],
16 silly audit   '@csstools/css-tokenizer': [ '3.0.3' ],
16 silly audit   '@cypress/request': [ '3.0.7' ],
16 silly audit   '@cypress/request-promise': [ '5.0.0' ],
16 silly audit   'tough-cookie': [ '4.1.4', '2.5.0', '5.1.1' ],
16 silly audit   '@lifeomic/attempt': [ '3.1.0' ],
16 silly audit   '@types/bluebird': [ '3.5.42' ],
16 silly audit   '@types/caseless': [ '0.12.5' ],
16 silly audit   '@types/chance': [ '1.1.6' ],
16 silly audit   '@types/node': [ '22.13.5' ],
16 silly audit   '@types/request': [ '2.48.12' ],
16 silly audit   '@types/request-promise': [ '4.1.51' ],
16 silly audit   'form-data': [ '2.5.3', '4.0.2', '2.3.3' ],
16 silly audit   '@types/tough-cookie': [ '4.0.5' ],
16 silly audit   'agent-base': [ '7.1.3' ],
16 silly audit   ajv: [ '6.12.6' ],
16 silly audit   'array-buffer-byte-length': [ '1.0.2' ],
16 silly audit   'array.prototype.findindex': [ '2.2.4' ],
16 silly audit   'arraybuffer.prototype.slice': [ '1.0.4' ],
16 silly audit   asn1: [ '0.2.6' ],
16 silly audit   'assert-plus': [ '1.0.0' ],
16 silly audit   'async-function': [ '1.0.0' ],
16 silly audit   asynckit: [ '0.4.0' ],
16 silly audit   'available-typed-arrays': [ '1.0.7' ],
16 silly audit   'aws-sign2': [ '0.7.0' ],
16 silly audit   aws4: [ '1.13.2' ],
16 silly audit   axios: [ '1.7.9' ],
16 silly audit   'bcrypt-pbkdf': [ '1.0.2' ],
16 silly audit   'bignumber.js': [ '9.1.2' ],
16 silly audit   bl: [ '1.2.3' ],
16 silly audit   bluebird: [ '3.7.2' ],
16 silly audit   boolbase: [ '1.0.0' ],
16 silly audit   'call-bind': [ '1.0.8' ],
16 silly audit   'call-bind-apply-helpers': [ '1.0.2' ],
16 silly audit   'call-bound': [ '1.0.3' ],
16 silly audit   caseless: [ '0.12.0' ],
16 silly audit   chance: [ '1.1.12' ],
16 silly audit   cheerio: [ '1.0.0' ],
16 silly audit   'cheerio-select': [ '2.1.0' ],
16 silly audit   child_process: [ '1.0.2' ],
16 silly audit   'class-transformer': [ '0.3.1' ],
16 silly audit   'combined-stream': [ '1.0.8' ],
16 silly audit   'core-util-is': [ '1.0.3', '1.0.2' ],
16 silly audit   'cron-parser': [ '4.9.0' ],
16 silly audit   'css-select': [ '5.1.0' ],
16 silly audit   'css-what': [ '6.1.0' ],
16 silly audit   cssstyle: [ '4.2.1' ],
16 silly audit   dashdash: [ '1.14.1' ],
16 silly audit   'data-uri-to-buffer': [ '4.0.1' ],
16 silly audit   'data-urls': [ '5.0.0' ],
16 silly audit   'data-view-buffer': [ '1.0.2' ],
16 silly audit   'data-view-byte-length': [ '1.0.2' ],
16 silly audit   'data-view-byte-offset': [ '1.0.1' ],
16 silly audit   debug: [ '3.2.7', '4.4.0' ],
16 silly audit   'decimal.js': [ '10.5.0' ],
16 silly audit   'define-data-property': [ '1.1.4' ],
16 silly audit   'define-properties': [ '1.2.1' ],
16 silly audit   'delayed-stream': [ '1.0.0' ],
16 silly audit   'dom-serializer': [ '2.0.0' ],
16 silly audit   domelementtype: [ '2.3.0' ],
16 silly audit   domhandler: [ '5.0.3' ],
16 silly audit   domutils: [ '3.2.2' ],
16 silly audit   'dunder-proto': [ '1.0.1' ],
16 silly audit   'ecc-jsbn': [ '0.1.2' ],
16 silly audit   'encoding-sniffer': [ '0.2.0' ],
16 silly audit   'end-of-stream': [ '1.4.4' ],
16 silly audit   entities: [ '4.5.0' ],
16 silly audit   'es-abstract': [ '1.23.9' ],
16 silly audit   'es-define-property': [ '1.0.1' ],
16 silly audit   'es-errors': [ '1.3.0' ],
16 silly audit   'es-object-atoms': [ '1.1.1' ],
16 silly audit   'es-set-tostringtag': [ '2.1.0' ],
16 silly audit   'es-shim-unscopables': [ '1.1.0' ],
16 silly audit   'es-to-primitive': [ '1.3.0' ],
16 silly audit   eventemitter3: [ '3.1.2' ],
16 silly audit   extend: [ '3.0.2' ],
16 silly audit   extsprintf: [ '1.3.0' ],
16 silly audit   'fast-deep-equal': [ '3.1.3' ],
16 silly audit   'fast-json-stable-stringify': [ '2.1.0' ],
16 silly audit   'fetch-blob': [ '3.2.0' ],
16 silly audit   'file-type': [ '3.9.0' ],
16 silly audit   'follow-redirects': [ '1.15.9' ],
16 silly audit   'for-each': [ '0.3.5' ],
16 silly audit   'forever-agent': [ '0.6.1' ],
16 silly audit   'formdata-polyfill': [ '4.0.10' ],
16 silly audit   fs: [ '0.0.1-security' ],
16 silly audit   'function-bind': [ '1.1.2' ],
16 silly audit   'function.prototype.name': [ '1.1.8' ],
16 silly audit   'functions-have-names': [ '1.2.3' ],
16 silly audit   'get-intrinsic': [ '1.2.7' ],
16 silly audit   'get-proto': [ '1.0.1' ],
16 silly audit   'get-symbol-description': [ '1.1.0' ],
16 silly audit   getpass: [ '0.1.7' ],
16 silly audit   globalthis: [ '1.0.4' ],
16 silly audit   gopd: [ '1.2.0' ],
16 silly audit   'har-schema': [ '2.0.0' ],
16 silly audit   'har-validator': [ '5.1.5' ],
16 silly audit   'has-bigints': [ '1.1.0' ],
16 silly audit   'has-property-descriptors': [ '1.0.2' ],
16 silly audit   'has-proto': [ '1.2.0' ],
16 silly audit   'has-symbols': [ '1.1.0' ],
16 silly audit   'has-tostringtag': [ '1.0.2' ],
16 silly audit   hasown: [ '2.0.2' ],
16 silly audit   'html-encoding-sniffer': [ '4.0.0' ],
16 silly audit   htmlparser2: [ '9.1.0' ],
16 silly audit   'http-proxy-agent': [ '7.0.2' ],
16 silly audit   'http-signature': [ '1.4.0', '1.2.0' ],
16 silly audit   'https-proxy-agent': [ '7.0.6' ],
16 silly audit   'iconv-lite': [ '0.6.3' ],
16 silly audit   'image-size': [ '0.7.5' ],
16 silly audit   inherits: [ '2.0.4' ],
16 silly audit   'instagram-private-api': [ '1.46.1' ],
16 silly audit   luxon: [ '1.28.1', '3.5.0' ],
16 silly audit   'internal-slot': [ '1.1.0' ],
16 silly audit   'ip-regex': [ '4.3.0' ],
16 silly audit   'is-array-buffer': [ '3.0.5' ],
16 silly audit   'is-async-function': [ '2.1.1' ],
16 silly audit   'is-bigint': [ '1.1.0' ],
16 silly audit   'is-boolean-object': [ '1.2.2' ],
16 silly audit   'is-callable': [ '1.2.7' ],
16 silly audit   'is-data-view': [ '1.0.2' ],
16 silly audit   'is-date-object': [ '1.1.0' ],
16 silly audit   'is-finalizationregistry': [ '1.1.1' ],
16 silly audit   'is-generator-function': [ '1.1.0' ],
16 silly audit   'is-map': [ '2.0.3' ],
16 silly audit   'is-number-object': [ '1.1.1' ],
16 silly audit   'is-potential-custom-element-name': [ '1.0.1' ],
16 silly audit   'is-regex': [ '1.2.1' ],
16 silly audit   'is-set': [ '2.0.3' ],
16 silly audit   'is-shared-array-buffer': [ '1.0.4' ],
16 silly audit   'is-string': [ '1.1.1' ],
16 silly audit   'is-symbol': [ '1.1.1' ],
16 silly audit   'is-typed-array': [ '1.1.15' ],
16 silly audit   'is-typedarray': [ '1.0.0' ],
16 silly audit   'is-weakmap': [ '2.0.2' ],
16 silly audit   'is-weakref': [ '1.1.1' ],
16 silly audit   'is-weakset': [ '2.0.4' ],
16 silly audit   isarray: [ '1.0.0', '2.0.5' ],
16 silly audit   isstream: [ '0.1.2' ],
16 silly audit   jsbn: [ '0.1.1' ],
16 silly audit   jsdom: [ '26.0.0' ],
16 silly audit   'json-bigint': [ '1.0.0' ],
16 silly audit   'json-schema': [ '0.4.0' ],
16 silly audit   'json-schema-traverse': [ '0.4.1' ],
16 silly audit   'json-stringify-safe': [ '5.0.1' ],
16 silly audit   jsprim: [ '2.0.2', '1.4.2' ],
16 silly audit   lodash: [ '4.17.21' ],
16 silly audit   'long-timeout': [ '0.1.1' ],
16 silly audit   lowdb: [ '7.0.1' ],
16 silly audit   'lru-cache': [ '10.4.3' ],
16 silly audit   'map-obj': [ '4.3.0' ],
16 silly audit   'math-intrinsics': [ '1.1.0' ],
16 silly audit   mime: [ '1.6.0' ],
16 silly audit   'mime-db': [ '1.52.0' ],
16 silly audit   'mime-types': [ '2.1.35' ],
16 silly audit   ms: [ '2.1.3' ],
16 silly audit   'node-domexception': [ '1.0.0' ],
16 silly audit   'node-fetch': [ '3.3.2' ],
16 silly audit   'node-schedule': [ '2.1.1' ],
16 silly audit   'node-telegram-bot-api': [ '0.66.0' ],
16 silly audit   'nth-check': [ '2.1.1' ],
16 silly audit   nwsapi: [ '2.2.16' ],
16 silly audit   'oauth-sign': [ '0.9.0' ],
16 silly audit   'object-inspect': [ '1.13.4' ],
16 silly audit   'object-keys': [ '1.1.1' ],
16 silly audit   'object.assign': [ '4.1.7' ],
16 silly audit   once: [ '1.4.0' ],
16 silly audit   'own-keys': [ '1.0.1' ],
16 silly audit   parse5: [ '7.2.1' ],
16 silly audit   'parse5-htmlparser2-tree-adapter': [ '7.1.0' ],
16 silly audit   'parse5-parser-stream': [ '7.1.2' ],
16 silly audit   'performance-now': [ '2.1.0' ],
16 silly audit   'possible-typed-array-names': [ '1.1.0' ],
16 silly audit   'process-nextick-args': [ '2.0.1' ],
16 silly audit   'proxy-from-env': [ '1.1.0' ],
16 silly audit   psl: [ '1.15.0' ],
16 silly audit   pump: [ '2.0.1' ],
16 silly audit   punycode: [ '2.3.1' ],
16 silly audit   qs: [ '6.13.1', '6.5.3' ],
16 silly audit   querystringify: [ '2.2.0' ],
16 silly audit   'readable-stream': [ '2.3.8' ],
16 silly audit   'safe-buffer': [ '5.1.2', '5.2.1' ],
16 silly audit   'reflect-metadata': [ '0.1.14' ],
16 silly audit   'reflect.getprototypeof': [ '1.0.10' ],
16 silly audit   'regexp.prototype.flags': [ '1.5.4' ],
16 silly audit   request: [ '2.88.2' ],
16 silly audit   'request-promise': [ '4.2.6' ],
16 silly audit   'request-promise-core': [ '1.1.3', '1.1.4' ],
16 silly audit   uuid: [ '3.4.0', '8.3.2' ],
16 silly audit   'requires-port': [ '1.0.0' ],
16 silly audit   'rrweb-cssom': [ '0.8.0' ],
16 silly audit   rxjs: [ '6.6.7' ],
16 silly audit   'safe-array-concat': [ '1.1.3' ],
16 silly audit   'safe-push-apply': [ '1.0.0' ],
16 silly audit   'safe-regex-test': [ '1.1.0' ],
16 silly audit   'safer-buffer': [ '2.1.2' ],
16 silly audit   saxes: [ '6.0.0' ],
16 silly audit   'set-function-length': [ '1.2.2' ],
16 silly audit   'set-function-name': [ '2.0.2' ],
16 silly audit   'set-proto': [ '1.0.0' ],
16 silly audit   'side-channel': [ '1.1.0' ],
16 silly audit   'side-channel-list': [ '1.0.0' ],
16 silly audit   'side-channel-map': [ '1.0.1' ],
16 silly audit   'side-channel-weakmap': [ '1.0.2' ],
16 silly audit   'snakecase-keys': [ '3.2.1' ],
16 silly audit   'sorted-array-functions': [ '1.3.0' ],
16 silly audit   sshpk: [ '1.18.0' ],
16 silly audit   'stealthy-require': [ '1.1.1' ],
16 silly audit   steno: [ '4.0.2' ],
16 silly audit   string_decoder: [ '1.1.1' ],
16 silly audit   'string.prototype.trim': [ '1.2.10' ],
16 silly audit   'string.prototype.trimend': [ '1.0.9' ],
16 silly audit   'string.prototype.trimstart': [ '1.0.8' ],
16 silly audit   'symbol-tree': [ '3.2.4' ],
16 silly audit   tlds: [ '1.255.0' ],
16 silly audit   tldts: [ '6.1.77' ],
16 silly audit   'tldts-core': [ '6.1.77' ],
16 silly audit   'to-no-case': [ '1.0.2' ],
16 silly audit   'to-snake-case': [ '1.0.0' ],
16 silly audit   'to-space-case': [ '1.0.0' ],
16 silly audit   tr46: [ '5.0.0' ],
16 silly audit   'ts-custom-error': [ '2.2.2' ],
16 silly audit   'ts-xor': [ '1.3.0' ],
16 silly audit   tslib: [ '1.14.1' ],
16 silly audit   'tunnel-agent': [ '0.6.0' ],
16 silly audit   tweetnacl: [ '0.14.5' ],
16 silly audit   'typed-array-buffer': [ '1.0.3' ],
16 silly audit   'typed-array-byte-length': [ '1.0.3' ],
16 silly audit   'typed-array-byte-offset': [ '1.0.4' ],
16 silly audit   'typed-array-length': [ '1.0.7' ],
16 silly audit   'unbox-primitive': [ '1.1.0' ],
16 silly audit   undici: [ '6.21.1' ],
16 silly audit   'undici-types': [ '6.20.0' ],
16 silly audit   universalify: [ '0.2.0' ],
16 silly audit   'uri-js': [ '4.4.1' ],
16 silly audit   'url-parse': [ '1.5.10' ],
16 silly audit   'url-regex-safe': [ '3.0.0' ],
16 silly audit   'util-deprecate': [ '1.0.2' ],
16 silly audit   'utility-types': [ '3.11.0' ],
16 silly audit   verror: [ '1.10.0' ],
16 silly audit   'w3c-xmlserializer': [ '5.0.0' ],
16 silly audit   'web-streams-polyfill': [ '3.3.3' ],
16 silly audit   'webidl-conversions': [ '7.0.0' ],
16 silly audit   'whatwg-encoding': [ '3.1.1' ],
16 silly audit   'whatwg-mimetype': [ '4.0.0' ],
16 silly audit   'whatwg-url': [ '14.1.1' ],
16 silly audit   'which-boxed-primitive': [ '1.1.1' ],
16 silly audit   'which-builtin-type': [ '1.2.1' ],
16 silly audit   'which-collection': [ '1.0.2' ],
16 silly audit   'which-typed-array': [ '1.1.18' ],
16 silly audit   wrappy: [ '1.0.2' ],
16 silly audit   ws: [ '8.18.1' ],
16 silly audit   'xml-name-validator': [ '5.0.0' ],
16 silly audit   xmlchars: [ '2.2.0' ]
16 silly audit }
17 http fetch POST 200 https://registry.npmjs.org/-/npm/v1/security/advisories/bulk 1615ms
18 silly audit report {
18 silly audit report   'tough-cookie': [
18 silly audit report     {
18 silly audit report       id: 1097682,
18 silly audit report       url: 'https://github.com/advisories/GHSA-72xf-g2v4-qvf3',
18 silly audit report       title: 'tough-cookie Prototype Pollution vulnerability',
18 silly audit report       severity: 'moderate',
18 silly audit report       vulnerable_versions: '<4.1.3',
18 silly audit report       cwe: [Array],
18 silly audit report       cvss: [Object]
18 silly audit report     }
18 silly audit report   ],
18 silly audit report   request: [
18 silly audit report     {
18 silly audit report       id: 1096727,
18 silly audit report       url: 'https://github.com/advisories/GHSA-p8p7-x288-28g6',
18 silly audit report       title: 'Server-Side Request Forgery in Request',
18 silly audit report       severity: 'moderate',
18 silly audit report       vulnerable_versions: '<=2.88.2',
18 silly audit report       cwe: [Array],
18 silly audit report       cvss: [Object]
18 silly audit report     }
18 silly audit report   ]
18 silly audit report }
19 silly packumentCache corgi:https://registry.npmjs.org/tough-cookie cache-miss
20 silly packumentCache corgi:https://registry.npmjs.org/request cache-miss
21 http cache https://registry.npmjs.org/tough-cookie 79ms (cache hit)
22 silly packumentCache corgi:https://registry.npmjs.org/tough-cookie set size:49265 disposed:false
23 http cache https://registry.npmjs.org/request 95ms (cache hit)
24 silly packumentCache corgi:https://registry.npmjs.org/request set size:129997 disposed:false
25 silly packumentCache corgi:https://registry.npmjs.org/instagram-private-api cache-miss
26 silly packumentCache corgi:https://registry.npmjs.org/request-promise cache-miss
27 http cache https://registry.npmjs.org/request-promise 39ms (cache hit)
28 silly packumentCache corgi:https://registry.npmjs.org/request-promise set size:45088 disposed:false
29 http cache https://registry.npmjs.org/instagram-private-api 49ms (cache hit)
30 silly packumentCache corgi:https://registry.npmjs.org/instagram-private-api set size:241660 disposed:false
31 silly packumentCache corgi:https://registry.npmjs.org/request-promise-core cache-miss
32 http cache https://registry.npmjs.org/request-promise-core 24ms (cache hit)
33 silly packumentCache corgi:https://registry.npmjs.org/request-promise-core set size:6997 disposed:false
34 silly packumentCache corgi:https://registry.npmjs.org/@cypress%2frequest-promise cache-miss
35 http cache https://registry.npmjs.org/@cypress%2frequest-promise 24ms (cache hit)
36 silly packumentCache corgi:https://registry.npmjs.org/@cypress%2frequest-promise set size:4166 disposed:false
37 silly packumentCache corgi:https://registry.npmjs.org/node-telegram-bot-api cache-miss
38 http cache https://registry.npmjs.org/node-telegram-bot-api 25ms (cache hit)
39 silly packumentCache corgi:https://registry.npmjs.org/node-telegram-bot-api set size:89051 disposed:false
40 verbose cwd /data/data/com.termux/files/home/bot
41 verbose os Linux 5.10.218-android12-9-00025-g7e8d2909ab18-ab12292143
42 verbose node v23.6.1
43 verbose npm  v10.9.2
44 verbose exit 0
45 info ok
