0 verbose cli /data/data/com.termux/files/usr/bin/node /data/data/com.termux/files/usr/bin/npm
1 info using npm@10.9.2
2 info using node@v23.6.1
3 silly config load:file:/data/data/com.termux/files/usr/lib/node_modules/npm/npmrc
4 silly config load:file:/data/data/com.termux/files/home/botig/.npmrc
5 silly config load:file:/data/data/com.termux/files/home/.npmrc
6 silly config load:file:/data/data/com.termux/files/usr/etc/npmrc
7 verbose title npm install instagram-private-api lodash
8 verbose argv "install" "instagram-private-api" "lodash"
9 verbose logfile logs-max:10 dir:/data/data/com.termux/files/home/.npm/_logs/2025-02-23T07_11_27_161Z-
10 verbose logfile /data/data/com.termux/files/home/.npm/_logs/2025-02-23T07_11_27_161Z-debug-0.log
11 silly logfile start cleaning logs, removing 1 files
12 silly logfile done cleaning log files
13 silly packumentCache heap:1005322240 maxSize:251330560 maxEntrySize:125665280
14 silly idealTree buildDeps
15 silly fetch manifest instagram-private-api@*
16 silly packumentCache full:https://registry.npmjs.org/instagram-private-api cache-miss
17 http fetch GET 200 https://registry.npmjs.org/instagram-private-api 678ms (cache miss)
18 silly packumentCache full:https://registry.npmjs.org/instagram-private-api set size:undefined disposed:false
19 silly fetch manifest re2@^1.17.2
20 silly packumentCache full:https://registry.npmjs.org/re2 cache-miss
21 http fetch GET 200 https://registry.npmjs.org/re2 140ms (cache miss)
22 silly packumentCache full:https://registry.npmjs.org/re2 set size:undefined disposed:false
23 silly fetch manifest lodash@*
24 silly packumentCache full:https://registry.npmjs.org/lodash cache-miss
25 http fetch GET 200 https://registry.npmjs.org/lodash 153ms (cache updated)
26 silly packumentCache full:https://registry.npmjs.org/lodash set size:undefined disposed:false
27 silly placeDep ROOT instagram-private-api@1.46.1 OK for: botig@1.0.0 want: *
28 silly placeDep ROOT lodash@4.17.21 REPLACE for: botig@1.0.0 want: *
29 silly fetch manifest @lifeomic/attempt@^3.0.0
30 silly packumentCache full:https://registry.npmjs.org/@lifeomic%2fattempt cache-miss
31 silly fetch manifest @types/chance@^1.0.2
32 silly packumentCache full:https://registry.npmjs.org/@types%2fchance cache-miss
33 silly fetch manifest @types/request-promise@^4.1.43
34 silly packumentCache full:https://registry.npmjs.org/@types%2frequest-promise cache-miss
35 silly fetch manifest bluebird@^3.7.1
36 silly packumentCache full:https://registry.npmjs.org/bluebird cache-miss
37 silly fetch manifest chance@^1.0.18
38 silly packumentCache full:https://registry.npmjs.org/chance cache-miss
39 silly fetch manifest class-transformer@^0.3.1
40 silly packumentCache full:https://registry.npmjs.org/class-transformer cache-miss
41 silly fetch manifest debug@^4.1.1
42 silly packumentCache full:https://registry.npmjs.org/debug cache-miss
43 http fetch GET 200 https://registry.npmjs.org/@types%2frequest-promise 233ms (cache miss)
44 silly packumentCache full:https://registry.npmjs.org/@types%2frequest-promise set size:undefined disposed:false
45 silly fetch manifest image-size@^0.7.3
46 silly packumentCache full:https://registry.npmjs.org/image-size cache-miss
47 http fetch GET 200 https://registry.npmjs.org/class-transformer 453ms (cache miss)
48 silly packumentCache full:https://registry.npmjs.org/class-transformer set size:undefined disposed:false
49 silly fetch manifest json-bigint@^1.0.0
50 silly packumentCache full:https://registry.npmjs.org/json-bigint cache-miss
51 http fetch GET 200 https://registry.npmjs.org/image-size 250ms (cache miss)
52 silly packumentCache full:https://registry.npmjs.org/image-size set size:undefined disposed:false
53 silly fetch manifest luxon@^1.12.1
54 silly packumentCache full:https://registry.npmjs.org/luxon cache-miss
55 http fetch GET 200 https://registry.npmjs.org/@types%2fchance 511ms (cache miss)
56 silly packumentCache full:https://registry.npmjs.org/@types%2fchance set size:undefined disposed:false
57 silly fetch manifest reflect-metadata@^0.1.13
58 silly packumentCache full:https://registry.npmjs.org/reflect-metadata cache-miss
59 http fetch GET 200 https://registry.npmjs.org/debug 511ms (cache updated)
60 silly packumentCache full:https://registry.npmjs.org/debug set size:undefined disposed:false
61 silly fetch manifest request-promise@^4.2.4
62 silly packumentCache full:https://registry.npmjs.org/request-promise cache-miss
63 http fetch GET 200 https://registry.npmjs.org/chance 547ms (cache miss)
64 silly packumentCache full:https://registry.npmjs.org/chance set size:undefined disposed:false
65 silly fetch manifest rxjs@^6.5.2
66 silly packumentCache full:https://registry.npmjs.org/rxjs cache-miss
67 http fetch GET 200 https://registry.npmjs.org/bluebird 646ms (cache updated)
68 silly packumentCache full:https://registry.npmjs.org/bluebird set size:undefined disposed:false
69 silly fetch manifest snakecase-keys@^3.1.0
70 silly packumentCache full:https://registry.npmjs.org/snakecase-keys cache-miss
71 http fetch GET 200 https://registry.npmjs.org/json-bigint 220ms (cache miss)
72 silly packumentCache full:https://registry.npmjs.org/json-bigint set size:undefined disposed:false
73 silly fetch manifest tough-cookie@^2.5.0
74 silly packumentCache full:https://registry.npmjs.org/tough-cookie cache-miss
75 http fetch GET 200 https://registry.npmjs.org/@lifeomic%2fattempt 742ms (cache miss)
76 silly packumentCache full:https://registry.npmjs.org/@lifeomic%2fattempt set size:undefined disposed:false
77 silly fetch manifest ts-custom-error@^2.2.2
78 silly packumentCache full:https://registry.npmjs.org/ts-custom-error cache-miss
79 http fetch GET 200 https://registry.npmjs.org/reflect-metadata 225ms (cache miss)
80 silly packumentCache full:https://registry.npmjs.org/reflect-metadata set size:undefined disposed:false
81 silly fetch manifest ts-xor@^1.0.6
82 silly packumentCache full:https://registry.npmjs.org/ts-xor cache-miss
83 http fetch GET 200 https://registry.npmjs.org/request-promise 244ms (cache miss)
84 silly packumentCache full:https://registry.npmjs.org/request-promise set size:undefined disposed:false
85 silly fetch manifest url-regex-safe@^3.0.0
86 silly packumentCache full:https://registry.npmjs.org/url-regex-safe cache-miss
87 http fetch GET 200 https://registry.npmjs.org/snakecase-keys 155ms (cache miss)
88 silly packumentCache full:https://registry.npmjs.org/snakecase-keys set size:undefined disposed:false
89 silly fetch manifest utility-types@^3.10.0
90 silly packumentCache full:https://registry.npmjs.org/utility-types cache-miss
91 http fetch GET 200 https://registry.npmjs.org/luxon 362ms (cache updated)
92 silly packumentCache full:https://registry.npmjs.org/luxon set size:undefined disposed:false
93 http fetch GET 200 https://registry.npmjs.org/ts-custom-error 204ms (cache miss)
94 silly packumentCache full:https://registry.npmjs.org/ts-custom-error set size:undefined disposed:false
95 http fetch GET 200 https://registry.npmjs.org/tough-cookie 260ms (cache updated)
96 silly packumentCache full:https://registry.npmjs.org/tough-cookie set size:undefined disposed:false
97 http fetch GET 200 https://registry.npmjs.org/ts-xor 215ms (cache miss)
98 silly packumentCache full:https://registry.npmjs.org/ts-xor set size:undefined disposed:false
99 http fetch GET 200 https://registry.npmjs.org/url-regex-safe 184ms (cache miss)
100 silly packumentCache full:https://registry.npmjs.org/url-regex-safe set size:undefined disposed:false
101 http fetch GET 200 https://registry.npmjs.org/utility-types 152ms (cache miss)
102 silly packumentCache full:https://registry.npmjs.org/utility-types set size:undefined disposed:false
103 http fetch GET 200 https://registry.npmjs.org/rxjs 426ms (cache miss)
104 silly packumentCache full:https://registry.npmjs.org/rxjs set size:undefined disposed:false
105 silly fetch manifest request@^2.88.0
106 silly packumentCache full:https://registry.npmjs.org/request cache-miss
107 http fetch GET 200 https://registry.npmjs.org/request 130ms (cache updated)
108 silly packumentCache full:https://registry.npmjs.org/request set size:undefined disposed:false
109 silly placeDep ROOT @lifeomic/attempt@3.1.0 OK for: instagram-private-api@1.46.1 want: ^3.0.0
110 silly placeDep ROOT @types/chance@1.1.6 OK for: instagram-private-api@1.46.1 want: ^1.0.2
111 silly placeDep ROOT @types/request-promise@4.1.51 OK for: instagram-private-api@1.46.1 want: ^4.1.43
112 silly placeDep ROOT bluebird@3.7.2 OK for: instagram-private-api@1.46.1 want: ^3.7.1
113 silly placeDep ROOT chance@1.1.12 OK for: instagram-private-api@1.46.1 want: ^1.0.18
114 silly placeDep ROOT class-transformer@0.3.1 OK for: instagram-private-api@1.46.1 want: ^0.3.1
115 silly placeDep ROOT debug@4.4.0 OK for: instagram-private-api@1.46.1 want: ^4.1.1
116 silly placeDep ROOT image-size@0.7.5 OK for: instagram-private-api@1.46.1 want: ^0.7.3
117 silly placeDep ROOT json-bigint@1.0.0 OK for: instagram-private-api@1.46.1 want: ^1.0.0
118 silly placeDep ROOT luxon@1.28.1 OK for: instagram-private-api@1.46.1 want: ^1.12.1
119 silly placeDep ROOT reflect-metadata@0.1.14 OK for: instagram-private-api@1.46.1 want: ^0.1.13
120 silly placeDep ROOT request-promise@4.2.6 OK for: instagram-private-api@1.46.1 want: ^4.2.4
121 silly placeDep ROOT rxjs@6.6.7 OK for: instagram-private-api@1.46.1 want: ^6.5.2
122 silly placeDep ROOT snakecase-keys@3.2.1 OK for: instagram-private-api@1.46.1 want: ^3.1.0
123 silly placeDep node_modules/instagram-private-api tough-cookie@2.5.0 OK for: instagram-private-api@1.46.1 want: ^2.5.0
124 silly placeDep ROOT ts-custom-error@2.2.2 OK for: instagram-private-api@1.46.1 want: ^2.2.2
125 silly placeDep ROOT ts-xor@1.3.0 OK for: instagram-private-api@1.46.1 want: ^1.0.6
126 silly placeDep ROOT url-regex-safe@3.0.0 OK for: instagram-private-api@1.46.1 want: ^3.0.0
127 silly placeDep ROOT utility-types@3.11.0 OK for: instagram-private-api@1.46.1 want: ^3.10.0
128 silly fetch manifest @types/request@*
129 silly packumentCache full:https://registry.npmjs.org/@types%2frequest cache-miss
130 silly fetch manifest @types/bluebird@*
131 silly packumentCache full:https://registry.npmjs.org/@types%2fbluebird cache-miss
132 silly fetch manifest ms@^2.1.3
133 silly packumentCache full:https://registry.npmjs.org/ms cache-miss
134 silly fetch manifest bignumber.js@^9.0.0
135 silly packumentCache full:https://registry.npmjs.org/bignumber.js cache-miss
136 silly fetch manifest tough-cookie@^2.3.3
137 silly packumentCache full:https://registry.npmjs.org/tough-cookie cache-miss
138 silly fetch manifest tslib@^1.9.0
139 silly packumentCache full:https://registry.npmjs.org/tslib cache-miss
140 silly fetch manifest map-obj@^4.1.0
141 silly packumentCache full:https://registry.npmjs.org/map-obj cache-miss
142 http cache https://registry.npmjs.org/tough-cookie 51ms (cache hit)
143 silly packumentCache full:https://registry.npmjs.org/tough-cookie set size:124737 disposed:false
144 silly fetch manifest to-snake-case@^1.0.0
145 silly packumentCache full:https://registry.npmjs.org/to-snake-case cache-miss
146 http fetch GET 200 https://registry.npmjs.org/bignumber.js 183ms (cache miss)
147 silly packumentCache full:https://registry.npmjs.org/bignumber.js set size:undefined disposed:false
148 silly fetch manifest ip-regex@4.3.0
149 silly packumentCache full:https://registry.npmjs.org/ip-regex cache-miss
150 http fetch GET 200 https://registry.npmjs.org/tslib 219ms (cache miss)
151 silly packumentCache full:https://registry.npmjs.org/tslib set size:undefined disposed:false
152 silly fetch manifest tlds@^1.228.0
153 silly packumentCache full:https://registry.npmjs.org/tlds cache-miss
154 http fetch GET 200 https://registry.npmjs.org/@types%2frequest 245ms (cache miss)
155 silly packumentCache full:https://registry.npmjs.org/@types%2frequest set size:undefined disposed:false
156 http fetch GET 200 https://registry.npmjs.org/ms 257ms (cache updated)
157 silly packumentCache full:https://registry.npmjs.org/ms set size:undefined disposed:false
158 http fetch GET 200 https://registry.npmjs.org/map-obj 257ms (cache miss)
159 silly packumentCache full:https://registry.npmjs.org/map-obj set size:undefined disposed:false
160 http fetch GET 200 https://registry.npmjs.org/to-snake-case 207ms (cache miss)
161 silly packumentCache full:https://registry.npmjs.org/to-snake-case set size:undefined disposed:false
162 http fetch GET 200 https://registry.npmjs.org/@types%2fbluebird 278ms (cache miss)
163 silly packumentCache full:https://registry.npmjs.org/@types%2fbluebird set size:undefined disposed:false
164 http fetch GET 200 https://registry.npmjs.org/ip-regex 193ms (cache updated)
165 silly packumentCache full:https://registry.npmjs.org/ip-regex set size:undefined disposed:false
166 http fetch GET 200 https://registry.npmjs.org/tlds 161ms (cache miss)
167 silly packumentCache full:https://registry.npmjs.org/tlds set size:undefined disposed:false
168 silly placeDep ROOT @types/bluebird@3.5.42 OK for: @types/request-promise@4.1.51 want: *
169 silly placeDep ROOT @types/request@2.48.12 OK for: @types/request-promise@4.1.51 want: *
170 silly fetch manifest form-data@^2.5.0
171 silly packumentCache full:https://registry.npmjs.org/form-data cache-miss
172 silly fetch manifest @types/node@*
173 silly packumentCache full:https://registry.npmjs.org/@types%2fnode cache-miss
174 silly fetch manifest @types/caseless@*
175 silly packumentCache full:https://registry.npmjs.org/@types%2fcaseless cache-miss
176 silly fetch manifest @types/tough-cookie@*
177 silly packumentCache full:https://registry.npmjs.org/@types%2ftough-cookie cache-miss
178 http fetch GET 200 https://registry.npmjs.org/@types%2ftough-cookie 148ms (cache miss)
179 silly packumentCache full:https://registry.npmjs.org/@types%2ftough-cookie set size:undefined disposed:false
180 http fetch GET 200 https://registry.npmjs.org/form-data 157ms (cache updated)
181 silly packumentCache full:https://registry.npmjs.org/form-data set size:undefined disposed:false
182 http fetch GET 200 https://registry.npmjs.org/@types%2fcaseless 169ms (cache miss)
183 silly packumentCache full:https://registry.npmjs.org/@types%2fcaseless set size:undefined disposed:false
184 http fetch GET 200 https://registry.npmjs.org/@types%2fnode 895ms (cache miss)
185 silly packumentCache full:https://registry.npmjs.org/@types%2fnode set size:undefined disposed:false
186 silly placeDep ROOT @types/caseless@0.12.5 OK for: @types/request@2.48.12 want: *
187 silly placeDep ROOT @types/node@22.13.5 OK for: @types/request@2.48.12 want: *
188 silly placeDep ROOT @types/tough-cookie@4.0.5 OK for: @types/request@2.48.12 want: *
189 silly placeDep node_modules/@types/request form-data@2.5.3 OK for: @types/request@2.48.12 want: ^2.5.0
190 silly fetch manifest undici-types@~6.20.0
191 silly packumentCache full:https://registry.npmjs.org/undici-types cache-miss
192 silly fetch manifest es-set-tostringtag@^2.1.0
193 silly packumentCache full:https://registry.npmjs.org/es-set-tostringtag cache-miss
194 http fetch GET 200 https://registry.npmjs.org/undici-types 129ms (cache miss)
195 silly packumentCache full:https://registry.npmjs.org/undici-types set size:undefined disposed:false
196 http fetch GET 200 https://registry.npmjs.org/es-set-tostringtag 137ms (cache updated)
197 silly packumentCache full:https://registry.npmjs.org/es-set-tostringtag set size:undefined disposed:false
198 silly placeDep ROOT undici-types@6.20.0 OK for: @types/node@22.13.5 want: ~6.20.0
199 silly placeDep ROOT ms@2.1.3 OK for: debug@4.4.0 want: ^2.1.3
200 silly placeDep ROOT bignumber.js@9.1.2 OK for: json-bigint@1.0.0 want: ^9.0.0
201 silly placeDep node_modules/request-promise tough-cookie@2.5.0 OK for: request-promise@4.2.6 want: ^2.3.3
202 silly placeDep ROOT tslib@1.14.1 OK for: rxjs@6.6.7 want: ^1.9.0
203 silly placeDep ROOT map-obj@4.3.0 OK for: snakecase-keys@3.2.1 want: ^4.1.0
204 silly placeDep ROOT to-snake-case@1.0.0 OK for: snakecase-keys@3.2.1 want: ^1.0.0
205 silly fetch manifest to-space-case@^1.0.0
206 silly packumentCache full:https://registry.npmjs.org/to-space-case cache-miss
207 http fetch GET 200 https://registry.npmjs.org/to-space-case 137ms (cache miss)
208 silly packumentCache full:https://registry.npmjs.org/to-space-case set size:undefined disposed:false
209 silly placeDep ROOT to-space-case@1.0.0 OK for: to-snake-case@1.0.0 want: ^1.0.0
210 silly fetch manifest to-no-case@^1.0.0
211 silly packumentCache full:https://registry.npmjs.org/to-no-case cache-miss
212 http fetch GET 200 https://registry.npmjs.org/to-no-case 116ms (cache miss)
213 silly packumentCache full:https://registry.npmjs.org/to-no-case set size:undefined disposed:false
214 silly placeDep ROOT to-no-case@1.0.2 OK for: to-space-case@1.0.0 want: ^1.0.0
215 silly placeDep node_modules/url-regex-safe ip-regex@4.3.0 OK for: url-regex-safe@3.0.0 want: 4.3.0
216 silly placeDep ROOT tlds@1.255.0 OK for: url-regex-safe@3.0.0 want: ^1.228.0
217 silly placeDep ROOT es-set-tostringtag@2.1.0 OK for: form-data@2.5.3 want: ^2.1.0
218 silly fetch manifest es-errors@^1.3.0
219 silly packumentCache full:https://registry.npmjs.org/es-errors cache-miss
220 silly fetch manifest get-intrinsic@^1.2.6
221 silly packumentCache full:https://registry.npmjs.org/get-intrinsic cache-miss
222 silly fetch manifest has-tostringtag@^1.0.2
223 silly packumentCache full:https://registry.npmjs.org/has-tostringtag cache-miss
224 silly fetch manifest hasown@^2.0.2
225 silly packumentCache full:https://registry.npmjs.org/hasown cache-miss
226 http fetch GET 200 https://registry.npmjs.org/es-errors 156ms (cache updated)
227 silly packumentCache full:https://registry.npmjs.org/es-errors set size:undefined disposed:false
228 http fetch GET 200 https://registry.npmjs.org/has-tostringtag 157ms (cache updated)
229 silly packumentCache full:https://registry.npmjs.org/has-tostringtag set size:undefined disposed:false
230 http fetch GET 200 https://registry.npmjs.org/get-intrinsic 164ms (cache updated)
231 silly packumentCache full:https://registry.npmjs.org/get-intrinsic set size:undefined disposed:false
232 http fetch GET 200 https://registry.npmjs.org/hasown 167ms (cache updated)
233 silly packumentCache full:https://registry.npmjs.org/hasown set size:undefined disposed:false
234 silly placeDep ROOT es-errors@1.3.0 OK for: es-set-tostringtag@2.1.0 want: ^1.3.0
235 silly placeDep ROOT get-intrinsic@1.3.0 OK for: es-set-tostringtag@2.1.0 want: ^1.2.6
236 silly placeDep ROOT has-tostringtag@1.0.2 OK for: es-set-tostringtag@2.1.0 want: ^1.0.2
237 silly placeDep ROOT hasown@2.0.2 OK for: es-set-tostringtag@2.1.0 want: ^2.0.2
238 silly fetch manifest call-bind-apply-helpers@^1.0.2
239 silly packumentCache full:https://registry.npmjs.org/call-bind-apply-helpers cache-miss
240 silly fetch manifest es-define-property@^1.0.1
241 silly packumentCache full:https://registry.npmjs.org/es-define-property cache-miss
242 silly fetch manifest es-object-atoms@^1.1.1
243 silly packumentCache full:https://registry.npmjs.org/es-object-atoms cache-miss
244 silly fetch manifest function-bind@^1.1.2
245 silly packumentCache full:https://registry.npmjs.org/function-bind cache-miss
246 silly fetch manifest get-proto@^1.0.1
247 silly packumentCache full:https://registry.npmjs.org/get-proto cache-miss
248 silly fetch manifest gopd@^1.2.0
249 silly packumentCache full:https://registry.npmjs.org/gopd cache-miss
250 silly fetch manifest has-symbols@^1.1.0
251 silly packumentCache full:https://registry.npmjs.org/has-symbols cache-miss
252 http fetch GET 200 https://registry.npmjs.org/es-define-property 237ms (cache updated)
253 silly packumentCache full:https://registry.npmjs.org/es-define-property set size:undefined disposed:false
254 silly fetch manifest math-intrinsics@^1.1.0
255 silly packumentCache full:https://registry.npmjs.org/math-intrinsics cache-miss
256 http fetch GET 200 https://registry.npmjs.org/call-bind-apply-helpers 250ms (cache updated)
257 silly packumentCache full:https://registry.npmjs.org/call-bind-apply-helpers set size:undefined disposed:false
258 silly fetch manifest has-symbols@^1.0.3
259 silly packumentCache full:https://registry.npmjs.org/has-symbols cache-miss
260 http fetch GET 200 https://registry.npmjs.org/function-bind 257ms (cache updated)
261 silly packumentCache full:https://registry.npmjs.org/function-bind set size:undefined disposed:false
262 http fetch GET 200 https://registry.npmjs.org/es-object-atoms 270ms (cache updated)
263 silly packumentCache full:https://registry.npmjs.org/es-object-atoms set size:undefined disposed:false
264 http fetch GET 200 https://registry.npmjs.org/gopd 269ms (cache updated)
265 silly packumentCache full:https://registry.npmjs.org/gopd set size:undefined disposed:false
266 http fetch GET 200 https://registry.npmjs.org/get-proto 274ms (cache updated)
267 silly packumentCache full:https://registry.npmjs.org/get-proto set size:undefined disposed:false
268 http fetch GET 200 https://registry.npmjs.org/has-symbols 274ms (cache updated)
269 silly packumentCache full:https://registry.npmjs.org/has-symbols set size:undefined disposed:false
270 http fetch GET 200 https://registry.npmjs.org/has-symbols 148ms (cache updated)
271 silly packumentCache full:https://registry.npmjs.org/has-symbols set size:undefined disposed:false
272 http fetch GET 200 https://registry.npmjs.org/math-intrinsics 168ms (cache updated)
273 silly packumentCache full:https://registry.npmjs.org/math-intrinsics set size:undefined disposed:false
274 silly placeDep ROOT call-bind-apply-helpers@1.0.2 OK for: get-intrinsic@1.3.0 want: ^1.0.2
275 silly placeDep ROOT es-define-property@1.0.1 OK for: get-intrinsic@1.3.0 want: ^1.0.1
276 silly placeDep ROOT es-object-atoms@1.1.1 OK for: get-intrinsic@1.3.0 want: ^1.1.1
277 silly placeDep ROOT function-bind@1.1.2 OK for: get-intrinsic@1.3.0 want: ^1.1.2
278 silly placeDep ROOT get-proto@1.0.1 OK for: get-intrinsic@1.3.0 want: ^1.0.1
279 silly placeDep ROOT gopd@1.2.0 OK for: get-intrinsic@1.3.0 want: ^1.2.0
280 silly placeDep ROOT has-symbols@1.1.0 OK for: get-intrinsic@1.3.0 want: ^1.1.0
281 silly placeDep ROOT math-intrinsics@1.1.0 OK for: get-intrinsic@1.3.0 want: ^1.1.0
282 silly fetch manifest dunder-proto@^1.0.1
283 silly packumentCache full:https://registry.npmjs.org/dunder-proto cache-miss
284 http fetch GET 200 https://registry.npmjs.org/dunder-proto 121ms (cache updated)
285 silly packumentCache full:https://registry.npmjs.org/dunder-proto set size:undefined disposed:false
286 silly placeDep ROOT dunder-proto@1.0.1 OK for: get-proto@1.0.1 want: ^1.0.1
287 silly reify moves {}
288 silly audit bulk request {
288 silly audit   '@sindresorhus/fnv1a': [ '1.2.0' ],
288 silly audit   '@sindresorhus/string-hash': [ '1.2.0' ],
288 silly audit   '@types/color': [ '3.0.6' ],
288 silly audit   '@types/color-convert': [ '2.0.4' ],
288 silly audit   '@types/color-name': [ '1.1.5' ],
288 silly audit   ajv: [ '6.12.6' ],
288 silly audit   asn1: [ '0.2.6' ],
288 silly audit   'assert-plus': [ '1.0.0' ],
288 silly audit   asynckit: [ '0.4.0' ],
288 silly audit   'aws-sign2': [ '0.7.0' ],
288 silly audit   aws4: [ '1.13.2' ],
288 silly audit   'bcrypt-pbkdf': [ '1.0.2' ],
288 silly audit   caseless: [ '0.12.0' ],
288 silly audit   color: [ '3.2.1' ],
288 silly audit   'color-convert': [ '1.9.3' ],
288 silly audit   'color-name': [ '1.1.3' ],
288 silly audit   'color-string': [ '1.9.1' ],
288 silly audit   'combined-stream': [ '1.0.8' ],
288 silly audit   'core-util-is': [ '1.0.2' ],
288 silly audit   dashdash: [ '1.14.1' ],
288 silly audit   'delayed-stream': [ '1.0.0' ],
288 silly audit   'ecc-jsbn': [ '0.1.2' ],
288 silly audit   extend: [ '3.0.2' ],
288 silly audit   extsprintf: [ '1.3.0' ],
288 silly audit   'fast-deep-equal': [ '3.1.3' ],
288 silly audit   'fast-json-stable-stringify': [ '2.1.0' ],
288 silly audit   'forever-agent': [ '0.6.1' ],
288 silly audit   'form-data': [ '2.3.3', '2.5.3' ],
288 silly audit   getpass: [ '0.1.7' ],
288 silly audit   'har-schema': [ '2.0.0' ],
288 silly audit   'har-validator': [ '5.1.5' ],
288 silly audit   'http-signature': [ '1.2.0' ],
288 silly audit   'instagram-web-api': [ '2.2.2' ],
288 silly audit   'ip-regex': [ '2.1.0', '4.3.0' ],
288 silly audit   'is-arrayish': [ '0.3.2' ],
288 silly audit   'is-typedarray': [ '1.0.0' ],
288 silly audit   'is-url': [ '1.2.4' ],
288 silly audit   isstream: [ '0.1.2' ],
288 silly audit   jsbn: [ '0.1.1' ],
288 silly audit   'json-schema': [ '0.4.0' ],
288 silly audit   'json-schema-traverse': [ '0.4.1' ],
288 silly audit   'json-stringify-safe': [ '5.0.1' ],
288 silly audit   jsprim: [ '1.4.2' ],
288 silly audit   'mime-db': [ '1.52.0' ],
288 silly audit   'mime-types': [ '2.1.35' ],
288 silly audit   'oauth-sign': [ '0.9.0' ],
288 silly audit   'park-miller': [ '1.1.0' ],
288 silly audit   'performance-now': [ '2.1.0' ],
288 silly audit   psl: [ '1.15.0' ],
288 silly audit   punycode: [ '2.3.1' ],
288 silly audit   qs: [ '6.5.3' ],
288 silly audit   randoma: [ '1.3.0' ],
288 silly audit   request: [ '2.88.2' ],
288 silly audit   'request-promise-core': [ '1.1.4' ],
288 silly audit   'request-promise-native': [ '1.0.9' ],
288 silly audit   'tough-cookie': [ '2.5.0', '3.0.1' ],
288 silly audit   'safe-buffer': [ '5.2.1' ],
288 silly audit   'safer-buffer': [ '2.1.2' ],
288 silly audit   'simple-swizzle': [ '0.2.2' ],
288 silly audit   sshpk: [ '1.18.0' ],
288 silly audit   'stealthy-require': [ '1.1.1' ],
288 silly audit   'tunnel-agent': [ '0.6.0' ],
288 silly audit   tweetnacl: [ '0.14.5' ],
288 silly audit   'uri-js': [ '4.4.1' ],
288 silly audit   'useragent-from-seed': [ '1.0.1' ],
288 silly audit   uuid: [ '3.4.0' ],
288 silly audit   verror: [ '1.10.0' ],
288 silly audit   'instagram-private-api': [ '1.46.1' ],
288 silly audit   lodash: [ '4.17.21' ],
288 silly audit   '@lifeomic/attempt': [ '3.1.0' ],
288 silly audit   '@types/chance': [ '1.1.6' ],
288 silly audit   '@types/request-promise': [ '4.1.51' ],
288 silly audit   bluebird: [ '3.7.2' ],
288 silly audit   chance: [ '1.1.12' ],
288 silly audit   'class-transformer': [ '0.3.1' ],
288 silly audit   debug: [ '4.4.0' ],
288 silly audit   'image-size': [ '0.7.5' ],
288 silly audit   'json-bigint': [ '1.0.0' ],
288 silly audit   luxon: [ '1.28.1' ],
288 silly audit   'reflect-metadata': [ '0.1.14' ],
288 silly audit   'request-promise': [ '4.2.6' ],
288 silly audit   rxjs: [ '6.6.7' ],
288 silly audit   'snakecase-keys': [ '3.2.1' ],
288 silly audit   'ts-custom-error': [ '2.2.2' ],
288 silly audit   'ts-xor': [ '1.3.0' ],
288 silly audit   'url-regex-safe': [ '3.0.0' ],
288 silly audit   'utility-types': [ '3.11.0' ],
288 silly audit   '@types/bluebird': [ '3.5.42' ],
288 silly audit   '@types/request': [ '2.48.12' ],
288 silly audit   '@types/caseless': [ '0.12.5' ],
288 silly audit   '@types/node': [ '22.13.5' ],
288 silly audit   '@types/tough-cookie': [ '4.0.5' ],
288 silly audit   'undici-types': [ '6.20.0' ],
288 silly audit   ms: [ '2.1.3' ],
288 silly audit   'bignumber.js': [ '9.1.2' ],
288 silly audit   tslib: [ '1.14.1' ],
288 silly audit   'map-obj': [ '4.3.0' ],
288 silly audit   'to-snake-case': [ '1.0.0' ],
288 silly audit   'to-space-case': [ '1.0.0' ],
288 silly audit   'to-no-case': [ '1.0.2' ],
288 silly audit   tlds: [ '1.255.0' ],
288 silly audit   'es-set-tostringtag': [ '2.1.0' ],
288 silly audit   'es-errors': [ '1.3.0' ],
288 silly audit   'get-intrinsic': [ '1.3.0' ],
288 silly audit   'has-tostringtag': [ '1.0.2' ],
288 silly audit   hasown: [ '2.0.2' ],
288 silly audit   'call-bind-apply-helpers': [ '1.0.2' ],
288 silly audit   'es-define-property': [ '1.0.1' ],
288 silly audit   'es-object-atoms': [ '1.1.1' ],
288 silly audit   'function-bind': [ '1.1.2' ],
288 silly audit   'get-proto': [ '1.0.1' ],
288 silly audit   gopd: [ '1.2.0' ],
288 silly audit   'has-symbols': [ '1.1.0' ],
288 silly audit   'math-intrinsics': [ '1.1.0' ],
288 silly audit   'dunder-proto': [ '1.0.1' ]
288 silly audit }
289 http cache dunder-proto@https://registry.npmjs.org/dunder-proto/-/dunder-proto-1.0.1.tgz 0ms (cache hit)
290 http cache math-intrinsics@https://registry.npmjs.org/math-intrinsics/-/math-intrinsics-1.1.0.tgz 0ms (cache hit)
291 http cache has-symbols@https://registry.npmjs.org/has-symbols/-/has-symbols-1.1.0.tgz 0ms (cache hit)
292 http cache gopd@https://registry.npmjs.org/gopd/-/gopd-1.2.0.tgz 0ms (cache hit)
293 http cache get-proto@https://registry.npmjs.org/get-proto/-/get-proto-1.0.1.tgz 1ms (cache hit)
294 http cache function-bind@https://registry.npmjs.org/function-bind/-/function-bind-1.1.2.tgz 0ms (cache hit)
295 http cache es-object-atoms@https://registry.npmjs.org/es-object-atoms/-/es-object-atoms-1.1.1.tgz 0ms (cache hit)
296 http cache es-define-property@https://registry.npmjs.org/es-define-property/-/es-define-property-1.0.1.tgz 0ms (cache hit)
297 http cache call-bind-apply-helpers@https://registry.npmjs.org/call-bind-apply-helpers/-/call-bind-apply-helpers-1.0.2.tgz 0ms (cache hit)
298 http cache hasown@https://registry.npmjs.org/hasown/-/hasown-2.0.2.tgz 0ms (cache hit)
299 http cache has-tostringtag@https://registry.npmjs.org/has-tostringtag/-/has-tostringtag-1.0.2.tgz 0ms (cache hit)
300 http cache get-intrinsic@https://registry.npmjs.org/get-intrinsic/-/get-intrinsic-1.3.0.tgz 0ms (cache hit)
301 http cache es-errors@https://registry.npmjs.org/es-errors/-/es-errors-1.3.0.tgz 0ms (cache hit)
302 http cache es-set-tostringtag@https://registry.npmjs.org/es-set-tostringtag/-/es-set-tostringtag-2.1.0.tgz 0ms (cache hit)
303 http cache to-no-case@https://registry.npmjs.org/to-no-case/-/to-no-case-1.0.2.tgz 0ms (cache hit)
304 http cache tlds@https://registry.npmjs.org/tlds/-/tlds-1.255.0.tgz 0ms (cache hit)
305 http cache to-space-case@https://registry.npmjs.org/to-space-case/-/to-space-case-1.0.0.tgz 1ms (cache hit)
306 http cache to-snake-case@https://registry.npmjs.org/to-snake-case/-/to-snake-case-1.0.0.tgz 1ms (cache hit)
307 http cache map-obj@https://registry.npmjs.org/map-obj/-/map-obj-4.3.0.tgz 0ms (cache hit)
308 http cache bignumber.js@https://registry.npmjs.org/bignumber.js/-/bignumber.js-9.1.2.tgz 0ms (cache hit)
309 http cache ms@https://registry.npmjs.org/ms/-/ms-2.1.3.tgz 0ms (cache hit)
310 http cache tslib@https://registry.npmjs.org/tslib/-/tslib-1.14.1.tgz 0ms (cache hit)
311 http cache undici-types@https://registry.npmjs.org/undici-types/-/undici-types-6.20.0.tgz 0ms (cache hit)
312 http cache @types/tough-cookie@https://registry.npmjs.org/@types/tough-cookie/-/tough-cookie-4.0.5.tgz 0ms (cache hit)
313 http cache @types/node@https://registry.npmjs.org/@types/node/-/node-22.13.5.tgz 0ms (cache hit)
314 http cache @types/caseless@https://registry.npmjs.org/@types/caseless/-/caseless-0.12.5.tgz 0ms (cache hit)
315 http cache @types/request@https://registry.npmjs.org/@types/request/-/request-2.48.12.tgz 0ms (cache hit)
316 http cache @types/bluebird@https://registry.npmjs.org/@types/bluebird/-/bluebird-3.5.42.tgz 0ms (cache hit)
317 http cache utility-types@https://registry.npmjs.org/utility-types/-/utility-types-3.11.0.tgz 0ms (cache hit)
318 http cache url-regex-safe@https://registry.npmjs.org/url-regex-safe/-/url-regex-safe-3.0.0.tgz 0ms (cache hit)
319 http cache ts-xor@https://registry.npmjs.org/ts-xor/-/ts-xor-1.3.0.tgz 1ms (cache hit)
320 http cache ts-custom-error@https://registry.npmjs.org/ts-custom-error/-/ts-custom-error-2.2.2.tgz 1ms (cache hit)
321 http cache snakecase-keys@https://registry.npmjs.org/snakecase-keys/-/snakecase-keys-3.2.1.tgz 0ms (cache hit)
322 http cache rxjs@https://registry.npmjs.org/rxjs/-/rxjs-6.6.7.tgz 0ms (cache hit)
323 http cache request-promise@https://registry.npmjs.org/request-promise/-/request-promise-4.2.6.tgz 0ms (cache hit)
324 http cache reflect-metadata@https://registry.npmjs.org/reflect-metadata/-/reflect-metadata-0.1.14.tgz 0ms (cache hit)
325 http cache luxon@https://registry.npmjs.org/luxon/-/luxon-1.28.1.tgz 0ms (cache hit)
326 http cache json-bigint@https://registry.npmjs.org/json-bigint/-/json-bigint-1.0.0.tgz 0ms (cache hit)
327 http cache image-size@https://registry.npmjs.org/image-size/-/image-size-0.7.5.tgz 0ms (cache hit)
328 http cache debug@https://registry.npmjs.org/debug/-/debug-4.4.0.tgz 0ms (cache hit)
329 http cache class-transformer@https://registry.npmjs.org/class-transformer/-/class-transformer-0.3.1.tgz 0ms (cache hit)
330 http cache chance@https://registry.npmjs.org/chance/-/chance-1.1.12.tgz 0ms (cache hit)
331 http cache bluebird@https://registry.npmjs.org/bluebird/-/bluebird-3.7.2.tgz 0ms (cache hit)
332 http cache @types/request-promise@https://registry.npmjs.org/@types/request-promise/-/request-promise-4.1.51.tgz 0ms (cache hit)
333 http cache @types/chance@https://registry.npmjs.org/@types/chance/-/chance-1.1.6.tgz 0ms (cache hit)
334 http cache @lifeomic/attempt@https://registry.npmjs.org/@lifeomic/attempt/-/attempt-3.1.0.tgz 1ms (cache hit)
335 http cache instagram-private-api@https://registry.npmjs.org/instagram-private-api/-/instagram-private-api-1.46.1.tgz 0ms (cache hit)
336 http cache ip-regex@https://registry.npmjs.org/ip-regex/-/ip-regex-4.3.0.tgz 0ms (cache hit)
337 http cache tough-cookie@https://registry.npmjs.org/tough-cookie/-/tough-cookie-2.5.0.tgz 0ms (cache hit)
338 http cache form-data@https://registry.npmjs.org/form-data/-/form-data-2.5.3.tgz 0ms (cache hit)
339 http cache tough-cookie@https://registry.npmjs.org/tough-cookie/-/tough-cookie-2.5.0.tgz 0ms (cache hit)
340 silly tarball no local data for get-intrinsic@https://registry.npmjs.org/get-intrinsic/-/get-intrinsic-1.3.0.tgz. Extracting by manifest.
341 silly tarball no local data for to-no-case@https://registry.npmjs.org/to-no-case/-/to-no-case-1.0.2.tgz. Extracting by manifest.
342 silly tarball no local data for tlds@https://registry.npmjs.org/tlds/-/tlds-1.255.0.tgz. Extracting by manifest.
343 silly tarball no local data for to-space-case@https://registry.npmjs.org/to-space-case/-/to-space-case-1.0.0.tgz. Extracting by manifest.
344 silly tarball no local data for to-snake-case@https://registry.npmjs.org/to-snake-case/-/to-snake-case-1.0.0.tgz. Extracting by manifest.
345 silly tarball no local data for map-obj@https://registry.npmjs.org/map-obj/-/map-obj-4.3.0.tgz. Extracting by manifest.
346 silly tarball no local data for bignumber.js@https://registry.npmjs.org/bignumber.js/-/bignumber.js-9.1.2.tgz. Extracting by manifest.
347 silly tarball no local data for undici-types@https://registry.npmjs.org/undici-types/-/undici-types-6.20.0.tgz. Extracting by manifest.
348 silly tarball no local data for @types/tough-cookie@https://registry.npmjs.org/@types/tough-cookie/-/tough-cookie-4.0.5.tgz. Extracting by manifest.
349 silly tarball no local data for tslib@https://registry.npmjs.org/tslib/-/tslib-1.14.1.tgz. Extracting by manifest.
350 silly tarball no local data for @types/caseless@https://registry.npmjs.org/@types/caseless/-/caseless-0.12.5.tgz. Extracting by manifest.
351 silly tarball no local data for @types/node@https://registry.npmjs.org/@types/node/-/node-22.13.5.tgz. Extracting by manifest.
352 silly tarball no local data for @types/request@https://registry.npmjs.org/@types/request/-/request-2.48.12.tgz. Extracting by manifest.
353 silly tarball no local data for @types/bluebird@https://registry.npmjs.org/@types/bluebird/-/bluebird-3.5.42.tgz. Extracting by manifest.
354 silly tarball no local data for utility-types@https://registry.npmjs.org/utility-types/-/utility-types-3.11.0.tgz. Extracting by manifest.
355 silly tarball no local data for url-regex-safe@https://registry.npmjs.org/url-regex-safe/-/url-regex-safe-3.0.0.tgz. Extracting by manifest.
356 silly tarball no local data for ts-xor@https://registry.npmjs.org/ts-xor/-/ts-xor-1.3.0.tgz. Extracting by manifest.
357 silly tarball no local data for snakecase-keys@https://registry.npmjs.org/snakecase-keys/-/snakecase-keys-3.2.1.tgz. Extracting by manifest.
358 silly tarball no local data for rxjs@https://registry.npmjs.org/rxjs/-/rxjs-6.6.7.tgz. Extracting by manifest.
359 silly tarball no local data for ts-custom-error@https://registry.npmjs.org/ts-custom-error/-/ts-custom-error-2.2.2.tgz. Extracting by manifest.
360 silly tarball no local data for request-promise@https://registry.npmjs.org/request-promise/-/request-promise-4.2.6.tgz. Extracting by manifest.
361 silly tarball no local data for reflect-metadata@https://registry.npmjs.org/reflect-metadata/-/reflect-metadata-0.1.14.tgz. Extracting by manifest.
362 silly tarball no local data for luxon@https://registry.npmjs.org/luxon/-/luxon-1.28.1.tgz. Extracting by manifest.
363 silly tarball no local data for json-bigint@https://registry.npmjs.org/json-bigint/-/json-bigint-1.0.0.tgz. Extracting by manifest.
364 silly tarball no local data for image-size@https://registry.npmjs.org/image-size/-/image-size-0.7.5.tgz. Extracting by manifest.
365 silly tarball no local data for class-transformer@https://registry.npmjs.org/class-transformer/-/class-transformer-0.3.1.tgz. Extracting by manifest.
366 silly tarball no local data for chance@https://registry.npmjs.org/chance/-/chance-1.1.12.tgz. Extracting by manifest.
367 silly tarball no local data for @types/request-promise@https://registry.npmjs.org/@types/request-promise/-/request-promise-4.1.51.tgz. Extracting by manifest.
368 silly tarball no local data for @types/chance@https://registry.npmjs.org/@types/chance/-/chance-1.1.6.tgz. Extracting by manifest.
369 silly tarball no local data for @lifeomic/attempt@https://registry.npmjs.org/@lifeomic/attempt/-/attempt-3.1.0.tgz. Extracting by manifest.
370 silly tarball no local data for instagram-private-api@https://registry.npmjs.org/instagram-private-api/-/instagram-private-api-1.46.1.tgz. Extracting by manifest.
371 silly tarball no local data for ip-regex@https://registry.npmjs.org/ip-regex/-/ip-regex-4.3.0.tgz. Extracting by manifest.
372 silly tarball no local data for form-data@https://registry.npmjs.org/form-data/-/form-data-2.5.3.tgz. Extracting by manifest.
373 http fetch POST 200 https://registry.npmjs.org/-/npm/v1/security/advisories/bulk 709ms
374 silly audit report {
374 silly audit report   request: [
374 silly audit report     {
374 silly audit report       id: 1096727,
374 silly audit report       url: 'https://github.com/advisories/GHSA-p8p7-x288-28g6',
374 silly audit report       title: 'Server-Side Request Forgery in Request',
374 silly audit report       severity: 'moderate',
374 silly audit report       vulnerable_versions: '<=2.88.2',
374 silly audit report       cwe: [Array],
374 silly audit report       cvss: [Object]
374 silly audit report     }
374 silly audit report   ],
374 silly audit report   'tough-cookie': [
374 silly audit report     {
374 silly audit report       id: 1097682,
374 silly audit report       url: 'https://github.com/advisories/GHSA-72xf-g2v4-qvf3',
374 silly audit report       title: 'tough-cookie Prototype Pollution vulnerability',
374 silly audit report       severity: 'moderate',
374 silly audit report       vulnerable_versions: '<4.1.3',
374 silly audit report       cwe: [Array],
374 silly audit report       cvss: [Object]
374 silly audit report     }
374 silly audit report   ]
374 silly audit report }
375 silly packumentCache corgi:https://registry.npmjs.org/request cache-miss
376 silly packumentCache corgi:https://registry.npmjs.org/tough-cookie cache-miss
377 http fetch GET 200 https://registry.npmjs.org/to-space-case/-/to-space-case-1.0.0.tgz 954ms (cache miss)
378 http fetch GET 200 https://registry.npmjs.org/tlds/-/tlds-1.255.0.tgz 957ms (cache miss)
379 http fetch GET 200 https://registry.npmjs.org/to-snake-case/-/to-snake-case-1.0.0.tgz 954ms (cache miss)
380 http fetch GET 200 https://registry.npmjs.org/to-no-case/-/to-no-case-1.0.2.tgz 965ms (cache miss)
381 http fetch GET 200 https://registry.npmjs.org/get-intrinsic/-/get-intrinsic-1.3.0.tgz 973ms (cache miss)
382 http fetch GET 200 https://registry.npmjs.org/map-obj/-/map-obj-4.3.0.tgz 958ms (cache miss)
383 http fetch GET 200 https://registry.npmjs.org/utility-types/-/utility-types-3.11.0.tgz 969ms (cache miss)
384 http fetch GET 200 https://registry.npmjs.org/request-promise/-/request-promise-4.2.6.tgz 1010ms (cache miss)
385 warn deprecated request-promise@4.2.6: request-promise has been deprecated because it extends the now deprecated request package, see https://github.com/request/request/issues/3142
386 http fetch GET 200 https://registry.npmjs.org/url-regex-safe/-/url-regex-safe-3.0.0.tgz 1134ms (cache miss)
387 http fetch GET 200 https://registry.npmjs.org/snakecase-keys/-/snakecase-keys-3.2.1.tgz 1183ms (cache miss)
388 http fetch GET 200 https://registry.npmjs.org/json-bigint/-/json-bigint-1.0.0.tgz 1209ms (cache miss)
389 http fetch GET 200 https://registry.npmjs.org/reflect-metadata/-/reflect-metadata-0.1.14.tgz 1246ms (cache miss)
390 http fetch GET 200 https://registry.npmjs.org/image-size/-/image-size-0.7.5.tgz 1401ms (cache miss)
391 http fetch GET 200 https://registry.npmjs.org/@types/caseless/-/caseless-0.12.5.tgz 1525ms (cache miss)
392 http fetch GET 200 https://registry.npmjs.org/tslib/-/tslib-1.14.1.tgz 1535ms (cache miss)
393 http fetch GET 200 https://registry.npmjs.org/@types/tough-cookie/-/tough-cookie-4.0.5.tgz 1591ms (cache miss)
394 http fetch GET 200 https://registry.npmjs.org/class-transformer/-/class-transformer-0.3.1.tgz 1564ms (cache miss)
395 http fetch GET 200 https://registry.npmjs.org/@types/request/-/request-2.48.12.tgz 1903ms (cache miss)
396 http fetch GET 200 https://registry.npmjs.org/@types/bluebird/-/bluebird-3.5.42.tgz 1945ms (cache miss)
397 http fetch GET 200 https://registry.npmjs.org/@types/chance/-/chance-1.1.6.tgz 2081ms (cache miss)
398 http fetch GET 200 https://registry.npmjs.org/@types/request-promise/-/request-promise-4.1.51.tgz 2087ms (cache miss)
399 http fetch GET 200 https://registry.npmjs.org/ip-regex/-/ip-regex-4.3.0.tgz 2111ms (cache miss)
400 http fetch GET 200 https://registry.npmjs.org/undici-types/-/undici-types-6.20.0.tgz 2196ms (cache miss)
401 http fetch GET 200 https://registry.npmjs.org/form-data/-/form-data-2.5.3.tgz 2179ms (cache miss)
402 http fetch GET 200 https://registry.npmjs.org/@lifeomic/attempt/-/attempt-3.1.0.tgz 2190ms (cache miss)
403 http fetch GET 200 https://registry.npmjs.org/tough-cookie 1774ms (cache updated)
404 silly packumentCache corgi:https://registry.npmjs.org/tough-cookie set size:undefined disposed:false
405 http fetch GET 200 https://registry.npmjs.org/request 2014ms (cache updated)
406 silly packumentCache corgi:https://registry.npmjs.org/request set size:undefined disposed:false
407 silly packumentCache corgi:https://registry.npmjs.org/instagram-web-api cache-miss
408 silly packumentCache corgi:https://registry.npmjs.org/request-promise-core cache-miss
409 silly packumentCache corgi:https://registry.npmjs.org/request-promise-native cache-miss
410 silly packumentCache corgi:https://registry.npmjs.org/instagram-private-api cache-miss
411 silly packumentCache corgi:https://registry.npmjs.org/request-promise cache-miss
412 http fetch GET 200 https://registry.npmjs.org/bignumber.js/-/bignumber.js-9.1.2.tgz 2600ms (cache miss)
413 http fetch GET 200 https://registry.npmjs.org/ts-xor/-/ts-xor-1.3.0.tgz 2665ms (cache miss)
414 http fetch GET 200 https://registry.npmjs.org/request-promise-core 605ms (cache updated)
415 silly packumentCache corgi:https://registry.npmjs.org/request-promise-core set size:undefined disposed:false
416 http fetch GET 200 https://registry.npmjs.org/request-promise-native 605ms (cache updated)
417 silly packumentCache corgi:https://registry.npmjs.org/request-promise-native set size:undefined disposed:false
418 http fetch GET 200 https://registry.npmjs.org/request-promise 631ms (cache miss)
419 silly packumentCache corgi:https://registry.npmjs.org/request-promise set size:undefined disposed:false
420 http fetch GET 200 https://registry.npmjs.org/instagram-web-api 1002ms (cache updated)
421 silly packumentCache corgi:https://registry.npmjs.org/instagram-web-api set size:undefined disposed:false
422 http fetch GET 200 https://registry.npmjs.org/luxon/-/luxon-1.28.1.tgz 3702ms (cache miss)
423 http fetch GET 200 https://registry.npmjs.org/@types/node/-/node-22.13.5.tgz 3754ms (cache miss)
424 http fetch GET 200 https://registry.npmjs.org/instagram-private-api 1191ms (cache miss)
425 silly packumentCache corgi:https://registry.npmjs.org/instagram-private-api set size:undefined disposed:false
426 http fetch GET 200 https://registry.npmjs.org/chance/-/chance-1.1.12.tgz 4196ms (cache miss)
427 http fetch GET 200 https://registry.npmjs.org/instagram-private-api/-/instagram-private-api-1.46.1.tgz 5200ms (cache miss)
428 http fetch GET 200 https://registry.npmjs.org/ts-custom-error/-/ts-custom-error-2.2.2.tgz 6263ms (cache miss)
429 warn deprecated ts-custom-error@2.2.2: npm package tarball contains useless codeclimate-reporter binary, please update to version 3.1.1. See https://github.com/adriengibrat/ts-custom-error/issues/32
430 http fetch GET 200 https://registry.npmjs.org/rxjs/-/rxjs-6.6.7.tgz 7894ms (cache miss)
431 silly ADD node_modules/dunder-proto
432 silly ADD node_modules/math-intrinsics
433 silly ADD node_modules/has-symbols
434 silly ADD node_modules/gopd
435 silly ADD node_modules/get-proto
436 silly ADD node_modules/function-bind
437 silly ADD node_modules/es-object-atoms
438 silly ADD node_modules/es-define-property
439 silly ADD node_modules/call-bind-apply-helpers
440 silly ADD node_modules/hasown
441 silly ADD node_modules/has-tostringtag
442 silly ADD node_modules/get-intrinsic
443 silly ADD node_modules/es-errors
444 silly ADD node_modules/es-set-tostringtag
445 silly ADD node_modules/tlds
446 silly ADD node_modules/to-no-case
447 silly ADD node_modules/to-space-case
448 silly ADD node_modules/to-snake-case
449 silly ADD node_modules/map-obj
450 silly ADD node_modules/tslib
451 silly ADD node_modules/bignumber.js
452 silly ADD node_modules/ms
453 silly ADD node_modules/undici-types
454 silly ADD node_modules/@types/tough-cookie
455 silly ADD node_modules/@types/node
456 silly ADD node_modules/@types/caseless
457 silly ADD node_modules/@types/request
458 silly ADD node_modules/@types/request/node_modules/form-data
459 silly ADD node_modules/@types/bluebird
460 silly ADD node_modules/utility-types
461 silly ADD node_modules/url-regex-safe
462 silly ADD node_modules/url-regex-safe/node_modules/ip-regex
463 silly ADD node_modules/ts-xor
464 silly ADD node_modules/ts-custom-error
465 silly ADD node_modules/snakecase-keys
466 silly ADD node_modules/rxjs
467 silly ADD node_modules/request-promise
468 silly ADD node_modules/request-promise/node_modules/tough-cookie
469 silly ADD node_modules/reflect-metadata
470 silly ADD node_modules/luxon
471 silly ADD node_modules/json-bigint
472 silly ADD node_modules/image-size
473 silly ADD node_modules/debug
474 silly ADD node_modules/class-transformer
475 silly ADD node_modules/chance
476 silly ADD node_modules/bluebird
477 silly ADD node_modules/@types/request-promise
478 silly ADD node_modules/@types/chance
479 silly ADD node_modules/@lifeomic/attempt
480 silly ADD node_modules/instagram-private-api
481 silly ADD node_modules/instagram-private-api/node_modules/tough-cookie
482 verbose cwd /data/data/com.termux/files/home/botig
483 verbose os Linux 5.10.218-android12-9-00025-g7e8d2909ab18-ab12292143
484 verbose node v23.6.1
485 verbose npm  v10.9.2
486 verbose exit 0
487 info ok
