0 verbose cli /data/data/com.termux/files/usr/bin/node /data/data/com.termux/files/usr/bin/npm
1 info using npm@10.9.2
2 info using node@v23.6.1
3 silly config load:file:/data/data/com.termux/files/usr/lib/node_modules/npm/npmrc
4 silly config load:file:/data/data/com.termux/files/home/botig/.npmrc
5 silly config load:file:/data/data/com.termux/files/home/.npmrc
6 silly config load:file:/data/data/com.termux/files/usr/etc/npmrc
7 verbose title npm install instagram-web-api
8 verbose argv "install" "instagram-web-api"
9 verbose logfile logs-max:10 dir:/data/data/com.termux/files/home/.npm/_logs/2025-02-23T07_01_13_949Z-
10 verbose logfile /data/data/com.termux/files/home/.npm/_logs/2025-02-23T07_01_13_949Z-debug-0.log
11 silly logfile start cleaning logs, removing 1 files
12 silly logfile done cleaning log files
13 silly packumentCache heap:1005322240 maxSize:251330560 maxEntrySize:125665280
14 silly idealTree buildDeps
15 silly fetch manifest instagram-web-api@*
16 silly packumentCache full:https://registry.npmjs.org/instagram-web-api cache-miss
17 http fetch GET 200 https://registry.npmjs.org/instagram-web-api 1231ms (cache miss)
18 silly packumentCache full:https://registry.npmjs.org/instagram-web-api set size:undefined disposed:false
19 silly placeDep ROOT instagram-web-api@2.2.2 OK for: botig@1.0.0 want: *
20 silly fetch manifest is-url@^1.2.4
21 silly packumentCache full:https://registry.npmjs.org/is-url cache-miss
22 silly fetch manifest request@^2.88.0
23 silly packumentCache full:https://registry.npmjs.org/request cache-miss
24 silly fetch manifest request-promise-native@^1.0.8
25 silly packumentCache full:https://registry.npmjs.org/request-promise-native cache-miss
26 silly fetch manifest tough-cookie@^3.0.1
27 silly packumentCache full:https://registry.npmjs.org/tough-cookie cache-miss
28 silly fetch manifest useragent-from-seed@^1.0.1
29 silly packumentCache full:https://registry.npmjs.org/useragent-from-seed cache-miss
30 http fetch GET 200 https://registry.npmjs.org/request-promise-native 288ms (cache miss)
31 silly packumentCache full:https://registry.npmjs.org/request-promise-native set size:undefined disposed:false
32 http fetch GET 200 https://registry.npmjs.org/tough-cookie 362ms (cache updated)
33 silly packumentCache full:https://registry.npmjs.org/tough-cookie set size:undefined disposed:false
34 http fetch GET 200 https://registry.npmjs.org/request 395ms (cache updated)
35 silly packumentCache full:https://registry.npmjs.org/request set size:undefined disposed:false
36 http fetch GET 200 https://registry.npmjs.org/is-url 775ms (cache miss)
37 silly packumentCache full:https://registry.npmjs.org/is-url set size:undefined disposed:false
38 http fetch GET 200 https://registry.npmjs.org/useragent-from-seed 917ms (cache miss)
39 silly packumentCache full:https://registry.npmjs.org/useragent-from-seed set size:undefined disposed:false
40 silly placeDep ROOT is-url@1.2.4 OK for: instagram-web-api@2.2.2 want: ^1.2.4
41 silly placeDep ROOT request@2.88.2 OK for: instagram-web-api@2.2.2 want: ^2.88.0
42 silly placeDep ROOT request-promise-native@1.0.9 OK for: instagram-web-api@2.2.2 want: ^1.0.8
43 silly placeDep ROOT tough-cookie@3.0.1 OK for: instagram-web-api@2.2.2 want: ^3.0.1
44 silly placeDep ROOT useragent-from-seed@1.0.1 OK for: instagram-web-api@2.2.2 want: ^1.0.1
45 silly fetch manifest qs@~6.5.2
46 silly packumentCache full:https://registry.npmjs.org/qs cache-miss
47 silly fetch manifest aws4@^1.8.0
48 silly packumentCache full:https://registry.npmjs.org/aws4 cache-miss
49 silly fetch manifest uuid@^3.3.2
50 silly packumentCache full:https://registry.npmjs.org/uuid cache-miss
51 silly fetch manifest extend@~3.0.2
52 silly packumentCache full:https://registry.npmjs.org/extend cache-miss
53 silly fetch manifest caseless@~0.12.0
54 silly packumentCache full:https://registry.npmjs.org/caseless cache-miss
55 silly fetch manifest isstream@~0.1.2
56 silly packumentCache full:https://registry.npmjs.org/isstream cache-miss
57 silly fetch manifest aws-sign2@~0.7.0
58 silly packumentCache full:https://registry.npmjs.org/aws-sign2 cache-miss
59 http fetch GET 200 https://registry.npmjs.org/extend 221ms (cache updated)
60 silly packumentCache full:https://registry.npmjs.org/extend set size:undefined disposed:false
61 silly fetch manifest form-data@~2.3.2
62 silly packumentCache full:https://registry.npmjs.org/form-data cache-miss
63 http fetch GET 200 https://registry.npmjs.org/aws-sign2 227ms (cache updated)
64 silly packumentCache full:https://registry.npmjs.org/aws-sign2 set size:undefined disposed:false
65 silly fetch manifest mime-types@~2.1.19
66 silly packumentCache full:https://registry.npmjs.org/mime-types cache-miss
67 http fetch GET 200 https://registry.npmjs.org/caseless 236ms (cache updated)
68 silly packumentCache full:https://registry.npmjs.org/caseless set size:undefined disposed:false
69 silly fetch manifest oauth-sign@~0.9.0
70 silly packumentCache full:https://registry.npmjs.org/oauth-sign cache-miss
71 http fetch GET 200 https://registry.npmjs.org/aws4 280ms (cache updated)
72 silly packumentCache full:https://registry.npmjs.org/aws4 set size:undefined disposed:false
73 silly fetch manifest safe-buffer@^5.1.2
74 silly packumentCache full:https://registry.npmjs.org/safe-buffer cache-miss
75 http fetch GET 200 https://registry.npmjs.org/uuid 302ms (cache updated)
76 silly packumentCache full:https://registry.npmjs.org/uuid set size:undefined disposed:false
77 silly fetch manifest tough-cookie@~2.5.0
78 silly packumentCache full:https://registry.npmjs.org/tough-cookie cache-miss
79 http cache https://registry.npmjs.org/tough-cookie 29ms (cache hit)
80 silly packumentCache full:https://registry.npmjs.org/tough-cookie set size:124737 disposed:false
81 silly fetch manifest tunnel-agent@^0.6.0
82 silly packumentCache full:https://registry.npmjs.org/tunnel-agent cache-miss
83 http fetch GET 200 https://registry.npmjs.org/isstream 389ms (cache updated)
84 silly packumentCache full:https://registry.npmjs.org/isstream set size:undefined disposed:false
85 silly fetch manifest forever-agent@~0.6.1
86 silly packumentCache full:https://registry.npmjs.org/forever-agent cache-miss
87 http fetch GET 200 https://registry.npmjs.org/oauth-sign 230ms (cache updated)
88 silly packumentCache full:https://registry.npmjs.org/oauth-sign set size:undefined disposed:false
89 silly fetch manifest har-validator@~5.1.3
90 silly packumentCache full:https://registry.npmjs.org/har-validator cache-miss
91 http fetch GET 200 https://registry.npmjs.org/safe-buffer 199ms (cache updated)
92 silly packumentCache full:https://registry.npmjs.org/safe-buffer set size:undefined disposed:false
93 silly fetch manifest is-typedarray@~1.0.0
94 silly packumentCache full:https://registry.npmjs.org/is-typedarray cache-miss
95 http fetch GET 200 https://registry.npmjs.org/form-data 263ms (cache updated)
96 silly packumentCache full:https://registry.npmjs.org/form-data set size:undefined disposed:false
97 silly fetch manifest http-signature@~1.2.0
98 silly packumentCache full:https://registry.npmjs.org/http-signature cache-miss
99 http fetch GET 200 https://registry.npmjs.org/mime-types 271ms (cache updated)
100 silly packumentCache full:https://registry.npmjs.org/mime-types set size:undefined disposed:false
101 silly fetch manifest combined-stream@~1.0.6
102 silly packumentCache full:https://registry.npmjs.org/combined-stream cache-miss
103 http fetch GET 200 https://registry.npmjs.org/tunnel-agent 163ms (cache updated)
104 silly packumentCache full:https://registry.npmjs.org/tunnel-agent set size:undefined disposed:false
105 silly fetch manifest performance-now@^2.1.0
106 silly packumentCache full:https://registry.npmjs.org/performance-now cache-miss
107 http fetch GET 200 https://registry.npmjs.org/qs 543ms (cache updated)
108 silly packumentCache full:https://registry.npmjs.org/qs set size:undefined disposed:false
109 silly fetch manifest json-stringify-safe@~5.0.1
110 silly packumentCache full:https://registry.npmjs.org/json-stringify-safe cache-miss
111 http fetch GET 200 https://registry.npmjs.org/forever-agent 190ms (cache updated)
112 silly packumentCache full:https://registry.npmjs.org/forever-agent set size:undefined disposed:false
113 silly fetch manifest request-promise-core@1.1.4
114 silly packumentCache full:https://registry.npmjs.org/request-promise-core cache-miss
115 http fetch GET 200 https://registry.npmjs.org/is-typedarray 141ms (cache updated)
116 silly packumentCache full:https://registry.npmjs.org/is-typedarray set size:undefined disposed:false
117 silly fetch manifest stealthy-require@^1.1.1
118 silly packumentCache full:https://registry.npmjs.org/stealthy-require cache-miss
119 http fetch GET 200 https://registry.npmjs.org/har-validator 154ms (cache updated)
120 silly packumentCache full:https://registry.npmjs.org/har-validator set size:undefined disposed:false
121 silly fetch manifest tough-cookie@^2.3.3
122 silly packumentCache full:https://registry.npmjs.org/tough-cookie cache-hit
123 silly fetch manifest psl@^1.1.28
124 silly packumentCache full:https://registry.npmjs.org/psl cache-miss
125 http fetch GET 200 https://registry.npmjs.org/http-signature 172ms (cache updated)
126 silly packumentCache full:https://registry.npmjs.org/http-signature set size:undefined disposed:false
127 silly fetch manifest ip-regex@^2.1.0
128 silly packumentCache full:https://registry.npmjs.org/ip-regex cache-miss
129 http fetch GET 200 https://registry.npmjs.org/performance-now 170ms (cache updated)
130 silly packumentCache full:https://registry.npmjs.org/performance-now set size:undefined disposed:false
131 silly fetch manifest punycode@^2.1.1
132 silly packumentCache full:https://registry.npmjs.org/punycode cache-miss
133 http fetch GET 200 https://registry.npmjs.org/json-stringify-safe 169ms (cache updated)
134 silly packumentCache full:https://registry.npmjs.org/json-stringify-safe set size:undefined disposed:false
135 silly fetch manifest randoma@^1.2.0
136 silly packumentCache full:https://registry.npmjs.org/randoma cache-miss
137 http fetch GET 200 https://registry.npmjs.org/combined-stream 212ms (cache updated)
138 silly packumentCache full:https://registry.npmjs.org/combined-stream set size:undefined disposed:false
139 http fetch GET 200 https://registry.npmjs.org/ip-regex 91ms (cache miss)
140 silly packumentCache full:https://registry.npmjs.org/ip-regex set size:undefined disposed:false
141 http fetch GET 200 https://registry.npmjs.org/psl 131ms (cache updated)
142 silly packumentCache full:https://registry.npmjs.org/psl set size:undefined disposed:false
143 http fetch GET 200 https://registry.npmjs.org/stealthy-require 156ms (cache updated)
144 silly packumentCache full:https://registry.npmjs.org/stealthy-require set size:undefined disposed:false
145 http fetch GET 200 https://registry.npmjs.org/punycode 114ms (cache updated)
146 silly packumentCache full:https://registry.npmjs.org/punycode set size:undefined disposed:false
147 http fetch GET 200 https://registry.npmjs.org/request-promise-core 378ms (cache updated)
148 silly packumentCache full:https://registry.npmjs.org/request-promise-core set size:undefined disposed:false
149 http fetch GET 200 https://registry.npmjs.org/randoma 813ms (cache miss)
150 silly packumentCache full:https://registry.npmjs.org/randoma set size:undefined disposed:false
151 silly placeDep ROOT aws-sign2@0.7.0 OK for: request@2.88.2 want: ~0.7.0
152 silly placeDep ROOT aws4@1.13.2 OK for: request@2.88.2 want: ^1.8.0
153 silly placeDep ROOT caseless@0.12.0 OK for: request@2.88.2 want: ~0.12.0
154 silly placeDep ROOT combined-stream@1.0.8 OK for: request@2.88.2 want: ~1.0.6
155 silly placeDep ROOT extend@3.0.2 OK for: request@2.88.2 want: ~3.0.2
156 silly placeDep ROOT forever-agent@0.6.1 OK for: request@2.88.2 want: ~0.6.1
157 silly placeDep ROOT form-data@2.3.3 OK for: request@2.88.2 want: ~2.3.2
158 silly placeDep ROOT har-validator@5.1.5 OK for: request@2.88.2 want: ~5.1.3
159 silly placeDep ROOT http-signature@1.2.0 OK for: request@2.88.2 want: ~1.2.0
160 silly placeDep ROOT is-typedarray@1.0.0 OK for: request@2.88.2 want: ~1.0.0
161 silly placeDep ROOT isstream@0.1.2 OK for: request@2.88.2 want: ~0.1.2
162 silly placeDep ROOT json-stringify-safe@5.0.1 OK for: request@2.88.2 want: ~5.0.1
163 silly placeDep ROOT mime-types@2.1.35 OK for: request@2.88.2 want: ~2.1.19
164 silly placeDep ROOT oauth-sign@0.9.0 OK for: request@2.88.2 want: ~0.9.0
165 silly placeDep ROOT performance-now@2.1.0 OK for: request@2.88.2 want: ^2.1.0
166 silly placeDep ROOT qs@6.5.3 OK for: request@2.88.2 want: ~6.5.2
167 silly placeDep ROOT safe-buffer@5.2.1 OK for: request@2.88.2 want: ^5.1.2
168 silly placeDep node_modules/request tough-cookie@2.5.0 OK for: request@2.88.2 want: ~2.5.0
169 silly placeDep ROOT tunnel-agent@0.6.0 OK for: request@2.88.2 want: ^0.6.0
170 silly placeDep ROOT uuid@3.4.0 OK for: request@2.88.2 want: ^3.3.2
171 silly fetch manifest delayed-stream@~1.0.0
172 silly packumentCache full:https://registry.npmjs.org/delayed-stream cache-miss
173 silly fetch manifest asynckit@^0.4.0
174 silly packumentCache full:https://registry.npmjs.org/asynckit cache-miss
175 silly fetch manifest mime-types@^2.1.12
176 silly packumentCache full:https://registry.npmjs.org/mime-types cache-miss
177 silly fetch manifest ajv@^6.12.3
178 silly packumentCache full:https://registry.npmjs.org/ajv cache-miss
179 silly fetch manifest har-schema@^2.0.0
180 silly packumentCache full:https://registry.npmjs.org/har-schema cache-miss
181 silly fetch manifest sshpk@^1.7.0
182 silly packumentCache full:https://registry.npmjs.org/sshpk cache-miss
183 silly fetch manifest jsprim@^1.2.2
184 silly packumentCache full:https://registry.npmjs.org/jsprim cache-miss
185 http cache https://registry.npmjs.org/mime-types 51ms (cache hit)
186 silly packumentCache full:https://registry.npmjs.org/mime-types set size:129792 disposed:false
187 silly fetch manifest assert-plus@^1.0.0
188 silly packumentCache full:https://registry.npmjs.org/assert-plus cache-miss
189 http fetch GET 200 https://registry.npmjs.org/har-schema 128ms (cache updated)
190 silly packumentCache full:https://registry.npmjs.org/har-schema set size:undefined disposed:false
191 silly fetch manifest mime-db@1.52.0
192 silly packumentCache full:https://registry.npmjs.org/mime-db cache-miss
193 http fetch GET 200 https://registry.npmjs.org/delayed-stream 223ms (cache updated)
194 silly packumentCache full:https://registry.npmjs.org/delayed-stream set size:undefined disposed:false
195 http fetch GET 200 https://registry.npmjs.org/jsprim 223ms (cache updated)
196 silly packumentCache full:https://registry.npmjs.org/jsprim set size:undefined disposed:false
197 http fetch GET 200 https://registry.npmjs.org/assert-plus 186ms (cache updated)
198 silly packumentCache full:https://registry.npmjs.org/assert-plus set size:undefined disposed:false
199 http fetch GET 200 https://registry.npmjs.org/asynckit 294ms (cache updated)
200 silly packumentCache full:https://registry.npmjs.org/asynckit set size:undefined disposed:false
201 http fetch GET 200 https://registry.npmjs.org/sshpk 297ms (cache updated)
202 silly packumentCache full:https://registry.npmjs.org/sshpk set size:undefined disposed:false
203 http fetch GET 200 https://registry.npmjs.org/mime-db 198ms (cache updated)
204 silly packumentCache full:https://registry.npmjs.org/mime-db set size:undefined disposed:false
205 http fetch GET 200 https://registry.npmjs.org/ajv 379ms (cache updated)
206 silly packumentCache full:https://registry.npmjs.org/ajv set size:undefined disposed:false
207 silly placeDep ROOT delayed-stream@1.0.0 OK for: combined-stream@1.0.8 want: ~1.0.0
208 silly placeDep ROOT asynckit@0.4.0 OK for: form-data@2.3.3 want: ^0.4.0
209 silly placeDep ROOT ajv@6.12.6 OK for: har-validator@5.1.5 want: ^6.12.3
210 silly placeDep ROOT har-schema@2.0.0 OK for: har-validator@5.1.5 want: ^2.0.0
211 silly fetch manifest uri-js@^4.2.2
212 silly packumentCache full:https://registry.npmjs.org/uri-js cache-miss
213 silly fetch manifest fast-deep-equal@^3.1.1
214 silly packumentCache full:https://registry.npmjs.org/fast-deep-equal cache-miss
215 silly fetch manifest json-schema-traverse@^0.4.1
216 silly packumentCache full:https://registry.npmjs.org/json-schema-traverse cache-miss
217 silly fetch manifest fast-json-stable-stringify@^2.0.0
218 silly packumentCache full:https://registry.npmjs.org/fast-json-stable-stringify cache-miss
219 http fetch GET 200 https://registry.npmjs.org/uri-js 159ms (cache updated)
220 silly packumentCache full:https://registry.npmjs.org/uri-js set size:undefined disposed:false
221 http fetch GET 200 https://registry.npmjs.org/fast-deep-equal 162ms (cache updated)
222 silly packumentCache full:https://registry.npmjs.org/fast-deep-equal set size:undefined disposed:false
223 http fetch GET 200 https://registry.npmjs.org/json-schema-traverse 164ms (cache updated)
224 silly packumentCache full:https://registry.npmjs.org/json-schema-traverse set size:undefined disposed:false
225 http fetch GET 200 https://registry.npmjs.org/fast-json-stable-stringify 166ms (cache updated)
226 silly packumentCache full:https://registry.npmjs.org/fast-json-stable-stringify set size:undefined disposed:false
227 silly placeDep ROOT fast-deep-equal@3.1.3 OK for: ajv@6.12.6 want: ^3.1.1
228 silly placeDep ROOT fast-json-stable-stringify@2.1.0 OK for: ajv@6.12.6 want: ^2.0.0
229 silly placeDep ROOT json-schema-traverse@0.4.1 OK for: ajv@6.12.6 want: ^0.4.1
230 silly placeDep ROOT uri-js@4.4.1 OK for: ajv@6.12.6 want: ^4.2.2
231 silly fetch manifest punycode@^2.1.0
232 silly packumentCache full:https://registry.npmjs.org/punycode cache-miss
233 http cache https://registry.npmjs.org/punycode 16ms (cache hit)
234 silly packumentCache full:https://registry.npmjs.org/punycode set size:61302 disposed:false
235 silly placeDep ROOT assert-plus@1.0.0 OK for: http-signature@1.2.0 want: ^1.0.0
236 silly placeDep ROOT jsprim@1.4.2 OK for: http-signature@1.2.0 want: ^1.2.2
237 silly placeDep ROOT sshpk@1.18.0 OK for: http-signature@1.2.0 want: ^1.7.0
238 silly fetch manifest verror@1.10.0
239 silly packumentCache full:https://registry.npmjs.org/verror cache-miss
240 silly fetch manifest extsprintf@1.3.0
241 silly packumentCache full:https://registry.npmjs.org/extsprintf cache-miss
242 silly fetch manifest json-schema@0.4.0
243 silly packumentCache full:https://registry.npmjs.org/json-schema cache-miss
244 silly fetch manifest asn1@~0.2.3
245 silly packumentCache full:https://registry.npmjs.org/asn1 cache-miss
246 silly fetch manifest jsbn@~0.1.0
247 silly packumentCache full:https://registry.npmjs.org/jsbn cache-miss
248 silly fetch manifest getpass@^0.1.1
249 silly packumentCache full:https://registry.npmjs.org/getpass cache-miss
250 silly fetch manifest dashdash@^1.12.0
251 silly packumentCache full:https://registry.npmjs.org/dashdash cache-miss
252 http fetch GET 200 https://registry.npmjs.org/json-schema 158ms (cache updated)
253 silly packumentCache full:https://registry.npmjs.org/json-schema set size:undefined disposed:false
254 silly fetch manifest ecc-jsbn@~0.1.1
255 silly packumentCache full:https://registry.npmjs.org/ecc-jsbn cache-miss
256 http fetch GET 200 https://registry.npmjs.org/getpass 166ms (cache updated)
257 silly packumentCache full:https://registry.npmjs.org/getpass set size:undefined disposed:false
258 silly fetch manifest tweetnacl@~0.14.0
259 silly packumentCache full:https://registry.npmjs.org/tweetnacl cache-miss
260 http fetch GET 200 https://registry.npmjs.org/asn1 175ms (cache updated)
261 silly packumentCache full:https://registry.npmjs.org/asn1 set size:undefined disposed:false
262 silly fetch manifest bcrypt-pbkdf@^1.0.0
263 silly packumentCache full:https://registry.npmjs.org/bcrypt-pbkdf cache-miss
264 http fetch GET 200 https://registry.npmjs.org/jsbn 180ms (cache updated)
265 silly packumentCache full:https://registry.npmjs.org/jsbn set size:undefined disposed:false
266 silly fetch manifest safer-buffer@^2.0.2
267 silly packumentCache full:https://registry.npmjs.org/safer-buffer cache-miss
268 http fetch GET 200 https://registry.npmjs.org/verror 193ms (cache updated)
269 silly packumentCache full:https://registry.npmjs.org/verror set size:undefined disposed:false
270 http fetch GET 200 https://registry.npmjs.org/extsprintf 196ms (cache updated)
271 silly packumentCache full:https://registry.npmjs.org/extsprintf set size:undefined disposed:false
272 http fetch GET 200 https://registry.npmjs.org/dashdash 204ms (cache updated)
273 silly packumentCache full:https://registry.npmjs.org/dashdash set size:undefined disposed:false
274 http fetch GET 200 https://registry.npmjs.org/ecc-jsbn 161ms (cache updated)
275 silly packumentCache full:https://registry.npmjs.org/ecc-jsbn set size:undefined disposed:false
276 http fetch GET 200 https://registry.npmjs.org/bcrypt-pbkdf 149ms (cache updated)
277 silly packumentCache full:https://registry.npmjs.org/bcrypt-pbkdf set size:undefined disposed:false
278 http fetch GET 200 https://registry.npmjs.org/safer-buffer 148ms (cache updated)
279 silly packumentCache full:https://registry.npmjs.org/safer-buffer set size:undefined disposed:false
280 http fetch GET 200 https://registry.npmjs.org/tweetnacl 163ms (cache updated)
281 silly packumentCache full:https://registry.npmjs.org/tweetnacl set size:undefined disposed:false
282 silly placeDep ROOT extsprintf@1.3.0 OK for: jsprim@1.4.2 want: 1.3.0
283 silly placeDep ROOT json-schema@0.4.0 OK for: jsprim@1.4.2 want: 0.4.0
284 silly placeDep ROOT verror@1.10.0 OK for: jsprim@1.4.2 want: 1.10.0
285 silly fetch manifest core-util-is@1.0.2
286 silly packumentCache full:https://registry.npmjs.org/core-util-is cache-miss
287 http fetch GET 200 https://registry.npmjs.org/core-util-is 105ms (cache updated)
288 silly packumentCache full:https://registry.npmjs.org/core-util-is set size:undefined disposed:false
289 silly placeDep ROOT mime-db@1.52.0 OK for: mime-types@2.1.35 want: 1.52.0
290 silly fetch manifest request@^2.34
291 silly packumentCache full:https://registry.npmjs.org/request cache-miss
292 http cache https://registry.npmjs.org/request 25ms (cache hit)
293 silly packumentCache full:https://registry.npmjs.org/request set size:307300 disposed:false
294 silly placeDep ROOT request-promise-core@1.1.4 OK for: request-promise-native@1.0.9 want: 1.1.4
295 silly placeDep ROOT stealthy-require@1.1.1 OK for: request-promise-native@1.0.9 want: ^1.1.1
296 silly placeDep node_modules/request-promise-native tough-cookie@2.5.0 OK for: request-promise-native@1.0.9 want: ^2.3.3
297 silly fetch manifest lodash@^4.17.19
298 silly packumentCache full:https://registry.npmjs.org/lodash cache-miss
299 http fetch GET 200 https://registry.npmjs.org/lodash 142ms (cache updated)
300 silly packumentCache full:https://registry.npmjs.org/lodash set size:undefined disposed:false
301 silly placeDep ROOT lodash@4.17.21 OK for: request-promise-core@1.1.4 want: ^4.17.19
302 silly placeDep ROOT asn1@0.2.6 OK for: sshpk@1.18.0 want: ~0.2.3
303 silly placeDep ROOT bcrypt-pbkdf@1.0.2 OK for: sshpk@1.18.0 want: ^1.0.0
304 silly placeDep ROOT dashdash@1.14.1 OK for: sshpk@1.18.0 want: ^1.12.0
305 silly placeDep ROOT ecc-jsbn@0.1.2 OK for: sshpk@1.18.0 want: ~0.1.1
306 silly placeDep ROOT getpass@0.1.7 OK for: sshpk@1.18.0 want: ^0.1.1
307 silly placeDep ROOT jsbn@0.1.1 OK for: sshpk@1.18.0 want: ~0.1.0
308 silly placeDep ROOT safer-buffer@2.1.2 OK for: sshpk@1.18.0 want: ^2.0.2
309 silly placeDep ROOT tweetnacl@0.14.5 OK for: sshpk@1.18.0 want: ~0.14.0
310 silly fetch manifest safer-buffer@~2.1.0
311 silly packumentCache full:https://registry.npmjs.org/safer-buffer cache-miss
312 silly fetch manifest tweetnacl@^0.14.3
313 silly packumentCache full:https://registry.npmjs.org/tweetnacl cache-miss
314 silly fetch manifest safer-buffer@^2.1.0
315 silly packumentCache full:https://registry.npmjs.org/safer-buffer cache-miss
316 http cache https://registry.npmjs.org/safer-buffer 18ms (cache hit)
317 silly packumentCache full:https://registry.npmjs.org/safer-buffer set size:18521 disposed:false
318 http cache https://registry.npmjs.org/safer-buffer 19ms (cache hit)
319 silly packumentCache full:https://registry.npmjs.org/safer-buffer set size:18521 disposed:false
320 silly packumentCache full:https://registry.npmjs.org/safer-buffer dispose
321 http cache https://registry.npmjs.org/tweetnacl 24ms (cache hit)
322 silly packumentCache full:https://registry.npmjs.org/tweetnacl set size:79790 disposed:false
323 silly placeDep ROOT ip-regex@2.1.0 OK for: tough-cookie@3.0.1 want: ^2.1.0
324 silly placeDep ROOT psl@1.15.0 OK for: tough-cookie@3.0.1 want: ^1.1.28
325 silly placeDep ROOT punycode@2.3.1 OK for: tough-cookie@3.0.1 want: ^2.1.1
326 silly fetch manifest punycode@^2.3.1
327 silly packumentCache full:https://registry.npmjs.org/punycode cache-hit
328 silly placeDep ROOT randoma@1.3.0 OK for: useragent-from-seed@1.0.1 want: ^1.2.0
329 silly fetch manifest @sindresorhus/string-hash@^1.2.0
330 silly packumentCache full:https://registry.npmjs.org/@sindresorhus%2fstring-hash cache-miss
331 silly fetch manifest @types/color@^3.0.0
332 silly packumentCache full:https://registry.npmjs.org/@types%2fcolor cache-miss
333 silly fetch manifest color@^3.1.1
334 silly packumentCache full:https://registry.npmjs.org/color cache-miss
335 silly fetch manifest park-miller@^1.1.0
336 silly packumentCache full:https://registry.npmjs.org/park-miller cache-miss
337 http fetch GET 200 https://registry.npmjs.org/color 140ms (cache miss)
338 silly packumentCache full:https://registry.npmjs.org/color set size:undefined disposed:false
339 http fetch GET 200 https://registry.npmjs.org/@types%2fcolor 172ms (cache miss)
340 silly packumentCache full:https://registry.npmjs.org/@types%2fcolor set size:undefined disposed:false
341 http fetch GET 200 https://registry.npmjs.org/park-miller 785ms (cache miss)
342 silly packumentCache full:https://registry.npmjs.org/park-miller set size:undefined disposed:false
343 http fetch GET 200 https://registry.npmjs.org/@sindresorhus%2fstring-hash 1766ms (cache miss)
344 silly packumentCache full:https://registry.npmjs.org/@sindresorhus%2fstring-hash set size:undefined disposed:false
345 silly placeDep ROOT @sindresorhus/string-hash@1.2.0 OK for: randoma@1.3.0 want: ^1.2.0
346 silly placeDep ROOT @types/color@3.0.6 OK for: randoma@1.3.0 want: ^3.0.0
347 silly placeDep ROOT color@3.2.1 OK for: randoma@1.3.0 want: ^3.1.1
348 silly placeDep ROOT park-miller@1.1.0 OK for: randoma@1.3.0 want: ^1.1.0
349 silly fetch manifest @sindresorhus/fnv1a@^1.2.0
350 silly packumentCache full:https://registry.npmjs.org/@sindresorhus%2ffnv1a cache-miss
351 silly fetch manifest @types/color-convert@*
352 silly packumentCache full:https://registry.npmjs.org/@types%2fcolor-convert cache-miss
353 silly fetch manifest color-string@^1.6.0
354 silly packumentCache full:https://registry.npmjs.org/color-string cache-miss
355 silly fetch manifest color-convert@^1.9.3
356 silly packumentCache full:https://registry.npmjs.org/color-convert cache-miss
357 http fetch GET 200 https://registry.npmjs.org/color-convert 130ms (cache miss)
358 silly packumentCache full:https://registry.npmjs.org/color-convert set size:undefined disposed:false
359 http fetch GET 200 https://registry.npmjs.org/color-string 148ms (cache miss)
360 silly packumentCache full:https://registry.npmjs.org/color-string set size:undefined disposed:false
361 http fetch GET 200 https://registry.npmjs.org/@types%2fcolor-convert 1434ms (cache miss)
362 silly packumentCache full:https://registry.npmjs.org/@types%2fcolor-convert set size:undefined disposed:false
363 http fetch GET 200 https://registry.npmjs.org/@sindresorhus%2ffnv1a 1796ms (cache miss)
364 silly packumentCache full:https://registry.npmjs.org/@sindresorhus%2ffnv1a set size:undefined disposed:false
365 silly placeDep ROOT @sindresorhus/fnv1a@1.2.0 OK for: @sindresorhus/string-hash@1.2.0 want: ^1.2.0
366 silly placeDep ROOT @types/color-convert@2.0.4 OK for: @types/color@3.0.6 want: *
367 silly fetch manifest @types/color-name@^1.1.0
368 silly packumentCache full:https://registry.npmjs.org/@types%2fcolor-name cache-miss
369 http fetch GET 200 https://registry.npmjs.org/@types%2fcolor-name 171ms (cache miss)
370 silly packumentCache full:https://registry.npmjs.org/@types%2fcolor-name set size:undefined disposed:false
371 silly placeDep ROOT @types/color-name@1.1.5 OK for: @types/color-convert@2.0.4 want: ^1.1.0
372 silly placeDep ROOT color-convert@1.9.3 OK for: color@3.2.1 want: ^1.9.3
373 silly placeDep ROOT color-string@1.9.1 OK for: color@3.2.1 want: ^1.6.0
374 silly fetch manifest color-name@1.1.3
375 silly packumentCache full:https://registry.npmjs.org/color-name cache-miss
376 silly fetch manifest color-name@^1.0.0
377 silly packumentCache full:https://registry.npmjs.org/color-name cache-miss
378 silly fetch manifest simple-swizzle@^0.2.2
379 silly packumentCache full:https://registry.npmjs.org/simple-swizzle cache-miss
380 http fetch GET 200 https://registry.npmjs.org/color-name 98ms (cache miss)
381 silly packumentCache full:https://registry.npmjs.org/color-name set size:undefined disposed:false
382 http fetch GET 200 https://registry.npmjs.org/color-name 116ms (cache miss)
383 silly packumentCache full:https://registry.npmjs.org/color-name set size:undefined disposed:false
384 http fetch GET 200 https://registry.npmjs.org/simple-swizzle 118ms (cache miss)
385 silly packumentCache full:https://registry.npmjs.org/simple-swizzle set size:undefined disposed:false
386 silly placeDep ROOT color-name@1.1.3 OK for: color-convert@1.9.3 want: 1.1.3
387 silly placeDep ROOT simple-swizzle@0.2.2 OK for: color-string@1.9.1 want: ^0.2.2
388 silly fetch manifest is-arrayish@^0.3.1
389 silly packumentCache full:https://registry.npmjs.org/is-arrayish cache-miss
390 http fetch GET 200 https://registry.npmjs.org/is-arrayish 102ms (cache miss)
391 silly packumentCache full:https://registry.npmjs.org/is-arrayish set size:undefined disposed:false
392 silly placeDep ROOT is-arrayish@0.3.2 OK for: simple-swizzle@0.2.2 want: ^0.3.1
393 silly placeDep ROOT core-util-is@1.0.2 OK for: verror@1.10.0 want: 1.0.2
394 silly reify moves {}
395 silly audit bulk request {
395 silly audit   'instagram-web-api': [ '2.2.2' ],
395 silly audit   'is-url': [ '1.2.4' ],
395 silly audit   request: [ '2.88.2' ],
395 silly audit   'request-promise-native': [ '1.0.9' ],
395 silly audit   'tough-cookie': [ '3.0.1', '2.5.0' ],
395 silly audit   'useragent-from-seed': [ '1.0.1' ],
395 silly audit   'aws-sign2': [ '0.7.0' ],
395 silly audit   aws4: [ '1.13.2' ],
395 silly audit   caseless: [ '0.12.0' ],
395 silly audit   'combined-stream': [ '1.0.8' ],
395 silly audit   extend: [ '3.0.2' ],
395 silly audit   'forever-agent': [ '0.6.1' ],
395 silly audit   'form-data': [ '2.3.3' ],
395 silly audit   'har-validator': [ '5.1.5' ],
395 silly audit   'http-signature': [ '1.2.0' ],
395 silly audit   'is-typedarray': [ '1.0.0' ],
395 silly audit   isstream: [ '0.1.2' ],
395 silly audit   'json-stringify-safe': [ '5.0.1' ],
395 silly audit   'mime-types': [ '2.1.35' ],
395 silly audit   'oauth-sign': [ '0.9.0' ],
395 silly audit   'performance-now': [ '2.1.0' ],
395 silly audit   qs: [ '6.5.3' ],
395 silly audit   'safe-buffer': [ '5.2.1' ],
395 silly audit   'tunnel-agent': [ '0.6.0' ],
395 silly audit   uuid: [ '3.4.0' ],
395 silly audit   'delayed-stream': [ '1.0.0' ],
395 silly audit   asynckit: [ '0.4.0' ],
395 silly audit   ajv: [ '6.12.6' ],
395 silly audit   'har-schema': [ '2.0.0' ],
395 silly audit   'fast-deep-equal': [ '3.1.3' ],
395 silly audit   'fast-json-stable-stringify': [ '2.1.0' ],
395 silly audit   'json-schema-traverse': [ '0.4.1' ],
395 silly audit   'uri-js': [ '4.4.1' ],
395 silly audit   'assert-plus': [ '1.0.0' ],
395 silly audit   jsprim: [ '1.4.2' ],
395 silly audit   sshpk: [ '1.18.0' ],
395 silly audit   extsprintf: [ '1.3.0' ],
395 silly audit   'json-schema': [ '0.4.0' ],
395 silly audit   verror: [ '1.10.0' ],
395 silly audit   'mime-db': [ '1.52.0' ],
395 silly audit   'request-promise-core': [ '1.1.4' ],
395 silly audit   'stealthy-require': [ '1.1.1' ],
395 silly audit   lodash: [ '4.17.21' ],
395 silly audit   asn1: [ '0.2.6' ],
395 silly audit   'bcrypt-pbkdf': [ '1.0.2' ],
395 silly audit   dashdash: [ '1.14.1' ],
395 silly audit   'ecc-jsbn': [ '0.1.2' ],
395 silly audit   getpass: [ '0.1.7' ],
395 silly audit   jsbn: [ '0.1.1' ],
395 silly audit   'safer-buffer': [ '2.1.2' ],
395 silly audit   tweetnacl: [ '0.14.5' ],
395 silly audit   'ip-regex': [ '2.1.0' ],
395 silly audit   psl: [ '1.15.0' ],
395 silly audit   punycode: [ '2.3.1' ],
395 silly audit   randoma: [ '1.3.0' ],
395 silly audit   '@sindresorhus/string-hash': [ '1.2.0' ],
395 silly audit   '@types/color': [ '3.0.6' ],
395 silly audit   color: [ '3.2.1' ],
395 silly audit   'park-miller': [ '1.1.0' ],
395 silly audit   '@sindresorhus/fnv1a': [ '1.2.0' ],
395 silly audit   '@types/color-convert': [ '2.0.4' ],
395 silly audit   '@types/color-name': [ '1.1.5' ],
395 silly audit   'color-convert': [ '1.9.3' ],
395 silly audit   'color-string': [ '1.9.1' ],
395 silly audit   'color-name': [ '1.1.3' ],
395 silly audit   'simple-swizzle': [ '0.2.2' ],
395 silly audit   'is-arrayish': [ '0.3.2' ],
395 silly audit   'core-util-is': [ '1.0.2' ]
395 silly audit }
396 http cache core-util-is@https://registry.npmjs.org/core-util-is/-/core-util-is-1.0.2.tgz 0ms (cache hit)
397 http cache is-arrayish@https://registry.npmjs.org/is-arrayish/-/is-arrayish-0.3.2.tgz 0ms (cache hit)
398 http cache simple-swizzle@https://registry.npmjs.org/simple-swizzle/-/simple-swizzle-0.2.2.tgz 0ms (cache hit)
399 http cache color-name@https://registry.npmjs.org/color-name/-/color-name-1.1.3.tgz 0ms (cache hit)
400 http cache color-string@https://registry.npmjs.org/color-string/-/color-string-1.9.1.tgz 0ms (cache hit)
401 http cache color-convert@https://registry.npmjs.org/color-convert/-/color-convert-1.9.3.tgz 0ms (cache hit)
402 http cache @types/color-name@https://registry.npmjs.org/@types/color-name/-/color-name-1.1.5.tgz 0ms (cache hit)
403 http cache @types/color-convert@https://registry.npmjs.org/@types/color-convert/-/color-convert-2.0.4.tgz 0ms (cache hit)
404 http cache @sindresorhus/fnv1a@https://registry.npmjs.org/@sindresorhus/fnv1a/-/fnv1a-1.2.0.tgz 1ms (cache hit)
405 http cache park-miller@https://registry.npmjs.org/park-miller/-/park-miller-1.1.0.tgz 0ms (cache hit)
406 http cache color@https://registry.npmjs.org/color/-/color-3.2.1.tgz 0ms (cache hit)
407 http cache @types/color@https://registry.npmjs.org/@types/color/-/color-3.0.6.tgz 0ms (cache hit)
408 http cache randoma@https://registry.npmjs.org/randoma/-/randoma-1.3.0.tgz 0ms (cache hit)
409 http cache @sindresorhus/string-hash@https://registry.npmjs.org/@sindresorhus/string-hash/-/string-hash-1.2.0.tgz 0ms (cache hit)
410 http cache punycode@https://registry.npmjs.org/punycode/-/punycode-2.3.1.tgz 0ms (cache hit)
411 http cache psl@https://registry.npmjs.org/psl/-/psl-1.15.0.tgz 0ms (cache hit)
412 http cache ip-regex@https://registry.npmjs.org/ip-regex/-/ip-regex-2.1.0.tgz 0ms (cache hit)
413 http cache tweetnacl@https://registry.npmjs.org/tweetnacl/-/tweetnacl-0.14.5.tgz 0ms (cache hit)
414 http cache safer-buffer@https://registry.npmjs.org/safer-buffer/-/safer-buffer-2.1.2.tgz 0ms (cache hit)
415 http cache jsbn@https://registry.npmjs.org/jsbn/-/jsbn-0.1.1.tgz 0ms (cache hit)
416 http cache getpass@https://registry.npmjs.org/getpass/-/getpass-0.1.7.tgz 0ms (cache hit)
417 http cache ecc-jsbn@https://registry.npmjs.org/ecc-jsbn/-/ecc-jsbn-0.1.2.tgz 0ms (cache hit)
418 http cache dashdash@https://registry.npmjs.org/dashdash/-/dashdash-1.14.1.tgz 0ms (cache hit)
419 http cache bcrypt-pbkdf@https://registry.npmjs.org/bcrypt-pbkdf/-/bcrypt-pbkdf-1.0.2.tgz 0ms (cache hit)
420 http cache asn1@https://registry.npmjs.org/asn1/-/asn1-0.2.6.tgz 0ms (cache hit)
421 http cache stealthy-require@https://registry.npmjs.org/stealthy-require/-/stealthy-require-1.1.1.tgz 0ms (cache hit)
422 http cache lodash@https://registry.npmjs.org/lodash/-/lodash-4.17.21.tgz 0ms (cache hit)
423 http cache request-promise-core@https://registry.npmjs.org/request-promise-core/-/request-promise-core-1.1.4.tgz 0ms (cache hit)
424 http cache json-schema@https://registry.npmjs.org/json-schema/-/json-schema-0.4.0.tgz 0ms (cache hit)
425 http cache verror@https://registry.npmjs.org/verror/-/verror-1.10.0.tgz 0ms (cache hit)
426 http cache extsprintf@https://registry.npmjs.org/extsprintf/-/extsprintf-1.3.0.tgz 0ms (cache hit)
427 http cache mime-db@https://registry.npmjs.org/mime-db/-/mime-db-1.52.0.tgz 0ms (cache hit)
428 http cache sshpk@https://registry.npmjs.org/sshpk/-/sshpk-1.18.0.tgz 0ms (cache hit)
429 http cache jsprim@https://registry.npmjs.org/jsprim/-/jsprim-1.4.2.tgz 0ms (cache hit)
430 http cache uri-js@https://registry.npmjs.org/uri-js/-/uri-js-4.4.1.tgz 0ms (cache hit)
431 http cache assert-plus@https://registry.npmjs.org/assert-plus/-/assert-plus-1.0.0.tgz 0ms (cache hit)
432 http cache json-schema-traverse@https://registry.npmjs.org/json-schema-traverse/-/json-schema-traverse-0.4.1.tgz 0ms (cache hit)
433 http cache fast-json-stable-stringify@https://registry.npmjs.org/fast-json-stable-stringify/-/fast-json-stable-stringify-2.1.0.tgz 0ms (cache hit)
434 http cache har-schema@https://registry.npmjs.org/har-schema/-/har-schema-2.0.0.tgz 1ms (cache hit)
435 http cache asynckit@https://registry.npmjs.org/asynckit/-/asynckit-0.4.0.tgz 0ms (cache hit)
436 http cache ajv@https://registry.npmjs.org/ajv/-/ajv-6.12.6.tgz 1ms (cache hit)
437 http cache delayed-stream@https://registry.npmjs.org/delayed-stream/-/delayed-stream-1.0.0.tgz 0ms (cache hit)
438 http cache safe-buffer@https://registry.npmjs.org/safe-buffer/-/safe-buffer-5.2.1.tgz 0ms (cache hit)
439 http cache qs@https://registry.npmjs.org/qs/-/qs-6.5.3.tgz 0ms (cache hit)
440 http cache performance-now@https://registry.npmjs.org/performance-now/-/performance-now-2.1.0.tgz 0ms (cache hit)
441 http cache oauth-sign@https://registry.npmjs.org/oauth-sign/-/oauth-sign-0.9.0.tgz 0ms (cache hit)
442 http cache mime-types@https://registry.npmjs.org/mime-types/-/mime-types-2.1.35.tgz 0ms (cache hit)
443 http cache json-stringify-safe@https://registry.npmjs.org/json-stringify-safe/-/json-stringify-safe-5.0.1.tgz 0ms (cache hit)
444 http cache isstream@https://registry.npmjs.org/isstream/-/isstream-0.1.2.tgz 0ms (cache hit)
445 http cache is-typedarray@https://registry.npmjs.org/is-typedarray/-/is-typedarray-1.0.0.tgz 0ms (cache hit)
446 http cache http-signature@https://registry.npmjs.org/http-signature/-/http-signature-1.2.0.tgz 0ms (cache hit)
447 http cache har-validator@https://registry.npmjs.org/har-validator/-/har-validator-5.1.5.tgz 0ms (cache hit)
448 http cache uuid@https://registry.npmjs.org/uuid/-/uuid-3.4.0.tgz 0ms (cache hit)
449 http cache forever-agent@https://registry.npmjs.org/forever-agent/-/forever-agent-0.6.1.tgz 0ms (cache hit)
450 http cache form-data@https://registry.npmjs.org/form-data/-/form-data-2.3.3.tgz 0ms (cache hit)
451 http cache fast-deep-equal@https://registry.npmjs.org/fast-deep-equal/-/fast-deep-equal-3.1.3.tgz 0ms (cache hit)
452 http cache combined-stream@https://registry.npmjs.org/combined-stream/-/combined-stream-1.0.8.tgz 0ms (cache hit)
453 http cache extend@https://registry.npmjs.org/extend/-/extend-3.0.2.tgz 0ms (cache hit)
454 http cache tunnel-agent@https://registry.npmjs.org/tunnel-agent/-/tunnel-agent-0.6.0.tgz 0ms (cache hit)
455 http cache caseless@https://registry.npmjs.org/caseless/-/caseless-0.12.0.tgz 0ms (cache hit)
456 http cache aws4@https://registry.npmjs.org/aws4/-/aws4-1.13.2.tgz 0ms (cache hit)
457 http cache aws-sign2@https://registry.npmjs.org/aws-sign2/-/aws-sign2-0.7.0.tgz 0ms (cache hit)
458 http cache useragent-from-seed@https://registry.npmjs.org/useragent-from-seed/-/useragent-from-seed-1.0.1.tgz 0ms (cache hit)
459 http cache tough-cookie@https://registry.npmjs.org/tough-cookie/-/tough-cookie-3.0.1.tgz 1ms (cache hit)
460 http cache request-promise-native@https://registry.npmjs.org/request-promise-native/-/request-promise-native-1.0.9.tgz 0ms (cache hit)
461 http cache request@https://registry.npmjs.org/request/-/request-2.88.2.tgz 1ms (cache hit)
462 http cache is-url@https://registry.npmjs.org/is-url/-/is-url-1.2.4.tgz 0ms (cache hit)
463 http cache instagram-web-api@https://registry.npmjs.org/instagram-web-api/-/instagram-web-api-2.2.2.tgz 0ms (cache hit)
464 http cache tough-cookie@https://registry.npmjs.org/tough-cookie/-/tough-cookie-2.5.0.tgz 0ms (cache hit)
465 http cache tough-cookie@https://registry.npmjs.org/tough-cookie/-/tough-cookie-2.5.0.tgz 1ms (cache hit)
466 silly tarball no local data for is-arrayish@https://registry.npmjs.org/is-arrayish/-/is-arrayish-0.3.2.tgz. Extracting by manifest.
467 silly tarball no local data for simple-swizzle@https://registry.npmjs.org/simple-swizzle/-/simple-swizzle-0.2.2.tgz. Extracting by manifest.
468 silly tarball no local data for color-name@https://registry.npmjs.org/color-name/-/color-name-1.1.3.tgz. Extracting by manifest.
469 silly tarball no local data for color-string@https://registry.npmjs.org/color-string/-/color-string-1.9.1.tgz. Extracting by manifest.
470 silly tarball no local data for color-convert@https://registry.npmjs.org/color-convert/-/color-convert-1.9.3.tgz. Extracting by manifest.
471 silly tarball no local data for @types/color-name@https://registry.npmjs.org/@types/color-name/-/color-name-1.1.5.tgz. Extracting by manifest.
472 silly tarball no local data for @types/color-convert@https://registry.npmjs.org/@types/color-convert/-/color-convert-2.0.4.tgz. Extracting by manifest.
473 silly tarball no local data for @sindresorhus/fnv1a@https://registry.npmjs.org/@sindresorhus/fnv1a/-/fnv1a-1.2.0.tgz. Extracting by manifest.
474 silly tarball no local data for park-miller@https://registry.npmjs.org/park-miller/-/park-miller-1.1.0.tgz. Extracting by manifest.
475 silly tarball no local data for color@https://registry.npmjs.org/color/-/color-3.2.1.tgz. Extracting by manifest.
476 silly tarball no local data for @types/color@https://registry.npmjs.org/@types/color/-/color-3.0.6.tgz. Extracting by manifest.
477 silly tarball no local data for randoma@https://registry.npmjs.org/randoma/-/randoma-1.3.0.tgz. Extracting by manifest.
478 silly tarball no local data for @sindresorhus/string-hash@https://registry.npmjs.org/@sindresorhus/string-hash/-/string-hash-1.2.0.tgz. Extracting by manifest.
479 silly tarball no local data for ip-regex@https://registry.npmjs.org/ip-regex/-/ip-regex-2.1.0.tgz. Extracting by manifest.
480 silly tarball no local data for request-promise-core@https://registry.npmjs.org/request-promise-core/-/request-promise-core-1.1.4.tgz. Extracting by manifest.
481 silly tarball no local data for useragent-from-seed@https://registry.npmjs.org/useragent-from-seed/-/useragent-from-seed-1.0.1.tgz. Extracting by manifest.
482 silly tarball no local data for tough-cookie@https://registry.npmjs.org/tough-cookie/-/tough-cookie-3.0.1.tgz. Extracting by manifest.
483 silly tarball no local data for request-promise-native@https://registry.npmjs.org/request-promise-native/-/request-promise-native-1.0.9.tgz. Extracting by manifest.
484 silly tarball no local data for is-url@https://registry.npmjs.org/is-url/-/is-url-1.2.4.tgz. Extracting by manifest.
485 silly tarball no local data for instagram-web-api@https://registry.npmjs.org/instagram-web-api/-/instagram-web-api-2.2.2.tgz. Extracting by manifest.
486 http fetch POST 200 https://registry.npmjs.org/-/npm/v1/security/advisories/bulk 739ms
487 silly audit report {
487 silly audit report   request: [
487 silly audit report     {
487 silly audit report       id: 1096727,
487 silly audit report       url: 'https://github.com/advisories/GHSA-p8p7-x288-28g6',
487 silly audit report       title: 'Server-Side Request Forgery in Request',
487 silly audit report       severity: 'moderate',
487 silly audit report       vulnerable_versions: '<=2.88.2',
487 silly audit report       cwe: [Array],
487 silly audit report       cvss: [Object]
487 silly audit report     }
487 silly audit report   ],
487 silly audit report   'tough-cookie': [
487 silly audit report     {
487 silly audit report       id: 1097682,
487 silly audit report       url: 'https://github.com/advisories/GHSA-72xf-g2v4-qvf3',
487 silly audit report       title: 'tough-cookie Prototype Pollution vulnerability',
487 silly audit report       severity: 'moderate',
487 silly audit report       vulnerable_versions: '<4.1.3',
487 silly audit report       cwe: [Array],
487 silly audit report       cvss: [Object]
487 silly audit report     }
487 silly audit report   ]
487 silly audit report }
488 silly packumentCache corgi:https://registry.npmjs.org/request cache-miss
489 silly packumentCache corgi:https://registry.npmjs.org/tough-cookie cache-miss
490 warn deprecated har-validator@5.1.5: this library is no longer supported
491 http fetch GET 200 https://registry.npmjs.org/simple-swizzle/-/simple-swizzle-0.2.2.tgz 1042ms (cache miss)
492 http fetch GET 200 https://registry.npmjs.org/color-name/-/color-name-1.1.3.tgz 1041ms (cache miss)
493 http fetch GET 200 https://registry.npmjs.org/color-string/-/color-string-1.9.1.tgz 1041ms (cache miss)
494 http fetch GET 200 https://registry.npmjs.org/color-convert/-/color-convert-1.9.3.tgz 1041ms (cache miss)
495 http fetch GET 200 https://registry.npmjs.org/is-arrayish/-/is-arrayish-0.3.2.tgz 1079ms (cache miss)
496 http fetch GET 200 https://registry.npmjs.org/request-promise-core/-/request-promise-core-1.1.4.tgz 1070ms (cache miss)
497 http fetch GET 200 https://registry.npmjs.org/useragent-from-seed/-/useragent-from-seed-1.0.1.tgz 1070ms (cache miss)
498 http fetch GET 200 https://registry.npmjs.org/instagram-web-api/-/instagram-web-api-2.2.2.tgz 1066ms (cache miss)
499 http fetch GET 200 https://registry.npmjs.org/is-url/-/is-url-1.2.4.tgz 1085ms (cache miss)
500 http fetch GET 200 https://registry.npmjs.org/request-promise-native/-/request-promise-native-1.0.9.tgz 1098ms (cache miss)
501 warn deprecated request-promise-native@1.0.9: request-promise-native has been deprecated because it extends the now deprecated request package, see https://github.com/request/request/issues/3142
502 http fetch GET 200 https://registry.npmjs.org/park-miller/-/park-miller-1.1.0.tgz 1136ms (cache miss)
503 http fetch GET 200 https://registry.npmjs.org/@types/color-name/-/color-name-1.1.5.tgz 1142ms (cache miss)
504 http fetch GET 200 https://registry.npmjs.org/tough-cookie/-/tough-cookie-3.0.1.tgz 1121ms (cache miss)
505 http fetch GET 200 https://registry.npmjs.org/randoma/-/randoma-1.3.0.tgz 1166ms (cache miss)
506 http fetch GET 200 https://registry.npmjs.org/@types/color-convert/-/color-convert-2.0.4.tgz 1182ms (cache miss)
507 http fetch GET 200 https://registry.npmjs.org/color/-/color-3.2.1.tgz 1178ms (cache miss)
508 http fetch GET 200 https://registry.npmjs.org/ip-regex/-/ip-regex-2.1.0.tgz 1171ms (cache miss)
509 warn deprecated uuid@3.4.0: Please upgrade  to version 7 or higher.  Older versions may use Math.random() in certain circumstances, which is known to be problematic.  See https://v8.dev/blog/math-random for details.
510 warn deprecated request@2.88.2: request has been deprecated, see https://github.com/request/request/issues/3142
511 http fetch GET 200 https://registry.npmjs.org/tough-cookie 666ms (cache updated)
512 silly packumentCache corgi:https://registry.npmjs.org/tough-cookie set size:undefined disposed:false
513 http fetch GET 200 https://registry.npmjs.org/request 680ms (cache updated)
514 silly packumentCache corgi:https://registry.npmjs.org/request set size:undefined disposed:false
515 silly packumentCache corgi:https://registry.npmjs.org/instagram-web-api cache-miss
516 silly packumentCache corgi:https://registry.npmjs.org/request-promise-native cache-miss
517 silly packumentCache corgi:https://registry.npmjs.org/request-promise-core cache-miss
518 http fetch GET 200 https://registry.npmjs.org/request-promise-native 124ms (cache miss)
519 silly packumentCache corgi:https://registry.npmjs.org/request-promise-native set size:undefined disposed:false
520 http fetch GET 200 https://registry.npmjs.org/request-promise-core 167ms (cache updated)
521 silly packumentCache corgi:https://registry.npmjs.org/request-promise-core set size:undefined disposed:false
522 http fetch GET 200 https://registry.npmjs.org/@sindresorhus/fnv1a/-/fnv1a-1.2.0.tgz 1486ms (cache miss)
523 http fetch GET 200 https://registry.npmjs.org/@types/color/-/color-3.0.6.tgz 1537ms (cache miss)
524 http fetch GET 200 https://registry.npmjs.org/@sindresorhus/string-hash/-/string-hash-1.2.0.tgz 1552ms (cache miss)
525 http fetch GET 200 https://registry.npmjs.org/instagram-web-api 840ms (cache miss)
526 silly packumentCache corgi:https://registry.npmjs.org/instagram-web-api set size:undefined disposed:false
527 silly ADD node_modules/core-util-is
528 silly ADD node_modules/is-arrayish
529 silly ADD node_modules/simple-swizzle
530 silly ADD node_modules/color-name
531 silly ADD node_modules/color-string
532 silly ADD node_modules/color-convert
533 silly ADD node_modules/@types/color-name
534 silly ADD node_modules/@types/color-convert
535 silly ADD node_modules/@sindresorhus/fnv1a
536 silly ADD node_modules/park-miller
537 silly ADD node_modules/color
538 silly ADD node_modules/@types/color
539 silly ADD node_modules/@sindresorhus/string-hash
540 silly ADD node_modules/randoma
541 silly ADD node_modules/punycode
542 silly ADD node_modules/psl
543 silly ADD node_modules/ip-regex
544 silly ADD node_modules/tweetnacl
545 silly ADD node_modules/safer-buffer
546 silly ADD node_modules/jsbn
547 silly ADD node_modules/getpass
548 silly ADD node_modules/ecc-jsbn
549 silly ADD node_modules/dashdash
550 silly ADD node_modules/bcrypt-pbkdf
551 silly ADD node_modules/asn1
552 silly ADD node_modules/lodash
553 silly ADD node_modules/stealthy-require
554 silly ADD node_modules/request-promise-core
555 silly ADD node_modules/mime-db
556 silly ADD node_modules/verror
557 silly ADD node_modules/json-schema
558 silly ADD node_modules/extsprintf
559 silly ADD node_modules/sshpk
560 silly ADD node_modules/jsprim
561 silly ADD node_modules/assert-plus
562 silly ADD node_modules/uri-js
563 silly ADD node_modules/json-schema-traverse
564 silly ADD node_modules/fast-json-stable-stringify
565 silly ADD node_modules/fast-deep-equal
566 silly ADD node_modules/har-schema
567 silly ADD node_modules/ajv
568 silly ADD node_modules/asynckit
569 silly ADD node_modules/delayed-stream
570 silly ADD node_modules/uuid
571 silly ADD node_modules/tunnel-agent
572 silly ADD node_modules/safe-buffer
573 silly ADD node_modules/qs
574 silly ADD node_modules/performance-now
575 silly ADD node_modules/oauth-sign
576 silly ADD node_modules/mime-types
577 silly ADD node_modules/json-stringify-safe
578 silly ADD node_modules/isstream
579 silly ADD node_modules/is-typedarray
580 silly ADD node_modules/http-signature
581 silly ADD node_modules/har-validator
582 silly ADD node_modules/form-data
583 silly ADD node_modules/forever-agent
584 silly ADD node_modules/extend
585 silly ADD node_modules/combined-stream
586 silly ADD node_modules/caseless
587 silly ADD node_modules/aws4
588 silly ADD node_modules/aws-sign2
589 silly ADD node_modules/useragent-from-seed
590 silly ADD node_modules/tough-cookie
591 silly ADD node_modules/request-promise-native
592 silly ADD node_modules/request-promise-native/node_modules/tough-cookie
593 silly ADD node_modules/request
594 silly ADD node_modules/request/node_modules/tough-cookie
595 silly ADD node_modules/is-url
596 silly ADD node_modules/instagram-web-api
597 verbose cwd /data/data/com.termux/files/home/botig
598 verbose os Linux 5.10.218-android12-9-00025-g7e8d2909ab18-ab12292143
599 verbose node v23.6.1
600 verbose npm  v10.9.2
601 verbose exit 0
602 info ok
